initialized feature collector: 581 forbidden structures, 16462 files with features
reading pickle files with features
data/raw/SITHOT.pkl is in forbidden list and will not be considered for X, y, names
data/raw/QEJLOJ.pkl is in forbidden list and will not be considered for X, y, names
data/raw/MAGDAB.pkl is in forbidden list and will not be considered for X, y, names
data/raw/NISXAR.pkl is in forbidden list and will not be considered for X, y, names
data/raw/IVAQAY.pkl is in forbidden list and will not be considered for X, y, names
data/raw/VEKSUA.pkl is in forbidden list and will not be considered for X, y, names
data/raw/VAKBUG.pkl is in forbidden list and will not be considered for X, y, names
data/raw/DENQEV.pkl is in forbidden list and will not be considered for X, y, names
data/raw/FORWUF02.pkl is in forbidden list and will not be considered for X, y, names
data/raw/MIKJEW.pkl is in forbidden list and will not be considered for X, y, names
data/raw/TINDEA.pkl is in forbidden list and will not be considered for X, y, names
data/raw/QUBZIX.pkl is in forbidden list and will not be considered for X, y, names
data/raw/FORWUF01.pkl is in forbidden list and will not be considered for X, y, names
data/raw/TIPNIQ.pkl is in forbidden list and will not be considered for X, y, names
data/raw/YAJRUY.pkl is in forbidden list and will not be considered for X, y, names
data/raw/COKNOH01.pkl is in forbidden list and will not be considered for X, y, names
data/raw/PEFWEF.pkl is in forbidden list and will not be considered for X, y, names
data/raw/CUXBIH.pkl is in forbidden list and will not be considered for X, y, names
data/raw/OLIHOH.pkl is in forbidden list and will not be considered for X, y, names
data/raw/VELPIO.pkl is in forbidden list and will not be considered for X, y, names
data/raw/PEVBUP.pkl is in forbidden list and will not be considered for X, y, names
data/raw/KEYWOC.pkl is in forbidden list and will not be considered for X, y, names
data/raw/DEWCIU.pkl is in forbidden list and will not be considered for X, y, names
data/raw/WEGFEW.pkl is in forbidden list and will not be considered for X, y, names
data/raw/LETDUK.pkl is in forbidden list and will not be considered for X, y, names
data/raw/NUDLUU.pkl is in forbidden list and will not be considered for X, y, names
data/raw/DUFNOI.pkl is in forbidden list and will not be considered for X, y, names
data/raw/FUFKAT02.pkl is in forbidden list and will not be considered for X, y, names
data/raw/NUVHOC.pkl is in forbidden list and will not be considered for X, y, names
data/raw/WEKWIT.pkl is in forbidden list and will not be considered for X, y, names
data/raw/XADRAX.pkl is in forbidden list and will not be considered for X, y, names
data/raw/EBAMOL.pkl is in forbidden list and will not be considered for X, y, names
data/raw/MILJUN.pkl is in forbidden list and will not be considered for X, y, names
data/raw/CIBROV.pkl is in forbidden list and will not be considered for X, y, names
data/raw/COMPOK.pkl is in forbidden list and will not be considered for X, y, names
data/raw/DAWWAB.pkl is in forbidden list and will not be considered for X, y, names
data/raw/VIHHIE.pkl is in forbidden list and will not be considered for X, y, names
data/raw/UQESEP.pkl is in forbidden list and will not be considered for X, y, names
data/raw/PESSAK.pkl is in forbidden list and will not be considered for X, y, names
data/raw/TICPOL.pkl is in forbidden list and will not be considered for X, y, names
data/raw/NAVQUX.pkl is in forbidden list and will not be considered for X, y, names
data/raw/AGAFAS.pkl is in forbidden list and will not be considered for X, y, names
data/raw/PIQFIG.pkl is in forbidden list and will not be considered for X, y, names
data/raw/EWEXAG.pkl is in forbidden list and will not be considered for X, y, names
data/raw/SOPQUK.pkl is in forbidden list and will not be considered for X, y, names
data/raw/LATQAB.pkl is in forbidden list and will not be considered for X, y, names
data/raw/NASSAB.pkl is in forbidden list and will not be considered for X, y, names
data/raw/BAFBES.pkl is in forbidden list and will not be considered for X, y, names
data/raw/DEYNIG.pkl is in forbidden list and will not be considered for X, y, names
data/raw/NOJMAA.pkl is in forbidden list and will not be considered for X, y, names
data/raw/LETFAS.pkl is in forbidden list and will not be considered for X, y, names
data/raw/AQEFOS.pkl is in forbidden list and will not be considered for X, y, names
data/raw/NADCAY.pkl is in forbidden list and will not be considered for X, y, names
data/raw/UPOSUO.pkl is in forbidden list and will not be considered for X, y, names
data/raw/TEBZUW.pkl is in forbidden list and will not be considered for X, y, names
data/raw/VAYWEZ.pkl is in forbidden list and will not be considered for X, y, names
data/raw/YESHOU.pkl is in forbidden list and will not be considered for X, y, names
data/raw/QEJLEZ.pkl is in forbidden list and will not be considered for X, y, names
data/raw/VUGVOJ.pkl is in forbidden list and will not be considered for X, y, names
data/raw/COHFEN.pkl is in forbidden list and will not be considered for X, y, names
data/raw/DAWVUU.pkl is in forbidden list and will not be considered for X, y, names
data/raw/CERXOP.pkl is in forbidden list and will not be considered for X, y, names
data/raw/FEKCUU.pkl is in forbidden list and will not be considered for X, y, names
data/raw/QEJZUB01.pkl is in forbidden list and will not be considered for X, y, names
data/raw/CEVTAZ.pkl is in forbidden list and will not be considered for X, y, names
data/raw/ADOBOL.pkl is in forbidden list and will not be considered for X, y, names
data/raw/AYUJEL.pkl is in forbidden list and will not be considered for X, y, names
data/raw/POVVEC.pkl is in forbidden list and will not be considered for X, y, names
data/raw/GIKRIC01.pkl is in forbidden list and will not be considered for X, y, names
data/raw/NUDNUW09.pkl is in forbidden list and will not be considered for X, y, names
data/raw/DIMLIW.pkl is in forbidden list and will not be considered for X, y, names
data/raw/FEYCOE.pkl is in forbidden list and will not be considered for X, y, names
data/raw/MAXXEP01.pkl is in forbidden list and will not be considered for X, y, names
data/raw/LATPUU.pkl is in forbidden list and will not be considered for X, y, names
data/raw/XEHXUE01.pkl is in forbidden list and will not be considered for X, y, names
data/raw/LOCMEW.pkl is in forbidden list and will not be considered for X, y, names
data/raw/ELEFOR.pkl is in forbidden list and will not be considered for X, y, names
data/raw/SAJBEN.pkl is in forbidden list and will not be considered for X, y, names
data/raw/CUGQEC.pkl is in forbidden list and will not be considered for X, y, names
data/raw/JIBNOA.pkl is in forbidden list and will not be considered for X, y, names
data/raw/GIZPIP.pkl is in forbidden list and will not be considered for X, y, names
data/raw/LETDIY.pkl is in forbidden list and will not be considered for X, y, names
data/raw/MOLWAM.pkl is in forbidden list and will not be considered for X, y, names
data/raw/LODTOO.pkl is in forbidden list and will not be considered for X, y, names
data/raw/BIGHEF.pkl is in forbidden list and will not be considered for X, y, names
data/raw/CAYBEL.pkl is in forbidden list and will not be considered for X, y, names
data/raw/GUVZII.pkl is in forbidden list and will not be considered for X, y, names
data/raw/WUJGUE.pkl is in forbidden list and will not be considered for X, y, names
data/raw/EKERIW.pkl is in forbidden list and will not be considered for X, y, names
data/raw/RAZKUZ02.pkl is in forbidden list and will not be considered for X, y, names
data/raw/QIRZEZ.pkl is in forbidden list and will not be considered for X, y, names
data/raw/ZEFHAW.pkl is in forbidden list and will not be considered for X, y, names
data/raw/PENXUC.pkl is in forbidden list and will not be considered for X, y, names
data/raw/FANNIT.pkl is in forbidden list and will not be considered for X, y, names
data/raw/QINGAY.pkl is in forbidden list and will not be considered for X, y, names
data/raw/YIZBUH.pkl is in forbidden list and will not be considered for X, y, names
data/raw/HETZUC.pkl is in forbidden list and will not be considered for X, y, names
data/raw/POVTUQ.pkl is in forbidden list and will not be considered for X, y, names
data/raw/ADOCIG.pkl is in forbidden list and will not be considered for X, y, names
data/raw/QIDFOB.pkl is in forbidden list and will not be considered for X, y, names
data/raw/REQJUT.pkl is in forbidden list and will not be considered for X, y, names
data/raw/OGIJAQ.pkl is in forbidden list and will not be considered for X, y, names
data/raw/CEWHAO.pkl is in forbidden list and will not be considered for X, y, names
data/raw/MAGCEE01.pkl is in forbidden list and will not be considered for X, y, names
data/raw/ZITMUN.pkl is in forbidden list and will not be considered for X, y, names
data/raw/DIXVUC01.pkl is in forbidden list and will not be considered for X, y, names
data/raw/NIHJEW.pkl is in forbidden list and will not be considered for X, y, names
data/raw/IVAPIF.pkl is in forbidden list and will not be considered for X, y, names
data/raw/TABVEZ.pkl is in forbidden list and will not be considered for X, y, names
data/raw/EPIBIP03.pkl is in forbidden list and will not be considered for X, y, names
data/raw/IPIDAN.pkl is in forbidden list and will not be considered for X, y, names
data/raw/PESTAL.pkl is in forbidden list and will not be considered for X, y, names
data/raw/TIDCUF01.pkl is in forbidden list and will not be considered for X, y, names
data/raw/SAXRIV.pkl is in forbidden list and will not be considered for X, y, names
data/raw/UCABOR.pkl is in forbidden list and will not be considered for X, y, names
data/raw/FOVJIK.pkl is in forbidden list and will not be considered for X, y, names
data/raw/UFOPEL.pkl is in forbidden list and will not be considered for X, y, names
data/raw/GOLRII01.pkl is in forbidden list and will not be considered for X, y, names
data/raw/NOBXAG.pkl is in forbidden list and will not be considered for X, y, names
data/raw/XARNOW.pkl is in forbidden list and will not be considered for X, y, names
data/raw/LALJAL.pkl is in forbidden list and will not be considered for X, y, names
data/raw/QEJKUO.pkl is in forbidden list and will not be considered for X, y, names
data/raw/XACLUL02.pkl is in forbidden list and will not be considered for X, y, names
data/raw/IVAQEC.pkl is in forbidden list and will not be considered for X, y, names
data/raw/HUZDOW.pkl is in forbidden list and will not be considered for X, y, names
data/raw/CANHUW.pkl is in forbidden list and will not be considered for X, y, names
data/raw/DITNUR.pkl is in forbidden list and will not be considered for X, y, names
data/raw/FANMUF.pkl is in forbidden list and will not be considered for X, y, names
data/raw/SAQSUZ.pkl is in forbidden list and will not be considered for X, y, names
data/raw/COTXEP.pkl is in forbidden list and will not be considered for X, y, names
data/raw/NUDNUW03.pkl is in forbidden list and will not be considered for X, y, names
data/raw/XAPKOR.pkl is in forbidden list and will not be considered for X, y, names
data/raw/ENEVEZ.pkl is in forbidden list and will not be considered for X, y, names
data/raw/YERHUB.pkl is in forbidden list and will not be considered for X, y, names
data/raw/AGAFEW.pkl is in forbidden list and will not be considered for X, y, names
data/raw/DAWVOO.pkl is in forbidden list and will not be considered for X, y, names
data/raw/OCECOR.pkl is in forbidden list and will not be considered for X, y, names
data/raw/NOHGUN.pkl is in forbidden list and will not be considered for X, y, names
data/raw/KADNOU.pkl is in forbidden list and will not be considered for X, y, names
data/raw/OTUCIQ.pkl is in forbidden list and will not be considered for X, y, names
data/raw/HASRIE.pkl is in forbidden list and will not be considered for X, y, names
data/raw/XEWYOQ.pkl is in forbidden list and will not be considered for X, y, names
data/raw/WUPQEE.pkl is in forbidden list and will not be considered for X, y, names
data/raw/ZAXQUM.pkl is in forbidden list and will not be considered for X, y, names
data/raw/COMHAO.pkl is in forbidden list and will not be considered for X, y, names
data/raw/ZAZDOV.pkl is in forbidden list and will not be considered for X, y, names
data/raw/PEXJUY.pkl is in forbidden list and will not be considered for X, y, names
data/raw/CAVKUI.pkl is in forbidden list and will not be considered for X, y, names
data/raw/BEPMOB.pkl is in forbidden list and will not be considered for X, y, names
data/raw/COVHEB.pkl is in forbidden list and will not be considered for X, y, names
data/raw/OYUJUO.pkl is in forbidden list and will not be considered for X, y, names
data/raw/SIKJEC.pkl is in forbidden list and will not be considered for X, y, names
data/raw/MEPNOL.pkl is in forbidden list and will not be considered for X, y, names
data/raw/BOHYCU.pkl is in forbidden list and will not be considered for X, y, names
data/raw/RUVHAT.pkl is in forbidden list and will not be considered for X, y, names
data/raw/ORIVUI.pkl is in forbidden list and will not be considered for X, y, names
data/raw/PATDEU.pkl is in forbidden list and will not be considered for X, y, names
data/raw/XARVOE.pkl is in forbidden list and will not be considered for X, y, names
data/raw/GIKLAO.pkl is in forbidden list and will not be considered for X, y, names
data/raw/KEHVOK.pkl is in forbidden list and will not be considered for X, y, names
data/raw/FIZMOT.pkl is in forbidden list and will not be considered for X, y, names
data/raw/XADREB.pkl is in forbidden list and will not be considered for X, y, names
data/raw/HEYTOU.pkl is in forbidden list and will not be considered for X, y, names
data/raw/DOGTOJ.pkl is in forbidden list and will not be considered for X, y, names
data/raw/YIPDOR.pkl is in forbidden list and will not be considered for X, y, names
data/raw/WOMNIW.pkl is in forbidden list and will not be considered for X, y, names
data/raw/SIFDOD.pkl is in forbidden list and will not be considered for X, y, names
data/raw/NOBXIO.pkl is in forbidden list and will not be considered for X, y, names
data/raw/UKEXAK.pkl is in forbidden list and will not be considered for X, y, names
data/raw/GUXSUO.pkl is in forbidden list and will not be considered for X, y, names
converting raw list of features into list of site dictionaries
collected 53613 features
merging labels and features
stored features into labels and names into
