2019-09-19 14:46:42,088 | train_ensemble_classifier.py: intialized training class
2019-09-19 14:46:42,088 | train_ensemble_classifier.py: the metrics are saved to /home/kevin/Dropbox (LSMO)/proj62_guess_oxidation_states/machine_learn_oxstates/metrics
2019-09-19 14:46:42,088 | train_ensemble_classifier.py: the models are saved to /home/kevin/Dropbox (LSMO)/proj62_guess_oxidation_states/machine_learn_oxstates/models
2019-09-19 14:46:42,092 | train_ensemble_classifier.py: the classdistribution is {3: 2734, 2: 11579, 1: 2642, 6: 226, 4: 325, 5: 103, 7: 1}
2019-09-19 14:46:42,092 | train_ensemble_classifier.py: will drop class 7 since it has not enough examples
2019-09-19 14:46:42,127 | train_ensemble_classifier.py: entered the function that trains one fold
2019-09-19 14:46:42,129 | train_ensemble_classifier.py: entered the function that trains one fold
2019-09-19 14:46:42,134 | train_ensemble_classifier.py: the training set has shape (499, 93)
2019-09-19 14:46:42,136 | train_ensemble_classifier.py: the training set has shape (501, 93)
2019-09-19 14:46:42,139 | train_ensemble_classifier.py: the test set has shape (501, 93)
2019-09-19 14:46:42,139 | train_ensemble_classifier.py: performing hyperparameter optimization
2019-09-19 14:46:42,141 | train_ensemble_classifier.py: the test set has shape (499, 93)
2019-09-19 14:46:42,141 | train_ensemble_classifier.py: performing hyperparameter optimization
2019-09-19 14:47:26,119 | train_ensemble_classifier.py: entered evaluation function
2019-09-19 14:47:26,358 | train_ensemble_classifier.py: model knn: accuracy test: 0.8857715430861723, accuracy train: 0.9181636726546906 | f1 micro test 0.8857715430861723, f1 micro train 0.9181636726546906
2019-09-19 14:47:26,485 | train_ensemble_classifier.py: model gradient_boosting: accuracy test: 0.9318637274549099, accuracy train: 1.0 | f1 micro test 0.9318637274549099, f1 micro train 1.0
2019-09-19 14:47:26,777 | train_ensemble_classifier.py: model extra_trees: accuracy test: 0.935871743486974, accuracy train: 1.0 | f1 micro test 0.935871743486974, f1 micro train 1.0
2019-09-19 14:47:26,940 | train_ensemble_classifier.py: training ensemble model
2019-09-19 14:47:26,940 | train_ensemble_classifier.py: calibrating  knn
2019-09-19 14:47:26,942 | train_ensemble_classifier.py: calibrating using sigmoid regression
2019-09-19 14:47:29,477 | train_ensemble_classifier.py: entered evaluation function
2019-09-19 14:47:29,569 | train_ensemble_classifier.py: model knn: accuracy test: 0.9121756487025948, accuracy train: 1.0 | f1 micro test 0.9121756487025947, f1 micro train 1.0
2019-09-19 14:47:29,666 | train_ensemble_classifier.py: model gradient_boosting: accuracy test: 0.9441117764471058, accuracy train: 1.0 | f1 micro test 0.9441117764471059, f1 micro train 1.0
2019-09-19 14:47:30,175 | train_ensemble_classifier.py: model extra_trees: accuracy test: 0.9441117764471058, accuracy train: 1.0 | f1 micro test 0.9441117764471059, f1 micro train 1.0
2019-09-19 14:47:31,173 | train_ensemble_classifier.py: training ensemble model
2019-09-19 14:47:31,173 | train_ensemble_classifier.py: calibrating  knn
2019-09-19 14:47:31,176 | train_ensemble_classifier.py: calibrating using sigmoid regression
2019-09-19 14:47:31,195 | train_ensemble_classifier.py: calibrating  gradient_boosting
2019-09-19 14:47:34,772 | train_ensemble_classifier.py: calibrating using sigmoid regression
2019-09-19 14:47:34,792 | train_ensemble_classifier.py: calibrating  extra_trees
2019-09-19 14:47:38,173 | train_ensemble_classifier.py: calibrating using sigmoid regression
2019-09-19 14:47:38,294 | train_ensemble_classifier.py: now fitting votingclassifier
2019-09-19 14:47:38,294 | train_ensemble_classifier.py: entered evaluation function
