2019-09-19 15:51:48,743 | train_ensemble_classifier.py: intialized training class
2019-09-19 15:51:48,743 | train_ensemble_classifier.py: the metrics are saved to /home/kevin/Dropbox (LSMO)/proj62_guess_oxidation_states/machine_learn_oxstates/metrics
2019-09-19 15:51:48,743 | train_ensemble_classifier.py: the models are saved to /home/kevin/Dropbox (LSMO)/proj62_guess_oxidation_states/machine_learn_oxstates/models
2019-09-19 15:51:48,747 | train_ensemble_classifier.py: the classdistribution is {3: 2734, 2: 11579, 1: 2642, 6: 226, 4: 325, 5: 103, 7: 1}
2019-09-19 15:51:48,747 | train_ensemble_classifier.py: will drop class 7 since it has not enough examples
2019-09-19 15:51:48,803 | train_ensemble_classifier.py: entered the function that trains one fold
2019-09-19 15:51:48,811 | train_ensemble_classifier.py: entered the function that trains one fold
2019-09-19 15:51:48,825 | train_ensemble_classifier.py: entered the function that trains one fold
2019-09-19 15:51:48,832 | train_ensemble_classifier.py: the training set has shape (4497, 93)
2019-09-19 15:51:48,833 | train_ensemble_classifier.py: entered the function that trains one fold
2019-09-19 15:51:48,837 | train_ensemble_classifier.py: the test set has shape (503, 93)
2019-09-19 15:51:48,837 | train_ensemble_classifier.py: performing hyperparameter optimization
2019-09-19 15:51:48,845 | train_ensemble_classifier.py: entered the function that trains one fold
2019-09-19 15:51:48,853 | train_ensemble_classifier.py: the training set has shape (4498, 93)
2019-09-19 15:51:48,857 | train_ensemble_classifier.py: the test set has shape (502, 93)
2019-09-19 15:51:48,858 | train_ensemble_classifier.py: performing hyperparameter optimization
2019-09-19 15:51:48,860 | train_ensemble_classifier.py: the training set has shape (4498, 93)
2019-09-19 15:51:48,866 | train_ensemble_classifier.py: the test set has shape (502, 93)
2019-09-19 15:51:48,867 | train_ensemble_classifier.py: performing hyperparameter optimization
2019-09-19 15:51:48,872 | train_ensemble_classifier.py: the training set has shape (4498, 93)
2019-09-19 15:51:48,876 | train_ensemble_classifier.py: the test set has shape (502, 93)
2019-09-19 15:51:48,877 | train_ensemble_classifier.py: performing hyperparameter optimization
2019-09-19 15:51:48,878 | train_ensemble_classifier.py: the training set has shape (4499, 93)
2019-09-19 15:51:48,881 | train_ensemble_classifier.py: the test set has shape (501, 93)
2019-09-19 15:51:48,881 | train_ensemble_classifier.py: performing hyperparameter optimization
2019-09-19 15:59:54,233 | train_ensemble_classifier.py: entered evaluation function
2019-09-19 16:00:02,025 | train_ensemble_classifier.py: entered evaluation function
2019-09-19 16:00:03,126 | train_ensemble_classifier.py: model knn: accuracy test: 0.9660678642714571, accuracy train: 1.0 | f1 micro test 0.9660678642714571, f1 micro train 1.0
2019-09-19 16:00:03,486 | train_ensemble_classifier.py: entered evaluation function
2019-09-19 16:00:04,049 | train_ensemble_classifier.py: model gradient_boosting: accuracy test: 0.9820359281437125, accuracy train: 1.0 | f1 micro test 0.9820359281437125, f1 micro train 1.0
2019-09-19 16:00:04,848 | train_ensemble_classifier.py: model extra_trees: accuracy test: 0.9760479041916168, accuracy train: 1.0 | f1 micro test 0.9760479041916168, f1 micro train 1.0
2019-09-19 16:00:05,065 | train_ensemble_classifier.py: training ensemble model
2019-09-19 16:00:05,065 | train_ensemble_classifier.py: calibrating  knn
2019-09-19 16:00:05,091 | train_ensemble_classifier.py: not calibrating
2019-09-19 16:00:05,091 | train_ensemble_classifier.py: calibrating  gradient_boosting
2019-09-19 16:00:11,204 | train_ensemble_classifier.py: model knn: accuracy test: 0.9681274900398407, accuracy train: 1.0 | f1 micro test 0.9681274900398407, f1 micro train 1.0
2019-09-19 16:00:12,067 | train_ensemble_classifier.py: model gradient_boosting: accuracy test: 0.9840637450199203, accuracy train: 1.0 | f1 micro test 0.9840637450199203, f1 micro train 1.0
2019-09-19 16:00:12,774 | train_ensemble_classifier.py: model extra_trees: accuracy test: 0.9840637450199203, accuracy train: 1.0 | f1 micro test 0.9840637450199203, f1 micro train 1.0
2019-09-19 16:00:13,083 | train_ensemble_classifier.py: training ensemble model
2019-09-19 16:00:13,083 | train_ensemble_classifier.py: calibrating  knn
2019-09-19 16:00:13,106 | train_ensemble_classifier.py: not calibrating
2019-09-19 16:00:13,107 | train_ensemble_classifier.py: calibrating  gradient_boosting
2019-09-19 16:00:13,305 | train_ensemble_classifier.py: model knn: accuracy test: 0.9721669980119284, accuracy train: 1.0 | f1 micro test 0.9721669980119284, f1 micro train 1.0
2019-09-19 16:00:14,316 | train_ensemble_classifier.py: model gradient_boosting: accuracy test: 0.9801192842942346, accuracy train: 1.0 | f1 micro test 0.9801192842942346, f1 micro train 1.0
2019-09-19 16:00:15,127 | train_ensemble_classifier.py: model extra_trees: accuracy test: 0.9840954274353877, accuracy train: 1.0 | f1 micro test 0.9840954274353877, f1 micro train 1.0
2019-09-19 16:00:15,386 | train_ensemble_classifier.py: training ensemble model
2019-09-19 16:00:15,387 | train_ensemble_classifier.py: calibrating  knn
2019-09-19 16:00:15,418 | train_ensemble_classifier.py: not calibrating
2019-09-19 16:00:15,418 | train_ensemble_classifier.py: calibrating  gradient_boosting
2019-09-19 16:00:31,489 | train_ensemble_classifier.py: entered evaluation function
2019-09-19 16:00:38,588 | train_ensemble_classifier.py: model knn: accuracy test: 0.9741035856573705, accuracy train: 1.0 | f1 micro test 0.9741035856573705, f1 micro train 1.0
2019-09-19 16:00:38,918 | train_ensemble_classifier.py: model gradient_boosting: accuracy test: 0.9741035856573705, accuracy train: 1.0 | f1 micro test 0.9741035856573705, f1 micro train 1.0
2019-09-19 16:00:41,193 | train_ensemble_classifier.py: model extra_trees: accuracy test: 0.9760956175298805, accuracy train: 1.0 | f1 micro test 0.9760956175298805, f1 micro train 1.0
2019-09-19 16:00:42,868 | train_ensemble_classifier.py: training ensemble model
2019-09-19 16:00:42,868 | train_ensemble_classifier.py: calibrating  knn
2019-09-19 16:00:42,886 | train_ensemble_classifier.py: not calibrating
2019-09-19 16:00:42,886 | train_ensemble_classifier.py: calibrating  gradient_boosting
2019-09-19 16:00:52,570 | train_ensemble_classifier.py: entered evaluation function
2019-09-19 16:01:00,823 | train_ensemble_classifier.py: model knn: accuracy test: 0.9641434262948207, accuracy train: 1.0 | f1 micro test 0.9641434262948207, f1 micro train 1.0
2019-09-19 16:01:01,890 | train_ensemble_classifier.py: model gradient_boosting: accuracy test: 0.9760956175298805, accuracy train: 1.0 | f1 micro test 0.9760956175298805, f1 micro train 1.0
2019-09-19 16:01:04,228 | train_ensemble_classifier.py: model extra_trees: accuracy test: 0.9422310756972112, accuracy train: 1.0 | f1 micro test 0.9422310756972112, f1 micro train 1.0
2019-09-19 16:01:05,699 | train_ensemble_classifier.py: training ensemble model
2019-09-19 16:01:05,699 | train_ensemble_classifier.py: calibrating  knn
2019-09-19 16:01:05,718 | train_ensemble_classifier.py: not calibrating
2019-09-19 16:01:05,718 | train_ensemble_classifier.py: calibrating  gradient_boosting
2019-09-19 16:01:19,158 | train_ensemble_classifier.py: not calibrating
2019-09-19 16:01:19,159 | train_ensemble_classifier.py: calibrating  extra_trees
2019-09-19 16:01:21,988 | train_ensemble_classifier.py: not calibrating
2019-09-19 16:01:21,989 | train_ensemble_classifier.py: now fitting votingclassifier
2019-09-19 16:01:21,990 | train_ensemble_classifier.py: entered evaluation function
2019-09-19 16:01:22,978 | train_ensemble_classifier.py: model ensemble: accuracy test: 0.5389221556886228, accuracy train: 0.48744165370082243 | f1 micro test 0.5389221556886228, f1 micro train 0.48744165370082243
2019-09-19 16:01:23,656 | train_ensemble_classifier.py: entered the function that trains one fold
2019-09-19 16:01:23,677 | train_ensemble_classifier.py: the training set has shape (4501, 93)
2019-09-19 16:01:23,681 | train_ensemble_classifier.py: the test set has shape (499, 93)
2019-09-19 16:01:23,682 | train_ensemble_classifier.py: performing hyperparameter optimization
2019-09-19 16:01:27,380 | train_ensemble_classifier.py: not calibrating
2019-09-19 16:01:27,380 | train_ensemble_classifier.py: calibrating  extra_trees
2019-09-19 16:01:28,643 | train_ensemble_classifier.py: not calibrating
2019-09-19 16:01:28,643 | train_ensemble_classifier.py: calibrating  extra_trees
2019-09-19 16:01:29,641 | train_ensemble_classifier.py: not calibrating
2019-09-19 16:01:29,644 | train_ensemble_classifier.py: now fitting votingclassifier
2019-09-19 16:01:29,645 | train_ensemble_classifier.py: entered evaluation function
2019-09-19 16:01:30,643 | train_ensemble_classifier.py: model ensemble: accuracy test: 0.5785288270377733, accuracy train: 0.5641538803646876 | f1 micro test 0.5785288270377733, f1 micro train 0.5641538803646876
2019-09-19 16:01:31,201 | train_ensemble_classifier.py: not calibrating
2019-09-19 16:01:31,201 | train_ensemble_classifier.py: now fitting votingclassifier
2019-09-19 16:01:31,202 | train_ensemble_classifier.py: entered evaluation function
2019-09-19 16:01:31,310 | train_ensemble_classifier.py: entered the function that trains one fold
2019-09-19 16:01:31,334 | train_ensemble_classifier.py: the training set has shape (4501, 93)
2019-09-19 16:01:31,344 | train_ensemble_classifier.py: the test set has shape (499, 93)
2019-09-19 16:01:31,344 | train_ensemble_classifier.py: performing hyperparameter optimization
2019-09-19 16:01:32,145 | train_ensemble_classifier.py: model ensemble: accuracy test: 0.3207171314741036, accuracy train: 0.3601600711427301 | f1 micro test 0.3207171314741036, f1 micro train 0.3601600711427301
2019-09-19 16:01:32,648 | train_ensemble_classifier.py: entered the function that trains one fold
2019-09-19 16:01:32,661 | train_ensemble_classifier.py: the training set has shape (4502, 93)
2019-09-19 16:01:32,663 | train_ensemble_classifier.py: the test set has shape (498, 93)
2019-09-19 16:01:32,663 | train_ensemble_classifier.py: performing hyperparameter optimization
2019-09-19 16:01:34,939 | train_ensemble_classifier.py: not calibrating
2019-09-19 16:01:34,939 | train_ensemble_classifier.py: calibrating  extra_trees
2019-09-19 16:02:13,382 | train_ensemble_classifier.py: not calibrating
2019-09-19 16:02:13,382 | train_ensemble_classifier.py: calibrating  extra_trees
2019-09-19 16:02:16,783 | train_ensemble_classifier.py: not calibrating
2019-09-19 16:02:16,783 | train_ensemble_classifier.py: now fitting votingclassifier
2019-09-19 16:02:16,784 | train_ensemble_classifier.py: entered evaluation function
2019-09-19 16:02:18,975 | train_ensemble_classifier.py: model ensemble: accuracy test: 0.6772908366533864, accuracy train: 0.6898621609604269 | f1 micro test 0.6772908366533864, f1 micro train 0.6898621609604269
2019-09-19 16:02:21,186 | train_ensemble_classifier.py: entered the function that trains one fold
2019-09-19 16:02:21,219 | train_ensemble_classifier.py: the training set has shape (4503, 93)
2019-09-19 16:02:21,225 | train_ensemble_classifier.py: the test set has shape (497, 93)
2019-09-19 16:02:21,225 | train_ensemble_classifier.py: performing hyperparameter optimization
2019-09-19 16:02:23,225 | train_ensemble_classifier.py: entered the function that trains one fold
2019-09-19 16:02:23,245 | train_ensemble_classifier.py: the training set has shape (4503, 93)
2019-09-19 16:02:23,247 | train_ensemble_classifier.py: the test set has shape (497, 93)
2019-09-19 16:02:23,247 | train_ensemble_classifier.py: performing hyperparameter optimization
