2019-09-20 16:25:22,034 | train_ensemble_classifier.py: intialized training class
2019-09-20 16:25:22,034 | train_ensemble_classifier.py: the metrics are saved to /home/kevin/Dropbox (LSMO)/proj62_guess_oxidation_states/machine_learn_oxstates/metrics
2019-09-20 16:25:22,035 | train_ensemble_classifier.py: the models are saved to /home/kevin/Dropbox (LSMO)/proj62_guess_oxidation_states/machine_learn_oxstates/models
2019-09-20 16:25:22,039 | train_ensemble_classifier.py: the classdistribution is {2: 13379, 1: 3092, 3: 3185, 4: 377, 6: 269, 5: 117}
2019-09-20 16:25:22,147 | train_ensemble_classifier.py: entered the function that trains one fold
2019-09-20 16:25:22,182 | train_ensemble_classifier.py: entered the function that trains one fold
2019-09-20 16:25:22,182 | train_ensemble_classifier.py: the training set has shape (9999, 101)
2019-09-20 16:25:22,201 | train_ensemble_classifier.py: the test set has shape (7000, 101)
2019-09-20 16:25:22,202 | train_ensemble_classifier.py: performing hyperparameter optimization
2019-09-20 16:25:22,221 | train_ensemble_classifier.py: the training set has shape (10001, 101)
2019-09-20 16:25:22,239 | train_ensemble_classifier.py: the test set has shape (6999, 101)
2019-09-20 16:25:22,239 | train_ensemble_classifier.py: performing hyperparameter optimization
2019-09-20 18:53:57,278 | train_ensemble_classifier.py: entered evaluation function
2019-09-20 18:54:49,854 | train_ensemble_classifier.py: model knn: accuracy test: 0.9757142857142858, accuracy train: 0.995 | f1 micro test 0.9757142857142858, f1 micro train 0.995
2019-09-20 18:54:52,055 | train_ensemble_classifier.py: model gradient_boosting: accuracy test: 0.9858571428571429, accuracy train: 0.9962307692307693 | f1 micro test 0.9858571428571429, f1 micro train 0.9962307692307693
2019-09-20 18:54:52,502 | train_ensemble_classifier.py: model extra_trees: accuracy test: 0.986, accuracy train: 0.9968461538461538 | f1 micro test 0.986, f1 micro train 0.9968461538461538
2019-09-20 18:54:52,559 | train_ensemble_classifier.py: training ensemble model
2019-09-20 18:54:52,559 | train_ensemble_classifier.py: calibrating  knn
2019-09-20 18:55:00,566 | train_ensemble_classifier.py: the accuracay on the validation set before calibration is 0.9783405531489503
2019-09-20 18:55:00,566 | train_ensemble_classifier.py: calibrating using sigmoid regression
2019-09-20 18:55:08,793 | train_ensemble_classifier.py: calibrating using sigmoid regression
2019-09-20 18:55:23,860 | train_ensemble_classifier.py: the accuracay on the validation set after calibration is 0.9773408863712096
2019-09-20 18:55:23,861 | train_ensemble_classifier.py: calibrating  gradient_boosting
2019-09-20 18:55:24,188 | train_ensemble_classifier.py: the accuracay on the validation set before calibration is 0.9836721092969011
2019-09-20 18:55:24,188 | train_ensemble_classifier.py: calibrating using sigmoid regression
2019-09-20 18:55:24,510 | train_ensemble_classifier.py: calibrating using sigmoid regression
2019-09-20 18:55:25,054 | train_ensemble_classifier.py: the accuracay on the validation set after calibration is 0.984005331556148
2019-09-20 18:55:25,055 | train_ensemble_classifier.py: calibrating  extra_trees
2019-09-20 18:55:25,089 | train_ensemble_classifier.py: the accuracay on the validation set before calibration is 0.9863378873708764
2019-09-20 18:55:25,089 | train_ensemble_classifier.py: calibrating using sigmoid regression
2019-09-20 18:55:25,164 | train_ensemble_classifier.py: calibrating using sigmoid regression
2019-09-20 18:55:25,274 | train_ensemble_classifier.py: the accuracay on the validation set after calibration is 0.9870043318893702
2019-09-20 18:55:25,275 | train_ensemble_classifier.py: entered evaluation function
2019-09-20 18:56:17,567 | train_ensemble_classifier.py: model ensemble: accuracy test: 0.9855714285714285, accuracy train: 0.9964615384615385 | f1 micro test 0.9855714285714285, f1 micro train 0.9964615384615385
2019-09-20 19:37:12,288 | train_ensemble_classifier.py: entered evaluation function
2019-09-20 19:37:39,887 | train_ensemble_classifier.py: model knn: accuracy test: 0.9827118159737105, accuracy train: 0.9954618875471117 | f1 micro test 0.9827118159737105, f1 micro train 0.9954618875471117
2019-09-20 19:37:40,535 | train_ensemble_classifier.py: model gradient_boosting: accuracy test: 0.9887126732390341, accuracy train: 0.9976924851934467 | f1 micro test 0.9887126732390342, f1 micro train 0.9976924851934467
2019-09-20 19:37:40,922 | train_ensemble_classifier.py: model extra_trees: accuracy test: 0.9904272038862695, accuracy train: 0.9980001538343204 | f1 micro test 0.9904272038862695, f1 micro train 0.9980001538343204
2019-09-20 19:37:40,968 | train_ensemble_classifier.py: training ensemble model
2019-09-20 19:37:40,968 | train_ensemble_classifier.py: calibrating  knn
2019-09-20 19:37:45,480 | train_ensemble_classifier.py: the accuracay on the validation set before calibration is 0.9803333333333333
2019-09-20 19:37:45,481 | train_ensemble_classifier.py: calibrating using sigmoid regression
2019-09-20 19:37:49,947 | train_ensemble_classifier.py: calibrating using sigmoid regression
2019-09-20 19:37:58,843 | train_ensemble_classifier.py: the accuracay on the validation set after calibration is 0.978
2019-09-20 19:37:58,843 | train_ensemble_classifier.py: calibrating  gradient_boosting
2019-09-20 19:37:58,936 | train_ensemble_classifier.py: the accuracay on the validation set before calibration is 0.99
2019-09-20 19:37:58,936 | train_ensemble_classifier.py: calibrating using sigmoid regression
2019-09-20 19:37:59,057 | train_ensemble_classifier.py: calibrating using sigmoid regression
2019-09-20 19:37:59,267 | train_ensemble_classifier.py: the accuracay on the validation set after calibration is 0.9903333333333333
2019-09-20 19:37:59,268 | train_ensemble_classifier.py: calibrating  extra_trees
2019-09-20 19:37:59,308 | train_ensemble_classifier.py: the accuracay on the validation set before calibration is 0.9913333333333333
2019-09-20 19:37:59,308 | train_ensemble_classifier.py: calibrating using sigmoid regression
2019-09-20 19:37:59,383 | train_ensemble_classifier.py: calibrating using sigmoid regression
2019-09-20 19:37:59,492 | train_ensemble_classifier.py: the accuracay on the validation set after calibration is 0.9913333333333333
2019-09-20 19:37:59,492 | train_ensemble_classifier.py: entered evaluation function
2019-09-20 19:38:27,949 | train_ensemble_classifier.py: model ensemble: accuracy test: 0.9894270610087156, accuracy train: 0.9977694023536651 | f1 micro test 0.9894270610087156, f1 micro train 0.9977694023536651
2019-09-20 19:38:28,183 | train_ensemble_classifier.py: entering the tracking function
