2019-09-18 21:45:21,332 | train_ensemble_classifier.py: intialized training class
2019-09-18 21:45:21,332 | train_ensemble_classifier.py: the metrics are saved to /home/kevin/Dropbox (LSMO)/proj62_guess_oxidation_states/machine_learn_oxstates/metrics
2019-09-18 21:45:21,332 | train_ensemble_classifier.py: the models are saved to /home/kevin/Dropbox (LSMO)/proj62_guess_oxidation_states/machine_learn_oxstates/models
2019-09-18 21:45:21,337 | train_ensemble_classifier.py: the classdistribution is {3: 2734, 2: 11579, 1: 2642, 6: 226, 4: 325, 5: 103, 7: 1}
2019-09-18 21:45:21,337 | train_ensemble_classifier.py: will drop class 7 since it has not enough examples
2019-09-18 21:45:21,422 | train_ensemble_classifier.py: entered the function that trains one fold
2019-09-18 21:45:21,449 | train_ensemble_classifier.py: entered the function that trains one fold
2019-09-18 21:45:21,492 | train_ensemble_classifier.py: entered the function that trains one fold
2019-09-18 21:45:21,488 | train_ensemble_classifier.py: the training set has shape (13597, 93)
2019-09-18 21:45:21,501 | train_ensemble_classifier.py: the test set has shape (3403, 93)
2019-09-18 21:45:21,501 | train_ensemble_classifier.py: performing hyperparameter optimization
2019-09-18 21:45:21,520 | train_ensemble_classifier.py: the training set has shape (13600, 93)
2019-09-18 21:45:21,530 | train_ensemble_classifier.py: the test set has shape (3400, 93)
2019-09-18 21:45:21,530 | train_ensemble_classifier.py: performing hyperparameter optimization
2019-09-18 21:45:21,555 | train_ensemble_classifier.py: entered the function that trains one fold
2019-09-18 21:45:21,565 | train_ensemble_classifier.py: the training set has shape (13600, 93)
2019-09-18 21:45:21,582 | train_ensemble_classifier.py: the test set has shape (3400, 93)
2019-09-18 21:45:21,583 | train_ensemble_classifier.py: performing hyperparameter optimization
2019-09-18 21:45:21,626 | train_ensemble_classifier.py: the training set has shape (13601, 93)
2019-09-18 21:45:21,635 | train_ensemble_classifier.py: the test set has shape (3399, 93)
2019-09-18 21:45:21,636 | train_ensemble_classifier.py: performing hyperparameter optimization
2019-09-18 22:05:14,974 | train_ensemble_classifier.py: entered evaluation function
2019-09-18 22:05:34,861 | train_ensemble_classifier.py: model knn: accuracy test: 0.9844117647058823, accuracy train: 1.0 | f1 micro test 0.9844117647058823, f1 micro train 1.0
2019-09-18 22:05:35,470 | train_ensemble_classifier.py: model gradient_boosting: accuracy test: 0.9888235294117647, accuracy train: 1.0 | f1 micro test 0.9888235294117647, f1 micro train 1.0
2019-09-18 22:05:38,407 | train_ensemble_classifier.py: model extra_trees: accuracy test: 0.9888235294117647, accuracy train: 1.0 | f1 micro test 0.9888235294117647, f1 micro train 1.0
2019-09-18 22:05:39,112 | train_ensemble_classifier.py: training ensemble model
2019-09-18 22:05:47,591 | train_ensemble_classifier.py: entered the function that trains one fold
2019-09-18 22:05:47,629 | train_ensemble_classifier.py: the training set has shape (13602, 93)
2019-09-18 22:05:47,633 | train_ensemble_classifier.py: the test set has shape (3398, 93)
2019-09-18 22:05:47,633 | train_ensemble_classifier.py: performing hyperparameter optimization
2019-09-18 22:05:58,364 | train_ensemble_classifier.py: entered evaluation function
2019-09-18 22:06:00,473 | train_ensemble_classifier.py: entered evaluation function
2019-09-18 22:06:05,295 | train_ensemble_classifier.py: entered evaluation function
2019-09-18 22:06:15,980 | train_ensemble_classifier.py: model knn: accuracy test: 0.9811930649426976, accuracy train: 1.0 | f1 micro test 0.9811930649426976, f1 micro train 1.0
2019-09-18 22:06:17,525 | train_ensemble_classifier.py: model gradient_boosting: accuracy test: 0.9894210990302674, accuracy train: 1.0 | f1 micro test 0.9894210990302674, f1 micro train 1.0
2019-09-18 22:06:20,146 | train_ensemble_classifier.py: model extra_trees: accuracy test: 0.9900088157508081, accuracy train: 1.0 | f1 micro test 0.9900088157508081, f1 micro train 1.0
2019-09-18 22:06:20,832 | train_ensemble_classifier.py: training ensemble model
2019-09-18 22:06:27,242 | train_ensemble_classifier.py: model knn: accuracy test: 0.9808823529411764, accuracy train: 1.0 | f1 micro test 0.9808823529411764, f1 micro train 1.0
2019-09-18 22:06:28,995 | train_ensemble_classifier.py: model gradient_boosting: accuracy test: 0.9897058823529412, accuracy train: 1.0 | f1 micro test 0.9897058823529412, f1 micro train 1.0
2019-09-18 22:06:30,633 | train_ensemble_classifier.py: model knn: accuracy test: 0.9820535451603413, accuracy train: 1.0 | f1 micro test 0.9820535451603413, f1 micro train 1.0
2019-09-18 22:06:31,482 | train_ensemble_classifier.py: model extra_trees: accuracy test: 0.9888235294117647, accuracy train: 1.0 | f1 micro test 0.9888235294117647, f1 micro train 1.0
2019-09-18 22:06:32,160 | train_ensemble_classifier.py: training ensemble model
2019-09-18 22:06:32,353 | train_ensemble_classifier.py: model gradient_boosting: accuracy test: 0.9897028537805237, accuracy train: 1.0 | f1 micro test 0.9897028537805237, f1 micro train 1.0
2019-09-18 22:06:35,090 | train_ensemble_classifier.py: model extra_trees: accuracy test: 0.9894086496028244, accuracy train: 1.0 | f1 micro test 0.9894086496028244, f1 micro train 1.0
2019-09-18 22:06:35,681 | train_ensemble_classifier.py: training ensemble model
2019-09-18 22:18:11,078 | train_ensemble_classifier.py: entered evaluation function
2019-09-18 22:18:41,011 | train_ensemble_classifier.py: model knn: accuracy test: 0.9844025897586816, accuracy train: 1.0 | f1 micro test 0.9844025897586816, f1 micro train 1.0
2019-09-18 22:18:42,342 | train_ensemble_classifier.py: model gradient_boosting: accuracy test: 0.9891112419070042, accuracy train: 1.0 | f1 micro test 0.9891112419070042, f1 micro train 1.0
2019-09-18 22:18:44,420 | train_ensemble_classifier.py: model extra_trees: accuracy test: 0.9861683343143025, accuracy train: 1.0 | f1 micro test 0.9861683343143025, f1 micro train 1.0
2019-09-18 22:18:45,026 | train_ensemble_classifier.py: training ensemble model
