2019-09-19 08:43:28,256 | train_ensemble_classifier.py: intialized training class
2019-09-19 08:43:28,256 | train_ensemble_classifier.py: the metrics are saved to /home/kevin/Dropbox (LSMO)/proj62_guess_oxidation_states/machine_learn_oxstates/metrics
2019-09-19 08:43:28,256 | train_ensemble_classifier.py: the models are saved to /home/kevin/Dropbox (LSMO)/proj62_guess_oxidation_states/machine_learn_oxstates/models
2019-09-19 08:43:28,263 | train_ensemble_classifier.py: the classdistribution is {3: 2734, 2: 11579, 1: 2642, 6: 226, 4: 325, 5: 103, 7: 1}
2019-09-19 08:43:28,263 | train_ensemble_classifier.py: will drop class 7 since it has not enough examples
2019-09-19 08:43:28,361 | train_ensemble_classifier.py: entered the function that trains one fold
2019-09-19 08:43:28,395 | train_ensemble_classifier.py: entered the function that trains one fold
2019-09-19 08:43:28,427 | train_ensemble_classifier.py: entered the function that trains one fold
2019-09-19 08:43:28,428 | train_ensemble_classifier.py: the training set has shape (13597, 93)
2019-09-19 08:43:28,445 | train_ensemble_classifier.py: the test set has shape (3403, 93)
2019-09-19 08:43:28,446 | train_ensemble_classifier.py: performing hyperparameter optimization
2019-09-19 08:43:28,470 | train_ensemble_classifier.py: entered the function that trains one fold
2019-09-19 08:43:28,469 | train_ensemble_classifier.py: the training set has shape (13600, 93)
2019-09-19 08:43:28,486 | train_ensemble_classifier.py: the test set has shape (3400, 93)
2019-09-19 08:43:28,486 | train_ensemble_classifier.py: performing hyperparameter optimization
2019-09-19 08:43:28,512 | train_ensemble_classifier.py: entered the function that trains one fold
2019-09-19 08:43:28,529 | train_ensemble_classifier.py: the training set has shape (13600, 93)
2019-09-19 08:43:28,545 | train_ensemble_classifier.py: the test set has shape (3400, 93)
2019-09-19 08:43:28,545 | train_ensemble_classifier.py: performing hyperparameter optimization
2019-09-19 08:43:28,553 | train_ensemble_classifier.py: the training set has shape (13601, 93)
2019-09-19 08:43:28,573 | train_ensemble_classifier.py: the test set has shape (3399, 93)
2019-09-19 08:43:28,573 | train_ensemble_classifier.py: performing hyperparameter optimization
2019-09-19 08:43:28,590 | train_ensemble_classifier.py: the training set has shape (13602, 93)
2019-09-19 08:43:28,603 | train_ensemble_classifier.py: the test set has shape (3398, 93)
2019-09-19 08:43:28,604 | train_ensemble_classifier.py: performing hyperparameter optimization
2019-09-19 09:34:52,783 | train_ensemble_classifier.py: entered evaluation function
2019-09-19 09:35:48,992 | train_ensemble_classifier.py: model knn: accuracy test: 0.9844117647058823, accuracy train: 1.0 | f1 micro test 0.9844117647058823, f1 micro train 1.0
2019-09-19 09:35:50,564 | train_ensemble_classifier.py: model gradient_boosting: accuracy test: 0.9888235294117647, accuracy train: 1.0 | f1 micro test 0.9888235294117647, f1 micro train 1.0
2019-09-19 09:35:59,341 | train_ensemble_classifier.py: model extra_trees: accuracy test: 0.9888235294117647, accuracy train: 1.0 | f1 micro test 0.9888235294117647, f1 micro train 1.0
2019-09-19 09:36:01,351 | train_ensemble_classifier.py: training ensemble model
2019-09-19 09:37:43,767 | train_ensemble_classifier.py: entered evaluation function
2019-09-19 09:37:54,559 | train_ensemble_classifier.py: entered evaluation function
2019-09-19 09:38:02,021 | train_ensemble_classifier.py: entered evaluation function
2019-09-19 09:38:27,750 | train_ensemble_classifier.py: model knn: accuracy test: 0.9811930649426976, accuracy train: 1.0 | f1 micro test 0.9811930649426976, f1 micro train 1.0
2019-09-19 09:38:31,959 | train_ensemble_classifier.py: model gradient_boosting: accuracy test: 0.9894210990302674, accuracy train: 1.0 | f1 micro test 0.9894210990302674, f1 micro train 1.0
2019-09-19 09:38:35,360 | train_ensemble_classifier.py: entered evaluation function
2019-09-19 09:38:38,972 | train_ensemble_classifier.py: model extra_trees: accuracy test: 0.9900088157508081, accuracy train: 1.0 | f1 micro test 0.9900088157508081, f1 micro train 1.0
2019-09-19 09:38:40,672 | train_ensemble_classifier.py: training ensemble model
2019-09-19 09:39:02,452 | train_ensemble_classifier.py: model knn: accuracy test: 0.9820535451603413, accuracy train: 1.0 | f1 micro test 0.9820535451603413, f1 micro train 1.0
2019-09-19 09:39:05,741 | train_ensemble_classifier.py: model gradient_boosting: accuracy test: 0.9897028537805237, accuracy train: 1.0 | f1 micro test 0.9897028537805237, f1 micro train 1.0
2019-09-19 09:39:11,200 | train_ensemble_classifier.py: model extra_trees: accuracy test: 0.9894086496028244, accuracy train: 1.0 | f1 micro test 0.9894086496028244, f1 micro train 1.0
2019-09-19 09:39:12,501 | train_ensemble_classifier.py: training ensemble model
2019-09-19 09:39:23,252 | train_ensemble_classifier.py: model knn: accuracy test: 0.9844025897586816, accuracy train: 1.0 | f1 micro test 0.9844025897586816, f1 micro train 1.0
2019-09-19 09:39:26,666 | train_ensemble_classifier.py: model gradient_boosting: accuracy test: 0.9891112419070042, accuracy train: 1.0 | f1 micro test 0.9891112419070042, f1 micro train 1.0
2019-09-19 09:39:31,595 | train_ensemble_classifier.py: model extra_trees: accuracy test: 0.9861683343143025, accuracy train: 1.0 | f1 micro test 0.9861683343143025, f1 micro train 1.0
2019-09-19 09:39:32,781 | train_ensemble_classifier.py: training ensemble model
2019-09-19 09:39:33,045 | train_ensemble_classifier.py: model knn: accuracy test: 0.9808823529411764, accuracy train: 1.0 | f1 micro test 0.9808823529411764, f1 micro train 1.0
2019-09-19 09:39:36,050 | train_ensemble_classifier.py: model gradient_boosting: accuracy test: 0.9897058823529412, accuracy train: 1.0 | f1 micro test 0.9897058823529412, f1 micro train 1.0
2019-09-19 09:39:40,881 | train_ensemble_classifier.py: model extra_trees: accuracy test: 0.9888235294117647, accuracy train: 1.0 | f1 micro test 0.9888235294117647, f1 micro train 1.0
2019-09-19 09:39:41,957 | train_ensemble_classifier.py: training ensemble model
