2019-09-22 19:52:02,197 | train_ensemble_classifier.py: intialized training class
2019-09-22 19:52:02,197 | train_ensemble_classifier.py: the metrics are saved to /home/kevin/Dropbox (LSMO)/proj62_guess_oxidation_states/machine_learn_oxstates/metrics
2019-09-22 19:52:02,197 | train_ensemble_classifier.py: the models are saved to /home/kevin/Dropbox (LSMO)/proj62_guess_oxidation_states/machine_learn_oxstates/models
2019-09-22 19:52:02,202 | train_ensemble_classifier.py: the classdistribution is {2: 13379, 1: 3092, 3: 3185, 4: 377, 5: 117, 6: 269}
2019-09-22 19:52:02,233 | train_ensemble_classifier.py: entered the function that trains one fold
2019-09-22 19:52:02,238 | train_ensemble_classifier.py: entered the function that trains one fold
2019-09-22 19:52:02,240 | train_ensemble_classifier.py: the training set has shape (2499, 85)
2019-09-22 19:52:02,245 | train_ensemble_classifier.py: the test set has shape (1750, 85)
2019-09-22 19:52:02,245 | train_ensemble_classifier.py: performing hyperparameter optimization
2019-09-22 19:52:02,245 | train_ensemble_classifier.py: the training set has shape (2501, 85)
2019-09-22 19:52:02,249 | train_ensemble_classifier.py: the test set has shape (1749, 85)
2019-09-22 19:52:02,249 | train_ensemble_classifier.py: performing hyperparameter optimization
2019-09-22 20:06:43,947 | train_ensemble_classifier.py: entered evaluation function
2019-09-22 20:06:45,885 | train_ensemble_classifier.py: model knn: accuracy test: 0.949685534591195, accuracy train: 0.9892340818209782 | f1 micro test 0.949685534591195, f1 micro train 0.9892340818209782
2019-09-22 20:06:46,037 | train_ensemble_classifier.py: model gradient_boosting: accuracy test: 0.9679817038307604, accuracy train: 0.9932328514303291 | f1 micro test 0.9679817038307604, f1 micro train 0.9932328514303291
2019-09-22 20:06:46,129 | train_ensemble_classifier.py: model extra_trees: accuracy test: 0.9725557461406518, accuracy train: 0.9938480467548446 | f1 micro test 0.9725557461406518, f1 micro train 0.9938480467548446
2019-09-22 20:06:46,161 | train_ensemble_classifier.py: model naive_bayes: accuracy test: 0.3110348770726129, accuracy train: 0.31744078745001536 | f1 micro test 0.3110348770726129, f1 micro train 0.31744078745001536
2019-09-22 20:06:46,162 | train_ensemble_classifier.py: training ensemble model
2019-09-22 20:06:46,162 | train_ensemble_classifier.py: calibrating  knn
2019-09-22 20:06:46,416 | train_ensemble_classifier.py: the accuracay on the validation set before calibration is 0.9533333333333334
2019-09-22 20:06:46,417 | train_ensemble_classifier.py: calibrating using sigmoid regression
2019-09-22 20:06:46,669 | train_ensemble_classifier.py: calibrating using sigmoid regression
2019-09-22 20:06:47,138 | train_ensemble_classifier.py: the accuracay on the validation set after calibration is 0.9533333333333334
2019-09-22 20:06:47,139 | train_ensemble_classifier.py: calibrating  gradient_boosting
2019-09-22 20:06:47,162 | train_ensemble_classifier.py: the accuracay on the validation set before calibration is 0.9706666666666667
2019-09-22 20:06:47,162 | train_ensemble_classifier.py: calibrating using sigmoid regression
2019-09-22 20:06:47,197 | train_ensemble_classifier.py: calibrating using sigmoid regression
2019-09-22 20:06:47,255 | train_ensemble_classifier.py: the accuracay on the validation set after calibration is 0.972
2019-09-22 20:06:47,255 | train_ensemble_classifier.py: calibrating  extra_trees
2019-09-22 20:06:47,258 | train_ensemble_classifier.py: the accuracay on the validation set before calibration is 0.9733333333333334
2019-09-22 20:06:47,258 | train_ensemble_classifier.py: calibrating using sigmoid regression
2019-09-22 20:06:47,275 | train_ensemble_classifier.py: calibrating using sigmoid regression
2019-09-22 20:06:47,293 | train_ensemble_classifier.py: the accuracay on the validation set after calibration is 0.972
2019-09-22 20:06:47,293 | train_ensemble_classifier.py: calibrating  naive_bayes
2019-09-22 20:06:47,296 | train_ensemble_classifier.py: the accuracay on the validation set before calibration is 0.3
2019-09-22 20:06:47,296 | train_ensemble_classifier.py: calibrating using sigmoid regression
2019-09-22 20:06:47,307 | train_ensemble_classifier.py: calibrating using sigmoid regression
2019-09-22 20:06:47,320 | train_ensemble_classifier.py: the accuracay on the validation set after calibration is 0.768
2019-09-22 20:06:47,321 | train_ensemble_classifier.py: entered evaluation function
2019-09-22 20:06:49,449 | train_ensemble_classifier.py: model ensemble: accuracy test: 0.964551172098342, accuracy train: 0.9929252537680714 | f1 micro test 0.964551172098342, f1 micro train 0.9929252537680714
2019-09-22 20:10:37,025 | train_ensemble_classifier.py: entered evaluation function
2019-09-22 20:10:38,626 | train_ensemble_classifier.py: model knn: accuracy test: 0.9594285714285714, accuracy train: 0.988 | f1 micro test 0.9594285714285714, f1 micro train 0.988
2019-09-22 20:10:38,735 | train_ensemble_classifier.py: model gradient_boosting: accuracy test: 0.9674285714285714, accuracy train: 0.9953846153846154 | f1 micro test 0.9674285714285714, f1 micro train 0.9953846153846154
2019-09-22 20:10:38,942 | train_ensemble_classifier.py: model extra_trees: accuracy test: 0.9731428571428572, accuracy train: 0.9938461538461538 | f1 micro test 0.9731428571428572, f1 micro train 0.9938461538461538
2019-09-22 20:10:39,093 | train_ensemble_classifier.py: model naive_bayes: accuracy test: 0.25142857142857145, accuracy train: 0.25446153846153846 | f1 micro test 0.25142857142857145, f1 micro train 0.25446153846153846
2019-09-22 20:10:39,095 | train_ensemble_classifier.py: training ensemble model
2019-09-22 20:10:39,095 | train_ensemble_classifier.py: calibrating  knn
2019-09-22 20:10:39,338 | train_ensemble_classifier.py: the accuracay on the validation set before calibration is 0.948069241011984
2019-09-22 20:10:39,338 | train_ensemble_classifier.py: calibrating using sigmoid regression
2019-09-22 20:10:39,593 | train_ensemble_classifier.py: calibrating using sigmoid regression
2019-09-22 20:10:40,072 | train_ensemble_classifier.py: the accuracay on the validation set after calibration is 0.9467376830892144
2019-09-22 20:10:40,072 | train_ensemble_classifier.py: calibrating  gradient_boosting
2019-09-22 20:10:40,086 | train_ensemble_classifier.py: the accuracay on the validation set before calibration is 0.9800266311584553
2019-09-22 20:10:40,087 | train_ensemble_classifier.py: calibrating using sigmoid regression
2019-09-22 20:10:40,113 | train_ensemble_classifier.py: calibrating using sigmoid regression
2019-09-22 20:10:40,169 | train_ensemble_classifier.py: the accuracay on the validation set after calibration is 0.9760319573901465
2019-09-22 20:10:40,169 | train_ensemble_classifier.py: calibrating  extra_trees
2019-09-22 20:10:40,200 | train_ensemble_classifier.py: the accuracay on the validation set before calibration is 0.9733688415446072
2019-09-22 20:10:40,200 | train_ensemble_classifier.py: calibrating using sigmoid regression
2019-09-22 20:10:40,244 | train_ensemble_classifier.py: calibrating using sigmoid regression
2019-09-22 20:10:40,319 | train_ensemble_classifier.py: the accuracay on the validation set after calibration is 0.9733688415446072
2019-09-22 20:10:40,319 | train_ensemble_classifier.py: calibrating  naive_bayes
2019-09-22 20:10:40,321 | train_ensemble_classifier.py: the accuracay on the validation set before calibration is 0.24101198402130491
2019-09-22 20:10:40,321 | train_ensemble_classifier.py: calibrating using sigmoid regression
2019-09-22 20:10:40,335 | train_ensemble_classifier.py: calibrating using sigmoid regression
2019-09-22 20:10:40,347 | train_ensemble_classifier.py: the accuracay on the validation set after calibration is 0.6671105193075899
2019-09-22 20:10:40,348 | train_ensemble_classifier.py: entered evaluation function
2019-09-22 20:10:42,204 | train_ensemble_classifier.py: model ensemble: accuracy test: 0.9674285714285714, accuracy train: 0.9935384615384616 | f1 micro test 0.9674285714285714, f1 micro train 0.9935384615384616
2019-09-22 20:10:42,435 | train_ensemble_classifier.py: entering the tracking function
