2019-09-22 22:08:51,262 | train_ensemble_classifier.py: intialized training class
2019-09-22 22:08:51,262 | train_ensemble_classifier.py: the metrics are saved to /home/kevin/Dropbox (LSMO)/proj62_guess_oxidation_states/machine_learn_oxstates/metrics
2019-09-22 22:08:51,263 | train_ensemble_classifier.py: the models are saved to /home/kevin/Dropbox (LSMO)/proj62_guess_oxidation_states/machine_learn_oxstates/models
2019-09-22 22:08:51,267 | train_ensemble_classifier.py: the classdistribution is {2: 13379, 1: 3092, 3: 3185, 4: 377, 5: 117, 6: 269}
2019-09-22 22:08:51,300 | train_ensemble_classifier.py: entered the function that trains one fold
2019-09-22 22:08:51,304 | train_ensemble_classifier.py: entered the function that trains one fold
2019-09-22 22:08:51,307 | train_ensemble_classifier.py: the training set has shape (2499, 85)
2019-09-22 22:08:51,311 | train_ensemble_classifier.py: the training set has shape (2501, 85)
2019-09-22 22:08:51,313 | train_ensemble_classifier.py: the test set has shape (1750, 85)
2019-09-22 22:08:51,314 | train_ensemble_classifier.py: performing hyperparameter optimization
2019-09-22 22:08:51,315 | train_ensemble_classifier.py: the test set has shape (1749, 85)
2019-09-22 22:08:51,315 | train_ensemble_classifier.py: performing hyperparameter optimization
2019-09-22 23:02:03,288 | train_ensemble_classifier.py: entered evaluation function
2019-09-22 23:02:04,906 | train_ensemble_classifier.py: model knn: accuracy test: 0.949685534591195, accuracy train: 0.9892340818209782 | f1 micro test 0.949685534591195, f1 micro train 0.9892340818209782
2019-09-22 23:02:05,107 | train_ensemble_classifier.py: model gradient_boosting: accuracy test: 0.9702687249857062, accuracy train: 0.9938480467548446 | f1 micro test 0.9702687249857062, f1 micro train 0.9938480467548446
2019-09-22 23:02:05,295 | train_ensemble_classifier.py: model extra_trees: accuracy test: 0.9725557461406518, accuracy train: 0.9938480467548446 | f1 micro test 0.9725557461406518, f1 micro train 0.9938480467548446
2019-09-22 23:02:06,658 | train_ensemble_classifier.py: model svc: accuracy test: 0.7198399085191538, accuracy train: 0.9317133189787757 | f1 micro test 0.7198399085191538, f1 micro train 0.9317133189787757
2019-09-22 23:02:06,661 | train_ensemble_classifier.py: training ensemble model
2019-09-22 23:02:06,661 | train_ensemble_classifier.py: calibrating  knn
2019-09-22 23:02:06,971 | train_ensemble_classifier.py: the accuracay on the validation set before calibration is 0.9533333333333334
2019-09-22 23:02:06,971 | train_ensemble_classifier.py: calibrating using sigmoid regression
2019-09-22 23:02:07,217 | train_ensemble_classifier.py: calibrating using sigmoid regression
2019-09-22 23:02:07,696 | train_ensemble_classifier.py: the accuracay on the validation set after calibration is 0.9533333333333334
2019-09-22 23:02:07,696 | train_ensemble_classifier.py: calibrating  gradient_boosting
2019-09-22 23:02:07,725 | train_ensemble_classifier.py: the accuracay on the validation set before calibration is 0.9733333333333334
2019-09-22 23:02:07,725 | train_ensemble_classifier.py: calibrating using sigmoid regression
2019-09-22 23:02:07,763 | train_ensemble_classifier.py: calibrating using sigmoid regression
2019-09-22 23:02:07,830 | train_ensemble_classifier.py: the accuracay on the validation set after calibration is 0.972
2019-09-22 23:02:07,830 | train_ensemble_classifier.py: calibrating  extra_trees
2019-09-22 23:02:07,833 | train_ensemble_classifier.py: the accuracay on the validation set before calibration is 0.9733333333333334
2019-09-22 23:02:07,833 | train_ensemble_classifier.py: calibrating using sigmoid regression
2019-09-22 23:02:07,849 | train_ensemble_classifier.py: calibrating using sigmoid regression
2019-09-22 23:02:07,867 | train_ensemble_classifier.py: the accuracay on the validation set after calibration is 0.972
2019-09-22 23:02:07,867 | train_ensemble_classifier.py: calibrating  svc
2019-09-22 23:02:08,070 | train_ensemble_classifier.py: the accuracay on the validation set before calibration is 0.704
2019-09-22 23:02:08,070 | train_ensemble_classifier.py: calibrating using sigmoid regression
2019-09-22 23:02:08,292 | train_ensemble_classifier.py: calibrating using sigmoid regression
2019-09-22 23:02:08,727 | train_ensemble_classifier.py: the accuracay on the validation set after calibration is 0.7133333333333334
2019-09-22 23:02:08,727 | train_ensemble_classifier.py: entered evaluation function
2019-09-22 23:02:12,202 | train_ensemble_classifier.py: model ensemble: accuracy test: 0.9668381932532876, accuracy train: 0.9938480467548446 | f1 micro test 0.9668381932532876, f1 micro train 0.9938480467548446
2019-09-22 23:13:02,958 | train_ensemble_classifier.py: entered evaluation function
2019-09-22 23:13:04,476 | train_ensemble_classifier.py: model knn: accuracy test: 0.9594285714285714, accuracy train: 0.988 | f1 micro test 0.9594285714285714, f1 micro train 0.988
2019-09-22 23:13:04,591 | train_ensemble_classifier.py: model gradient_boosting: accuracy test: 0.9674285714285714, accuracy train: 0.9953846153846154 | f1 micro test 0.9674285714285714, f1 micro train 0.9953846153846154
2019-09-22 23:13:04,770 | train_ensemble_classifier.py: model extra_trees: accuracy test: 0.9771428571428571, accuracy train: 0.9941538461538462 | f1 micro test 0.9771428571428571, f1 micro train 0.9941538461538463
2019-09-22 23:13:05,004 | train_ensemble_classifier.py: model svc: accuracy test: 0.9457142857142857, accuracy train: 0.9732307692307692 | f1 micro test 0.9457142857142857, f1 micro train 0.9732307692307692
2019-09-22 23:13:05,006 | train_ensemble_classifier.py: training ensemble model
2019-09-22 23:13:05,006 | train_ensemble_classifier.py: calibrating  knn
2019-09-22 23:13:05,239 | train_ensemble_classifier.py: the accuracay on the validation set before calibration is 0.948069241011984
2019-09-22 23:13:05,239 | train_ensemble_classifier.py: calibrating using sigmoid regression
2019-09-22 23:13:05,590 | train_ensemble_classifier.py: calibrating using sigmoid regression
2019-09-22 23:13:06,203 | train_ensemble_classifier.py: the accuracay on the validation set after calibration is 0.9467376830892144
2019-09-22 23:13:06,203 | train_ensemble_classifier.py: calibrating  gradient_boosting
2019-09-22 23:13:06,220 | train_ensemble_classifier.py: the accuracay on the validation set before calibration is 0.9800266311584553
2019-09-22 23:13:06,220 | train_ensemble_classifier.py: calibrating using sigmoid regression
2019-09-22 23:13:06,249 | train_ensemble_classifier.py: calibrating using sigmoid regression
2019-09-22 23:13:06,295 | train_ensemble_classifier.py: the accuracay on the validation set after calibration is 0.9760319573901465
2019-09-22 23:13:06,295 | train_ensemble_classifier.py: calibrating  extra_trees
2019-09-22 23:13:06,323 | train_ensemble_classifier.py: the accuracay on the validation set before calibration is 0.9747003994673769
2019-09-22 23:13:06,323 | train_ensemble_classifier.py: calibrating using sigmoid regression
2019-09-22 23:13:06,359 | train_ensemble_classifier.py: calibrating using sigmoid regression
2019-09-22 23:13:06,408 | train_ensemble_classifier.py: the accuracay on the validation set after calibration is 0.9747003994673769
2019-09-22 23:13:06,408 | train_ensemble_classifier.py: calibrating  svc
2019-09-22 23:13:06,433 | train_ensemble_classifier.py: the accuracay on the validation set before calibration is 0.9387483355525965
2019-09-22 23:13:06,433 | train_ensemble_classifier.py: calibrating using sigmoid regression
2019-09-22 23:13:06,471 | train_ensemble_classifier.py: calibrating using sigmoid regression
2019-09-22 23:13:06,532 | train_ensemble_classifier.py: the accuracay on the validation set after calibration is 0.9400798934753661
2019-09-22 23:13:06,533 | train_ensemble_classifier.py: entered evaluation function
2019-09-22 23:13:08,401 | train_ensemble_classifier.py: model ensemble: accuracy test: 0.972, accuracy train: 0.9932307692307693 | f1 micro test 0.972, f1 micro train 0.9932307692307693
2019-09-22 23:13:08,562 | train_ensemble_classifier.py: entering the tracking function
