2019-09-19 10:04:39,480 | train_ensemble_classifier.py: intialized training class
2019-09-19 10:04:39,480 | train_ensemble_classifier.py: the metrics are saved to /home/kevin/Dropbox (LSMO)/proj62_guess_oxidation_states/machine_learn_oxstates/metrics
2019-09-19 10:04:39,481 | train_ensemble_classifier.py: the models are saved to /home/kevin/Dropbox (LSMO)/proj62_guess_oxidation_states/machine_learn_oxstates/models
2019-09-19 10:04:39,488 | train_ensemble_classifier.py: the classdistribution is {3: 2734, 2: 11579, 1: 2642, 6: 226, 4: 325, 5: 103, 7: 1}
2019-09-19 10:04:39,488 | train_ensemble_classifier.py: will drop class 7 since it has not enough examples
2019-09-19 10:04:39,586 | train_ensemble_classifier.py: entered the function that trains one fold
2019-09-19 10:04:39,619 | train_ensemble_classifier.py: entered the function that trains one fold
2019-09-19 10:04:39,655 | train_ensemble_classifier.py: entered the function that trains one fold
2019-09-19 10:04:39,654 | train_ensemble_classifier.py: the training set has shape (13597, 93)
2019-09-19 10:04:39,661 | train_ensemble_classifier.py: the test set has shape (3403, 93)
2019-09-19 10:04:39,661 | train_ensemble_classifier.py: performing hyperparameter optimization
2019-09-19 10:04:39,695 | train_ensemble_classifier.py: entered the function that trains one fold
2019-09-19 10:04:39,691 | train_ensemble_classifier.py: the training set has shape (13600, 93)
2019-09-19 10:04:39,704 | train_ensemble_classifier.py: the test set has shape (3400, 93)
2019-09-19 10:04:39,704 | train_ensemble_classifier.py: performing hyperparameter optimization
2019-09-19 10:04:39,729 | train_ensemble_classifier.py: entered the function that trains one fold
2019-09-19 10:04:39,726 | train_ensemble_classifier.py: the training set has shape (13600, 93)
2019-09-19 10:04:39,738 | train_ensemble_classifier.py: the test set has shape (3400, 93)
2019-09-19 10:04:39,739 | train_ensemble_classifier.py: performing hyperparameter optimization
2019-09-19 10:04:39,759 | train_ensemble_classifier.py: the training set has shape (13601, 93)
2019-09-19 10:04:39,767 | train_ensemble_classifier.py: the test set has shape (3399, 93)
2019-09-19 10:04:39,768 | train_ensemble_classifier.py: performing hyperparameter optimization
2019-09-19 10:04:39,799 | train_ensemble_classifier.py: the training set has shape (13602, 93)
2019-09-19 10:04:39,814 | train_ensemble_classifier.py: the test set has shape (3398, 93)
2019-09-19 10:04:39,815 | train_ensemble_classifier.py: performing hyperparameter optimization
2019-09-19 11:02:26,569 | train_ensemble_classifier.py: entered evaluation function
2019-09-19 11:05:06,001 | train_ensemble_classifier.py: entered evaluation function
2019-09-19 11:05:15,903 | train_ensemble_classifier.py: entered evaluation function
2019-09-19 11:05:32,382 | train_ensemble_classifier.py: entered evaluation function
2019-09-19 11:05:37,496 | train_ensemble_classifier.py: entered evaluation function
