2019-09-18 13:45:33,312 | train_ensemble_classifier.py: intialized training class
2019-09-18 13:45:33,312 | train_ensemble_classifier.py: the metrics are saved to /home/kevin/Dropbox (LSMO)/proj62_guess_oxidation_states/machine_learn_oxstates/metrics
2019-09-18 13:45:33,312 | train_ensemble_classifier.py: the models are saved to /home/kevin/Dropbox (LSMO)/proj62_guess_oxidation_states/machine_learn_oxstates/models
2019-09-18 13:45:33,359 | train_ensemble_classifier.py: entered the function that trains one fold
2019-09-18 13:45:33,373 | train_ensemble_classifier.py: entered the function that trains one fold
2019-09-18 13:45:33,380 | train_ensemble_classifier.py: the training set has shape (4664, 102)
2019-09-18 13:45:33,388 | train_ensemble_classifier.py: the test set has shape (2336, 102)
2019-09-18 13:45:33,388 | train_ensemble_classifier.py: performing hyperparameter optimization
2019-09-18 13:45:33,397 | train_ensemble_classifier.py: entered the function that trains one fold
2019-09-18 13:45:33,400 | train_ensemble_classifier.py: the training set has shape (4667, 102)
2019-09-18 13:45:33,408 | train_ensemble_classifier.py: the test set has shape (2333, 102)
2019-09-18 13:45:33,408 | train_ensemble_classifier.py: performing hyperparameter optimization
2019-09-18 13:45:33,422 | train_ensemble_classifier.py: the training set has shape (4669, 102)
2019-09-18 13:45:33,426 | train_ensemble_classifier.py: the test set has shape (2331, 102)
2019-09-18 13:45:33,427 | train_ensemble_classifier.py: performing hyperparameter optimization
2019-09-18 14:57:27,284 | train_ensemble_classifier.py: entered evaluation function
2019-09-18 14:58:32,276 | train_ensemble_classifier.py: model knn: accuracy test: 0.9627089584226318, accuracy train: 1.0 | f1 micro test 0.9627089584226318, f1 micro train 1.0
2019-09-18 14:58:33,037 | train_ensemble_classifier.py: model gradient_boosting: accuracy test: 0.9768538362623231, accuracy train: 1.0 | f1 micro test 0.9768538362623231, f1 micro train 1.0
2019-09-18 14:58:36,174 | train_ensemble_classifier.py: model extra_trees: accuracy test: 0.9807115302186027, accuracy train: 1.0 | f1 micro test 0.9807115302186027, f1 micro train 1.0
2019-09-18 14:58:37,579 | train_ensemble_classifier.py: training ensemble model
2019-09-18 15:29:45,186 | train_ensemble_classifier.py: entered evaluation function
2019-09-18 15:29:58,286 | train_ensemble_classifier.py: model knn: accuracy test: 0.9781209781209781, accuracy train: 1.0 | f1 micro test 0.9781209781209781, f1 micro train 1.0
2019-09-18 15:29:59,611 | train_ensemble_classifier.py: model gradient_boosting: accuracy test: 0.9824109824109825, accuracy train: 1.0 | f1 micro test 0.9824109824109825, f1 micro train 1.0
2019-09-18 15:30:02,434 | train_ensemble_classifier.py: model extra_trees: accuracy test: 0.9888459888459888, accuracy train: 1.0 | f1 micro test 0.9888459888459888, f1 micro train 1.0
2019-09-18 15:30:03,796 | train_ensemble_classifier.py: training ensemble model
2019-09-18 16:05:32,345 | train_ensemble_classifier.py: entered evaluation function
2019-09-18 16:05:39,376 | train_ensemble_classifier.py: model knn: accuracy test: 0.9700342465753424, accuracy train: 1.0 | f1 micro test 0.9700342465753424, f1 micro train 1.0
2019-09-18 16:05:41,920 | train_ensemble_classifier.py: model gradient_boosting: accuracy test: 0.824486301369863, accuracy train: 0.8902229845626072 | f1 micro test 0.824486301369863, f1 micro train 0.8902229845626072
2019-09-18 16:05:43,736 | train_ensemble_classifier.py: model extra_trees: accuracy test: 0.980736301369863, accuracy train: 1.0 | f1 micro test 0.980736301369863, f1 micro train 1.0
2019-09-18 16:05:44,533 | train_ensemble_classifier.py: training ensemble model
