2019-09-19 17:11:57,918 | train_ensemble_classifier.py: intialized training class
2019-09-19 17:11:57,919 | train_ensemble_classifier.py: the metrics are saved to /home/kevin/Dropbox (LSMO)/proj62_guess_oxidation_states/machine_learn_oxstates/metrics
2019-09-19 17:11:57,919 | train_ensemble_classifier.py: the models are saved to /home/kevin/Dropbox (LSMO)/proj62_guess_oxidation_states/machine_learn_oxstates/models
2019-09-19 17:11:57,925 | train_ensemble_classifier.py: the classdistribution is {3: 2734, 2: 11579, 1: 2642, 6: 226, 4: 325, 5: 103, 7: 1}
2019-09-19 17:11:57,925 | train_ensemble_classifier.py: will drop class 7 since it has not enough examples
2019-09-19 17:11:58,012 | train_ensemble_classifier.py: entered the function that trains one fold
2019-09-19 17:11:58,024 | train_ensemble_classifier.py: entered the function that trains one fold
2019-09-19 17:11:58,034 | train_ensemble_classifier.py: entered the function that trains one fold
2019-09-19 17:11:58,043 | train_ensemble_classifier.py: the training set has shape (4497, 93)
2019-09-19 17:11:58,048 | train_ensemble_classifier.py: the test set has shape (503, 93)
2019-09-19 17:11:58,048 | train_ensemble_classifier.py: performing hyperparameter optimization
2019-09-19 17:11:58,048 | train_ensemble_classifier.py: entered the function that trains one fold
2019-09-19 17:11:58,057 | train_ensemble_classifier.py: the training set has shape (4498, 93)
2019-09-19 17:11:58,060 | train_ensemble_classifier.py: the test set has shape (502, 93)
2019-09-19 17:11:58,060 | train_ensemble_classifier.py: performing hyperparameter optimization
2019-09-19 17:11:58,061 | train_ensemble_classifier.py: the training set has shape (4498, 93)
2019-09-19 17:11:58,064 | train_ensemble_classifier.py: entered the function that trains one fold
2019-09-19 17:11:58,065 | train_ensemble_classifier.py: the test set has shape (502, 93)
2019-09-19 17:11:58,066 | train_ensemble_classifier.py: performing hyperparameter optimization
2019-09-19 17:11:58,079 | train_ensemble_classifier.py: the training set has shape (4498, 93)
2019-09-19 17:11:58,084 | train_ensemble_classifier.py: the test set has shape (502, 93)
2019-09-19 17:11:58,084 | train_ensemble_classifier.py: performing hyperparameter optimization
2019-09-19 17:11:58,092 | train_ensemble_classifier.py: the training set has shape (4499, 93)
2019-09-19 17:11:58,096 | train_ensemble_classifier.py: the test set has shape (501, 93)
2019-09-19 17:11:58,096 | train_ensemble_classifier.py: performing hyperparameter optimization
2019-09-19 17:19:51,168 | train_ensemble_classifier.py: entered evaluation function
2019-09-19 17:19:52,851 | train_ensemble_classifier.py: entered evaluation function
2019-09-19 17:19:58,773 | train_ensemble_classifier.py: model knn: accuracy test: 0.9721669980119284, accuracy train: 1.0 | f1 micro test 0.9721669980119284, f1 micro train 1.0
2019-09-19 17:19:59,647 | train_ensemble_classifier.py: model gradient_boosting: accuracy test: 0.9801192842942346, accuracy train: 1.0 | f1 micro test 0.9801192842942346, f1 micro train 1.0
2019-09-19 17:20:00,363 | train_ensemble_classifier.py: model extra_trees: accuracy test: 0.9840954274353877, accuracy train: 1.0 | f1 micro test 0.9840954274353877, f1 micro train 1.0
2019-09-19 17:20:00,626 | train_ensemble_classifier.py: training ensemble model
2019-09-19 17:20:00,627 | train_ensemble_classifier.py: calibrating  knn
2019-09-19 17:20:00,651 | train_ensemble_classifier.py: could not understand choice for probability calibration method, will use sigmoid regression
2019-09-19 17:20:00,786 | train_ensemble_classifier.py: calibrating  gradient_boosting
2019-09-19 17:20:01,847 | train_ensemble_classifier.py: model knn: accuracy test: 0.9681274900398407, accuracy train: 1.0 | f1 micro test 0.9681274900398407, f1 micro train 1.0
2019-09-19 17:20:02,752 | train_ensemble_classifier.py: model gradient_boosting: accuracy test: 0.9840637450199203, accuracy train: 1.0 | f1 micro test 0.9840637450199203, f1 micro train 1.0
2019-09-19 17:20:03,501 | train_ensemble_classifier.py: model extra_trees: accuracy test: 0.9840637450199203, accuracy train: 1.0 | f1 micro test 0.9840637450199203, f1 micro train 1.0
2019-09-19 17:20:03,727 | train_ensemble_classifier.py: training ensemble model
2019-09-19 17:20:03,727 | train_ensemble_classifier.py: calibrating  knn
2019-09-19 17:20:03,751 | train_ensemble_classifier.py: could not understand choice for probability calibration method, will use sigmoid regression
2019-09-19 17:20:03,905 | train_ensemble_classifier.py: calibrating  gradient_boosting
2019-09-19 17:20:37,632 | train_ensemble_classifier.py: entered evaluation function
2019-09-19 17:20:37,892 | train_ensemble_classifier.py: entered evaluation function
2019-09-19 17:20:41,512 | train_ensemble_classifier.py: entered evaluation function
2019-09-19 17:20:45,669 | train_ensemble_classifier.py: model knn: accuracy test: 0.9641434262948207, accuracy train: 1.0 | f1 micro test 0.9641434262948207, f1 micro train 1.0
2019-09-19 17:20:46,517 | train_ensemble_classifier.py: model knn: accuracy test: 0.9660678642714571, accuracy train: 1.0 | f1 micro test 0.9660678642714571, f1 micro train 1.0
2019-09-19 17:20:46,597 | train_ensemble_classifier.py: model gradient_boosting: accuracy test: 0.9760956175298805, accuracy train: 1.0 | f1 micro test 0.9760956175298805, f1 micro train 1.0
2019-09-19 17:20:47,494 | train_ensemble_classifier.py: model gradient_boosting: accuracy test: 0.9820359281437125, accuracy train: 1.0 | f1 micro test 0.9820359281437125, f1 micro train 1.0
2019-09-19 17:20:48,275 | train_ensemble_classifier.py: model extra_trees: accuracy test: 0.9760479041916168, accuracy train: 1.0 | f1 micro test 0.9760479041916168, f1 micro train 1.0
2019-09-19 17:20:48,580 | train_ensemble_classifier.py: training ensemble model
2019-09-19 17:20:48,580 | train_ensemble_classifier.py: calibrating  knn
2019-09-19 17:20:48,607 | train_ensemble_classifier.py: could not understand choice for probability calibration method, will use sigmoid regression
2019-09-19 17:20:48,777 | train_ensemble_classifier.py: calibrating  gradient_boosting
2019-09-19 17:20:49,032 | train_ensemble_classifier.py: model extra_trees: accuracy test: 0.9422310756972112, accuracy train: 1.0 | f1 micro test 0.9422310756972112, f1 micro train 1.0
2019-09-19 17:20:50,005 | train_ensemble_classifier.py: model knn: accuracy test: 0.9741035856573705, accuracy train: 1.0 | f1 micro test 0.9741035856573705, f1 micro train 1.0
2019-09-19 17:20:50,391 | train_ensemble_classifier.py: model gradient_boosting: accuracy test: 0.9741035856573705, accuracy train: 1.0 | f1 micro test 0.9741035856573705, f1 micro train 1.0
2019-09-19 17:20:50,690 | train_ensemble_classifier.py: training ensemble model
2019-09-19 17:20:50,690 | train_ensemble_classifier.py: calibrating  knn
2019-09-19 17:20:50,729 | train_ensemble_classifier.py: could not understand choice for probability calibration method, will use sigmoid regression
2019-09-19 17:20:50,922 | train_ensemble_classifier.py: calibrating  gradient_boosting
2019-09-19 17:20:52,829 | train_ensemble_classifier.py: model extra_trees: accuracy test: 0.9760956175298805, accuracy train: 1.0 | f1 micro test 0.9760956175298805, f1 micro train 1.0
2019-09-19 17:20:54,101 | train_ensemble_classifier.py: training ensemble model
2019-09-19 17:20:54,102 | train_ensemble_classifier.py: calibrating  knn
2019-09-19 17:20:54,126 | train_ensemble_classifier.py: could not understand choice for probability calibration method, will use sigmoid regression
2019-09-19 17:20:54,267 | train_ensemble_classifier.py: calibrating  gradient_boosting
2019-09-19 17:21:09,671 | train_ensemble_classifier.py: could not understand choice for probability calibration method, will use sigmoid regression
2019-09-19 17:21:09,818 | train_ensemble_classifier.py: calibrating  extra_trees
2019-09-19 17:21:12,555 | train_ensemble_classifier.py: could not understand choice for probability calibration method, will use sigmoid regression
2019-09-19 17:21:12,677 | train_ensemble_classifier.py: now fitting votingclassifier
2019-09-19 17:21:12,698 | train_ensemble_classifier.py: entered the function that trains one fold
2019-09-19 17:21:12,725 | train_ensemble_classifier.py: the training set has shape (4501, 93)
2019-09-19 17:21:12,730 | train_ensemble_classifier.py: the test set has shape (499, 93)
2019-09-19 17:21:12,730 | train_ensemble_classifier.py: performing hyperparameter optimization
2019-09-19 17:21:14,755 | train_ensemble_classifier.py: could not understand choice for probability calibration method, will use sigmoid regression
2019-09-19 17:21:14,898 | train_ensemble_classifier.py: calibrating  extra_trees
2019-09-19 17:21:17,077 | train_ensemble_classifier.py: could not understand choice for probability calibration method, will use sigmoid regression
2019-09-19 17:21:17,168 | train_ensemble_classifier.py: now fitting votingclassifier
2019-09-19 17:21:17,184 | train_ensemble_classifier.py: entered the function that trains one fold
2019-09-19 17:21:17,206 | train_ensemble_classifier.py: the training set has shape (4501, 93)
2019-09-19 17:21:17,208 | train_ensemble_classifier.py: the test set has shape (499, 93)
2019-09-19 17:21:17,208 | train_ensemble_classifier.py: performing hyperparameter optimization
2019-09-19 17:21:37,818 | train_ensemble_classifier.py: could not understand choice for probability calibration method, will use sigmoid regression
2019-09-19 17:21:37,901 | train_ensemble_classifier.py: calibrating  extra_trees
2019-09-19 17:21:53,803 | train_ensemble_classifier.py: could not understand choice for probability calibration method, will use sigmoid regression
2019-09-19 17:21:53,948 | train_ensemble_classifier.py: calibrating  extra_trees
2019-09-19 17:21:59,720 | train_ensemble_classifier.py: could not understand choice for probability calibration method, will use sigmoid regression
2019-09-19 17:21:59,869 | train_ensemble_classifier.py: calibrating  extra_trees
2019-09-19 17:22:02,142 | train_ensemble_classifier.py: could not understand choice for probability calibration method, will use sigmoid regression
2019-09-19 17:22:02,267 | train_ensemble_classifier.py: now fitting votingclassifier
2019-09-19 17:22:02,280 | train_ensemble_classifier.py: entered the function that trains one fold
2019-09-19 17:22:02,296 | train_ensemble_classifier.py: the training set has shape (4502, 93)
2019-09-19 17:22:02,300 | train_ensemble_classifier.py: the test set has shape (498, 93)
2019-09-19 17:22:02,301 | train_ensemble_classifier.py: performing hyperparameter optimization
2019-09-19 17:22:26,463 | train_ensemble_classifier.py: could not understand choice for probability calibration method, will use sigmoid regression
2019-09-19 17:22:27,032 | train_ensemble_classifier.py: now fitting votingclassifier
2019-09-19 17:22:27,046 | train_ensemble_classifier.py: entered the function that trains one fold
2019-09-19 17:22:27,064 | train_ensemble_classifier.py: the training set has shape (4503, 93)
2019-09-19 17:22:27,068 | train_ensemble_classifier.py: the test set has shape (497, 93)
2019-09-19 17:22:27,068 | train_ensemble_classifier.py: performing hyperparameter optimization
2019-09-19 17:22:40,796 | train_ensemble_classifier.py: could not understand choice for probability calibration method, will use sigmoid regression
2019-09-19 17:22:41,214 | train_ensemble_classifier.py: now fitting votingclassifier
2019-09-19 17:22:41,229 | train_ensemble_classifier.py: entered the function that trains one fold
2019-09-19 17:22:41,247 | train_ensemble_classifier.py: the training set has shape (4503, 93)
2019-09-19 17:22:41,249 | train_ensemble_classifier.py: the test set has shape (497, 93)
2019-09-19 17:22:41,249 | train_ensemble_classifier.py: performing hyperparameter optimization
2019-09-19 17:29:42,881 | train_ensemble_classifier.py: entered evaluation function
2019-09-19 17:29:49,600 | train_ensemble_classifier.py: model knn: accuracy test: 0.9559118236472945, accuracy train: 1.0 | f1 micro test 0.9559118236472945, f1 micro train 1.0
2019-09-19 17:29:49,927 | train_ensemble_classifier.py: model gradient_boosting: accuracy test: 0.9659318637274549, accuracy train: 1.0 | f1 micro test 0.9659318637274549, f1 micro train 1.0
2019-09-19 17:29:51,972 | train_ensemble_classifier.py: model extra_trees: accuracy test: 0.905811623246493, accuracy train: 1.0 | f1 micro test 0.905811623246493, f1 micro train 1.0
2019-09-19 17:29:53,279 | train_ensemble_classifier.py: training ensemble model
2019-09-19 17:29:53,279 | train_ensemble_classifier.py: calibrating  knn
2019-09-19 17:29:53,311 | train_ensemble_classifier.py: could not understand choice for probability calibration method, will use sigmoid regression
2019-09-19 17:29:53,472 | train_ensemble_classifier.py: calibrating  gradient_boosting
2019-09-19 17:30:09,111 | train_ensemble_classifier.py: entered evaluation function
2019-09-19 17:30:16,470 | train_ensemble_classifier.py: model knn: accuracy test: 0.9719438877755511, accuracy train: 1.0 | f1 micro test 0.9719438877755511, f1 micro train 1.0
2019-09-19 17:30:17,536 | train_ensemble_classifier.py: model gradient_boosting: accuracy test: 0.9819639278557114, accuracy train: 1.0 | f1 micro test 0.9819639278557114, f1 micro train 1.0
2019-09-19 17:30:19,655 | train_ensemble_classifier.py: model extra_trees: accuracy test: 0.9378757515030061, accuracy train: 1.0 | f1 micro test 0.9378757515030061, f1 micro train 1.0
2019-09-19 17:30:21,057 | train_ensemble_classifier.py: training ensemble model
2019-09-19 17:30:21,057 | train_ensemble_classifier.py: calibrating  knn
2019-09-19 17:30:21,081 | train_ensemble_classifier.py: could not understand choice for probability calibration method, will use sigmoid regression
2019-09-19 17:30:21,217 | train_ensemble_classifier.py: calibrating  gradient_boosting
2019-09-19 17:30:32,496 | train_ensemble_classifier.py: could not understand choice for probability calibration method, will use sigmoid regression
2019-09-19 17:30:32,556 | train_ensemble_classifier.py: calibrating  extra_trees
2019-09-19 17:30:46,953 | train_ensemble_classifier.py: entered evaluation function
2019-09-19 17:30:53,404 | train_ensemble_classifier.py: model knn: accuracy test: 0.9759036144578314, accuracy train: 1.0 | f1 micro test 0.9759036144578314, f1 micro train 1.0
2019-09-19 17:30:53,781 | train_ensemble_classifier.py: model gradient_boosting: accuracy test: 0.9839357429718876, accuracy train: 1.0 | f1 micro test 0.9839357429718876, f1 micro train 1.0
2019-09-19 17:30:56,032 | train_ensemble_classifier.py: model extra_trees: accuracy test: 0.9738955823293173, accuracy train: 1.0 | f1 micro test 0.9738955823293173, f1 micro train 1.0
2019-09-19 17:30:57,343 | train_ensemble_classifier.py: training ensemble model
2019-09-19 17:30:57,343 | train_ensemble_classifier.py: calibrating  knn
2019-09-19 17:30:57,375 | train_ensemble_classifier.py: could not understand choice for probability calibration method, will use sigmoid regression
2019-09-19 17:30:57,523 | train_ensemble_classifier.py: calibrating  gradient_boosting
2019-09-19 17:31:12,865 | train_ensemble_classifier.py: could not understand choice for probability calibration method, will use sigmoid regression
2019-09-19 17:31:13,384 | train_ensemble_classifier.py: now fitting votingclassifier
2019-09-19 17:31:21,420 | train_ensemble_classifier.py: could not understand choice for probability calibration method, will use sigmoid regression
2019-09-19 17:31:21,534 | train_ensemble_classifier.py: calibrating  extra_trees
2019-09-19 17:31:28,078 | train_ensemble_classifier.py: entered evaluation function
2019-09-19 17:31:31,793 | train_ensemble_classifier.py: entered evaluation function
2019-09-19 17:31:34,636 | train_ensemble_classifier.py: model knn: accuracy test: 0.9496981891348089, accuracy train: 1.0 | f1 micro test 0.949698189134809, f1 micro train 1.0
2019-09-19 17:31:35,649 | train_ensemble_classifier.py: model gradient_boosting: accuracy test: 0.9678068410462777, accuracy train: 1.0 | f1 micro test 0.9678068410462777, f1 micro train 1.0
2019-09-19 17:31:36,123 | train_ensemble_classifier.py: could not understand choice for probability calibration method, will use sigmoid regression
2019-09-19 17:31:36,198 | train_ensemble_classifier.py: calibrating  extra_trees
2019-09-19 17:31:37,757 | train_ensemble_classifier.py: model extra_trees: accuracy test: 0.9698189134808853, accuracy train: 1.0 | f1 micro test 0.9698189134808853, f1 micro train 1.0
2019-09-19 17:31:39,339 | train_ensemble_classifier.py: training ensemble model
2019-09-19 17:31:39,340 | train_ensemble_classifier.py: calibrating  knn
2019-09-19 17:31:39,371 | train_ensemble_classifier.py: could not understand choice for probability calibration method, will use sigmoid regression
2019-09-19 17:31:39,480 | train_ensemble_classifier.py: calibrating  gradient_boosting
2019-09-19 17:31:39,640 | train_ensemble_classifier.py: model knn: accuracy test: 0.9496981891348089, accuracy train: 1.0 | f1 micro test 0.949698189134809, f1 micro train 1.0
2019-09-19 17:31:40,566 | train_ensemble_classifier.py: model gradient_boosting: accuracy test: 0.9738430583501007, accuracy train: 1.0 | f1 micro test 0.9738430583501007, f1 micro train 1.0
2019-09-19 17:31:42,366 | train_ensemble_classifier.py: model extra_trees: accuracy test: 0.8772635814889336, accuracy train: 1.0 | f1 micro test 0.8772635814889336, f1 micro train 1.0
2019-09-19 17:31:43,539 | train_ensemble_classifier.py: training ensemble model
2019-09-19 17:31:43,539 | train_ensemble_classifier.py: calibrating  knn
2019-09-19 17:31:43,558 | train_ensemble_classifier.py: could not understand choice for probability calibration method, will use sigmoid regression
2019-09-19 17:31:43,668 | train_ensemble_classifier.py: calibrating  gradient_boosting
2019-09-19 17:31:55,525 | train_ensemble_classifier.py: could not understand choice for probability calibration method, will use sigmoid regression
2019-09-19 17:31:55,904 | train_ensemble_classifier.py: now fitting votingclassifier
2019-09-19 17:32:07,956 | train_ensemble_classifier.py: could not understand choice for probability calibration method, will use sigmoid regression
2019-09-19 17:32:08,362 | train_ensemble_classifier.py: now fitting votingclassifier
2019-09-19 17:32:23,945 | train_ensemble_classifier.py: could not understand choice for probability calibration method, will use sigmoid regression
2019-09-19 17:32:24,055 | train_ensemble_classifier.py: calibrating  extra_trees
2019-09-19 17:32:27,037 | train_ensemble_classifier.py: could not understand choice for probability calibration method, will use sigmoid regression
2019-09-19 17:32:27,128 | train_ensemble_classifier.py: calibrating  extra_trees
2019-09-19 17:32:48,540 | train_ensemble_classifier.py: could not understand choice for probability calibration method, will use sigmoid regression
2019-09-19 17:32:48,857 | train_ensemble_classifier.py: now fitting votingclassifier
2019-09-19 17:32:51,330 | train_ensemble_classifier.py: could not understand choice for probability calibration method, will use sigmoid regression
2019-09-19 17:32:51,534 | train_ensemble_classifier.py: now fitting votingclassifier
