2019-09-20 08:14:40,271 | train_ensemble_classifier.py: intialized training class
2019-09-20 08:14:40,271 | train_ensemble_classifier.py: the metrics are saved to /home/kevin/Dropbox (LSMO)/proj62_guess_oxidation_states/machine_learn_oxstates/metrics
2019-09-20 08:14:40,272 | train_ensemble_classifier.py: the models are saved to /home/kevin/Dropbox (LSMO)/proj62_guess_oxidation_states/machine_learn_oxstates/models
2019-09-20 08:14:40,283 | train_ensemble_classifier.py: the classdistribution is {2: 13379, 1: 3092, 3: 3185, 4: 377, 6: 269, 5: 117}
2019-09-20 08:14:40,423 | train_ensemble_classifier.py: entered the function that trains one fold
2019-09-20 08:14:40,463 | train_ensemble_classifier.py: entered the function that trains one fold
2019-09-20 08:14:40,472 | train_ensemble_classifier.py: entered the function that trains one fold
2019-09-20 08:14:40,492 | train_ensemble_classifier.py: using smote oversampling
2019-09-20 08:14:40,499 | train_ensemble_classifier.py: using smote oversampling
2019-09-20 08:14:40,513 | train_ensemble_classifier.py: entered the function that trains one fold
2019-09-20 08:14:40,537 | train_ensemble_classifier.py: using smote oversampling
2019-09-20 08:14:40,552 | train_ensemble_classifier.py: entered the function that trains one fold
2019-09-20 08:14:40,578 | train_ensemble_classifier.py: using smote oversampling
2019-09-20 08:14:40,599 | train_ensemble_classifier.py: using smote oversampling
2019-09-20 08:14:41,355 | train_ensemble_classifier.py: the training set has shape (17598, 101)
2019-09-20 08:14:41,385 | train_ensemble_classifier.py: the test set has shape (502, 101)
2019-09-20 08:14:41,391 | train_ensemble_classifier.py: performing hyperparameter optimization
2019-09-20 08:14:41,572 | train_ensemble_classifier.py: the training set has shape (17598, 101)
2019-09-20 08:14:41,577 | train_ensemble_classifier.py: the test set has shape (501, 101)
2019-09-20 08:14:41,577 | train_ensemble_classifier.py: performing hyperparameter optimization
2019-09-20 08:14:41,589 | train_ensemble_classifier.py: the training set has shape (17598, 101)
2019-09-20 08:14:41,595 | train_ensemble_classifier.py: the test set has shape (503, 101)
2019-09-20 08:14:41,595 | train_ensemble_classifier.py: performing hyperparameter optimization
2019-09-20 08:14:41,660 | train_ensemble_classifier.py: the training set has shape (17598, 101)
2019-09-20 08:14:41,663 | train_ensemble_classifier.py: the test set has shape (502, 101)
2019-09-20 08:14:41,664 | train_ensemble_classifier.py: performing hyperparameter optimization
2019-09-20 08:14:41,862 | train_ensemble_classifier.py: the training set has shape (17598, 101)
2019-09-20 08:14:41,886 | train_ensemble_classifier.py: the test set has shape (501, 101)
2019-09-20 08:14:41,898 | train_ensemble_classifier.py: performing hyperparameter optimization
2019-09-20 08:17:59,306 | train_ensemble_classifier.py: entered the function that trains one fold
2019-09-20 08:17:59,359 | train_ensemble_classifier.py: using smote oversampling
