2019-09-25 21:37:52,632 | train_ensemble_classifier.py: intialized training class
2019-09-25 21:37:52,633 | train_ensemble_classifier.py: the metrics are saved to /home/kevin/Dropbox (LSMO)/proj62_guess_oxidation_states/machine_learn_oxstates/metrics
2019-09-25 21:37:52,633 | train_ensemble_classifier.py: the models are saved to /home/kevin/Dropbox (LSMO)/proj62_guess_oxidation_states/machine_learn_oxstates/models
2019-09-25 21:37:52,637 | train_ensemble_classifier.py: the classdistribution is {2: 13379, 3: 3184, 1: 3092, 5: 117, 6: 269, 4: 376}
2019-09-25 21:37:52,646 | train_ensemble_classifier.py: Entering full training mode, which trains on only one fold.
2019-09-25 21:37:52,646 | train_ensemble_classifier.py: This mode should only be used when the selected architecture is stable
2019-09-25 21:37:52,656 | train_ensemble_classifier.py: entered the function that trains one fold
2019-09-25 21:37:52,731 | train_ensemble_classifier.py: the training set has shape (17998, 85)
2019-09-25 21:37:52,734 | train_ensemble_classifier.py: the test set has shape (1401, 85)
2019-09-25 21:37:52,735 | train_ensemble_classifier.py: performing hyperparameter optimization
2019-09-26 04:24:15,754 | train_ensemble_classifier.py: entered evaluation function
2019-09-26 04:25:03,057 | train_ensemble_classifier.py: model knn: accuracy test: 0.9771591720199857, accuracy train: 0.9995698693478144 | f1 micro test 0.9771591720199857, f1 micro train 0.9995698693478144
2019-09-26 04:25:03,505 | train_ensemble_classifier.py: model gradient_boosting: accuracy test: 0.9892933618843683, accuracy train: 0.9998387010054304 | f1 micro test 0.9892933618843683, f1 micro train 0.9998387010054304
2019-09-26 04:25:04,072 | train_ensemble_classifier.py: model extra_trees: accuracy test: 0.9907209136331192, accuracy train: 0.9998387010054304 | f1 micro test 0.9907209136331192, f1 micro train 0.9998387010054304
2019-09-26 04:25:04,172 | train_ensemble_classifier.py: training ensemble model
2019-09-26 04:25:04,172 | train_ensemble_classifier.py: calibrating  knn
2019-09-26 04:25:05,617 | train_ensemble_classifier.py: the accuracay on the validation set before calibration is 0.9866888519134775
2019-09-26 04:25:05,618 | train_ensemble_classifier.py: calibrating using sigmoid regression
2019-09-26 04:25:07,113 | train_ensemble_classifier.py: calibrating using sigmoid regression
2019-09-26 04:25:10,290 | train_ensemble_classifier.py: the accuracay on the validation set after calibration is 0.9883527454242929
2019-09-26 04:25:10,290 | train_ensemble_classifier.py: calibrating  gradient_boosting
2019-09-26 04:25:10,310 | train_ensemble_classifier.py: the accuracay on the validation set before calibration is 0.9950083194675541
2019-09-26 04:25:10,310 | train_ensemble_classifier.py: calibrating using sigmoid regression
2019-09-26 04:25:10,351 | train_ensemble_classifier.py: calibrating using sigmoid regression
2019-09-26 04:25:10,411 | train_ensemble_classifier.py: the accuracay on the validation set after calibration is 0.9950083194675541
2019-09-26 04:25:10,411 | train_ensemble_classifier.py: calibrating  extra_trees
2019-09-26 04:25:10,444 | train_ensemble_classifier.py: the accuracay on the validation set before calibration is 0.9950083194675541
2019-09-26 04:25:10,445 | train_ensemble_classifier.py: calibrating using sigmoid regression
2019-09-26 04:25:10,493 | train_ensemble_classifier.py: calibrating using sigmoid regression
2019-09-26 04:25:10,568 | train_ensemble_classifier.py: the accuracay on the validation set after calibration is 0.9933444259567388
2019-09-26 04:25:10,568 | train_ensemble_classifier.py: entered evaluation function
2019-09-26 04:25:58,523 | train_ensemble_classifier.py: model ensemble: accuracy test: 0.9885795860099929, accuracy train: 0.9997849346739072 | f1 micro test 0.9885795860099929, f1 micro train 0.9997849346739072
2019-09-26 04:25:58,806 | train_ensemble_classifier.py: entering the tracking function
