2019-09-19 13:44:28,678 | train_ensemble_classifier.py: intialized training class
2019-09-19 13:44:28,678 | train_ensemble_classifier.py: the metrics are saved to /home/kevin/Dropbox (LSMO)/proj62_guess_oxidation_states/machine_learn_oxstates/metrics
2019-09-19 13:44:28,679 | train_ensemble_classifier.py: the models are saved to /home/kevin/Dropbox (LSMO)/proj62_guess_oxidation_states/machine_learn_oxstates/models
2019-09-19 13:44:28,685 | train_ensemble_classifier.py: the classdistribution is {3: 2734, 2: 11579, 1: 2642, 6: 226, 4: 325, 5: 103, 7: 1}
2019-09-19 13:44:28,686 | train_ensemble_classifier.py: will drop class 7 since it has not enough examples
2019-09-19 13:44:28,737 | train_ensemble_classifier.py: entered the function that trains one fold
2019-09-19 13:44:28,738 | train_ensemble_classifier.py: entered the function that trains one fold
2019-09-19 13:44:28,740 | train_ensemble_classifier.py: the training set has shape (49, 93)
2019-09-19 13:44:28,740 | train_ensemble_classifier.py: the training set has shape (51, 93)
2019-09-19 13:44:28,743 | train_ensemble_classifier.py: the test set has shape (51, 93)
2019-09-19 13:44:28,743 | train_ensemble_classifier.py: the test set has shape (49, 93)
2019-09-19 13:44:28,744 | train_ensemble_classifier.py: performing hyperparameter optimization
2019-09-19 13:44:28,744 | train_ensemble_classifier.py: performing hyperparameter optimization
2019-09-19 13:44:52,073 | train_ensemble_classifier.py: entered evaluation function
2019-09-19 13:44:52,087 | train_ensemble_classifier.py: model knn: accuracy test: 0.803921568627451, accuracy train: 1.0 | f1 micro test 0.8039215686274509, f1 micro train 1.0
2019-09-19 13:44:52,126 | train_ensemble_classifier.py: model gradient_boosting: accuracy test: 0.8823529411764706, accuracy train: 1.0 | f1 micro test 0.8823529411764706, f1 micro train 1.0
2019-09-19 13:44:52,587 | train_ensemble_classifier.py: model extra_trees: accuracy test: 0.8431372549019608, accuracy train: 1.0 | f1 micro test 0.8431372549019607, f1 micro train 1.0
2019-09-19 13:44:53,631 | train_ensemble_classifier.py: training ensemble model
2019-09-19 13:44:53,632 | train_ensemble_classifier.py: calibrating  knn
2019-09-19 13:44:53,632 | train_ensemble_classifier.py: calibrating using spline calibration
2019-09-19 13:44:56,043 | train_ensemble_classifier.py: entered evaluation function
2019-09-19 13:44:56,053 | train_ensemble_classifier.py: model knn: accuracy test: 0.8775510204081632, accuracy train: 1.0 | f1 micro test 0.8775510204081631, f1 micro train 1.0
2019-09-19 13:44:56,179 | train_ensemble_classifier.py: model gradient_boosting: accuracy test: 0.9183673469387755, accuracy train: 1.0 | f1 micro test 0.9183673469387755, f1 micro train 1.0
2019-09-19 13:44:56,551 | train_ensemble_classifier.py: model extra_trees: accuracy test: 0.8979591836734694, accuracy train: 1.0 | f1 micro test 0.8979591836734694, f1 micro train 1.0
2019-09-19 13:44:57,426 | train_ensemble_classifier.py: training ensemble model
2019-09-19 13:44:57,426 | train_ensemble_classifier.py: calibrating  knn
2019-09-19 13:44:57,428 | train_ensemble_classifier.py: calibrating using spline calibration
2019-09-19 13:45:03,714 | train_ensemble_classifier.py: calibrating  gradient_boosting
2019-09-19 13:45:05,600 | train_ensemble_classifier.py: calibrating using spline calibration
2019-09-19 13:45:40,117 | train_ensemble_classifier.py: calibrating  extra_trees
2019-09-19 13:45:42,122 | train_ensemble_classifier.py: calibrating using spline calibration
2019-09-19 13:46:12,183 | train_ensemble_classifier.py: now fitting votingclassifier
