2019-09-19 18:12:10,060 | train_ensemble_classifier.py: intialized training class
2019-09-19 18:12:10,060 | train_ensemble_classifier.py: the metrics are saved to /home/kevin/Dropbox (LSMO)/proj62_guess_oxidation_states/machine_learn_oxstates/metrics
2019-09-19 18:12:10,060 | train_ensemble_classifier.py: the models are saved to /home/kevin/Dropbox (LSMO)/proj62_guess_oxidation_states/machine_learn_oxstates/models
2019-09-19 18:12:10,066 | train_ensemble_classifier.py: the classdistribution is {3: 2734, 2: 11579, 1: 2642, 6: 226, 4: 325, 5: 103, 7: 1}
2019-09-19 18:12:10,066 | train_ensemble_classifier.py: will drop class 7 since it has not enough examples
2019-09-19 18:12:10,116 | train_ensemble_classifier.py: entered the function that trains one fold
2019-09-19 18:12:10,118 | train_ensemble_classifier.py: entered the function that trains one fold
2019-09-19 18:12:10,120 | train_ensemble_classifier.py: entered the function that trains one fold
2019-09-19 18:12:10,124 | train_ensemble_classifier.py: entered the function that trains one fold
2019-09-19 18:12:10,125 | train_ensemble_classifier.py: the training set has shape (448, 93)
2019-09-19 18:12:10,130 | train_ensemble_classifier.py: entered the function that trains one fold
2019-09-19 18:12:10,131 | train_ensemble_classifier.py: the test set has shape (52, 93)
2019-09-19 18:12:10,132 | train_ensemble_classifier.py: performing hyperparameter optimization
2019-09-19 18:12:10,130 | train_ensemble_classifier.py: the training set has shape (449, 93)
2019-09-19 18:12:10,130 | train_ensemble_classifier.py: the training set has shape (449, 93)
2019-09-19 18:12:10,134 | train_ensemble_classifier.py: the test set has shape (51, 93)
2019-09-19 18:12:10,134 | train_ensemble_classifier.py: the test set has shape (51, 93)
2019-09-19 18:12:10,134 | train_ensemble_classifier.py: performing hyperparameter optimization
2019-09-19 18:12:10,134 | train_ensemble_classifier.py: performing hyperparameter optimization
2019-09-19 18:12:10,133 | train_ensemble_classifier.py: the training set has shape (450, 93)
2019-09-19 18:12:10,134 | train_ensemble_classifier.py: the training set has shape (450, 93)
2019-09-19 18:12:10,137 | train_ensemble_classifier.py: the test set has shape (50, 93)
2019-09-19 18:12:10,137 | train_ensemble_classifier.py: performing hyperparameter optimization
2019-09-19 18:12:10,137 | train_ensemble_classifier.py: the test set has shape (50, 93)
2019-09-19 18:12:10,138 | train_ensemble_classifier.py: performing hyperparameter optimization
2019-09-19 18:13:04,270 | train_ensemble_classifier.py: entered evaluation function
2019-09-19 18:13:04,393 | train_ensemble_classifier.py: model knn: accuracy test: 0.8461538461538461, accuracy train: 0.921875 | f1 micro test 0.8461538461538461, f1 micro train 0.921875
2019-09-19 18:13:04,482 | train_ensemble_classifier.py: model gradient_boosting: accuracy test: 0.9615384615384616, accuracy train: 1.0 | f1 micro test 0.9615384615384616, f1 micro train 1.0
2019-09-19 18:13:04,693 | train_ensemble_classifier.py: model extra_trees: accuracy test: 0.8653846153846154, accuracy train: 0.9486607142857143 | f1 micro test 0.8653846153846154, f1 micro train 0.9486607142857143
2019-09-19 18:13:04,870 | train_ensemble_classifier.py: training ensemble model
2019-09-19 18:13:04,871 | train_ensemble_classifier.py: calibrating  knn
2019-09-19 18:13:04,874 | train_ensemble_classifier.py: could not understand choice for probability calibration method, will use sigmoid regression
2019-09-19 18:13:04,889 | train_ensemble_classifier.py: entered the function that trains one fold
2019-09-19 18:13:04,891 | train_ensemble_classifier.py: the training set has shape (450, 93)
2019-09-19 18:13:04,893 | train_ensemble_classifier.py: the test set has shape (50, 93)
2019-09-19 18:13:04,893 | train_ensemble_classifier.py: performing hyperparameter optimization
2019-09-19 18:13:07,702 | train_ensemble_classifier.py: entered evaluation function
2019-09-19 18:13:07,799 | train_ensemble_classifier.py: model knn: accuracy test: 0.9, accuracy train: 1.0 | f1 micro test 0.9, f1 micro train 1.0
2019-09-19 18:13:07,856 | train_ensemble_classifier.py: entered evaluation function
2019-09-19 18:13:07,897 | train_ensemble_classifier.py: model gradient_boosting: accuracy test: 0.92, accuracy train: 1.0 | f1 micro test 0.92, f1 micro train 1.0
2019-09-19 18:13:07,966 | train_ensemble_classifier.py: model knn: accuracy test: 0.9215686274509803, accuracy train: 1.0 | f1 micro test 0.9215686274509803, f1 micro train 1.0
2019-09-19 18:13:08,062 | train_ensemble_classifier.py: model gradient_boosting: accuracy test: 0.9411764705882353, accuracy train: 1.0 | f1 micro test 0.9411764705882353, f1 micro train 1.0
2019-09-19 18:13:08,255 | train_ensemble_classifier.py: model extra_trees: accuracy test: 0.9, accuracy train: 0.9533333333333334 | f1 micro test 0.9, f1 micro train 0.9533333333333334
2019-09-19 18:13:08,406 | train_ensemble_classifier.py: training ensemble model
2019-09-19 18:13:08,406 | train_ensemble_classifier.py: calibrating  knn
2019-09-19 18:13:08,408 | train_ensemble_classifier.py: could not understand choice for probability calibration method, will use sigmoid regression
2019-09-19 18:13:08,417 | train_ensemble_classifier.py: entered the function that trains one fold
2019-09-19 18:13:08,420 | train_ensemble_classifier.py: the training set has shape (450, 93)
2019-09-19 18:13:08,423 | train_ensemble_classifier.py: the test set has shape (50, 93)
2019-09-19 18:13:08,423 | train_ensemble_classifier.py: performing hyperparameter optimization
2019-09-19 18:13:08,466 | train_ensemble_classifier.py: model extra_trees: accuracy test: 0.9019607843137255, accuracy train: 0.9398663697104677 | f1 micro test 0.9019607843137255, f1 micro train 0.9398663697104677
2019-09-19 18:13:08,640 | train_ensemble_classifier.py: training ensemble model
2019-09-19 18:13:08,640 | train_ensemble_classifier.py: calibrating  knn
2019-09-19 18:13:08,643 | train_ensemble_classifier.py: could not understand choice for probability calibration method, will use sigmoid regression
2019-09-19 18:13:08,652 | train_ensemble_classifier.py: entered the function that trains one fold
2019-09-19 18:13:08,654 | train_ensemble_classifier.py: the training set has shape (450, 93)
2019-09-19 18:13:08,655 | train_ensemble_classifier.py: the test set has shape (50, 93)
2019-09-19 18:13:08,656 | train_ensemble_classifier.py: performing hyperparameter optimization
2019-09-19 18:13:09,031 | train_ensemble_classifier.py: entered evaluation function
2019-09-19 18:13:09,119 | train_ensemble_classifier.py: model knn: accuracy test: 0.9, accuracy train: 1.0 | f1 micro test 0.9, f1 micro train 1.0
2019-09-19 18:13:09,234 | train_ensemble_classifier.py: model gradient_boosting: accuracy test: 0.96, accuracy train: 1.0 | f1 micro test 0.96, f1 micro train 1.0
2019-09-19 18:13:09,769 | train_ensemble_classifier.py: model extra_trees: accuracy test: 0.94, accuracy train: 1.0 | f1 micro test 0.94, f1 micro train 1.0
2019-09-19 18:13:10,074 | train_ensemble_classifier.py: training ensemble model
2019-09-19 18:13:10,074 | train_ensemble_classifier.py: calibrating  knn
2019-09-19 18:13:10,077 | train_ensemble_classifier.py: could not understand choice for probability calibration method, will use sigmoid regression
2019-09-19 18:13:10,091 | train_ensemble_classifier.py: entered the function that trains one fold
2019-09-19 18:13:10,097 | train_ensemble_classifier.py: the training set has shape (452, 93)
2019-09-19 18:13:10,100 | train_ensemble_classifier.py: the test set has shape (48, 93)
2019-09-19 18:13:10,100 | train_ensemble_classifier.py: performing hyperparameter optimization
2019-09-19 18:13:10,857 | train_ensemble_classifier.py: entered evaluation function
2019-09-19 18:13:10,966 | train_ensemble_classifier.py: model knn: accuracy test: 0.9411764705882353, accuracy train: 1.0 | f1 micro test 0.9411764705882353, f1 micro train 1.0
2019-09-19 18:13:11,057 | train_ensemble_classifier.py: model gradient_boosting: accuracy test: 0.9411764705882353, accuracy train: 1.0 | f1 micro test 0.9411764705882353, f1 micro train 1.0
2019-09-19 18:13:11,427 | train_ensemble_classifier.py: model extra_trees: accuracy test: 0.9215686274509803, accuracy train: 0.9510022271714922 | f1 micro test 0.9215686274509803, f1 micro train 0.9510022271714922
2019-09-19 18:13:11,573 | train_ensemble_classifier.py: training ensemble model
2019-09-19 18:13:11,573 | train_ensemble_classifier.py: calibrating  knn
2019-09-19 18:13:11,575 | train_ensemble_classifier.py: could not understand choice for probability calibration method, will use sigmoid regression
2019-09-19 18:13:11,583 | train_ensemble_classifier.py: entered the function that trains one fold
2019-09-19 18:13:11,587 | train_ensemble_classifier.py: the training set has shape (452, 93)
2019-09-19 18:13:11,589 | train_ensemble_classifier.py: the test set has shape (48, 93)
2019-09-19 18:13:11,589 | train_ensemble_classifier.py: performing hyperparameter optimization
2019-09-19 18:14:11,954 | train_ensemble_classifier.py: entered evaluation function
2019-09-19 18:14:12,041 | train_ensemble_classifier.py: model knn: accuracy test: 0.94, accuracy train: 1.0 | f1 micro test 0.94, f1 micro train 1.0
2019-09-19 18:14:12,189 | train_ensemble_classifier.py: model gradient_boosting: accuracy test: 0.98, accuracy train: 1.0 | f1 micro test 0.98, f1 micro train 1.0
2019-09-19 18:14:12,463 | train_ensemble_classifier.py: model extra_trees: accuracy test: 0.96, accuracy train: 0.9466666666666667 | f1 micro test 0.96, f1 micro train 0.9466666666666667
2019-09-19 18:14:12,653 | train_ensemble_classifier.py: training ensemble model
2019-09-19 18:14:12,654 | train_ensemble_classifier.py: calibrating  knn
2019-09-19 18:14:12,655 | train_ensemble_classifier.py: could not understand choice for probability calibration method, will use sigmoid regression
2019-09-19 18:14:14,594 | train_ensemble_classifier.py: entered evaluation function
2019-09-19 18:14:14,618 | train_ensemble_classifier.py: entered evaluation function
2019-09-19 18:14:14,668 | train_ensemble_classifier.py: model knn: accuracy test: 0.94, accuracy train: 1.0 | f1 micro test 0.94, f1 micro train 1.0
2019-09-19 18:14:14,701 | train_ensemble_classifier.py: model knn: accuracy test: 0.9, accuracy train: 1.0 | f1 micro test 0.9, f1 micro train 1.0
2019-09-19 18:14:14,757 | train_ensemble_classifier.py: model gradient_boosting: accuracy test: 0.96, accuracy train: 1.0 | f1 micro test 0.96, f1 micro train 1.0
2019-09-19 18:14:14,798 | train_ensemble_classifier.py: model gradient_boosting: accuracy test: 0.92, accuracy train: 1.0 | f1 micro test 0.92, f1 micro train 1.0
2019-09-19 18:14:15,062 | train_ensemble_classifier.py: model extra_trees: accuracy test: 0.96, accuracy train: 1.0 | f1 micro test 0.96, f1 micro train 1.0
2019-09-19 18:14:15,138 | train_ensemble_classifier.py: model extra_trees: accuracy test: 0.92, accuracy train: 0.9444444444444444 | f1 micro test 0.92, f1 micro train 0.9444444444444444
2019-09-19 18:14:15,294 | train_ensemble_classifier.py: training ensemble model
2019-09-19 18:14:15,294 | train_ensemble_classifier.py: calibrating  knn
2019-09-19 18:14:15,295 | train_ensemble_classifier.py: could not understand choice for probability calibration method, will use sigmoid regression
2019-09-19 18:14:15,303 | train_ensemble_classifier.py: training ensemble model
2019-09-19 18:14:15,303 | train_ensemble_classifier.py: calibrating  knn
2019-09-19 18:14:15,305 | train_ensemble_classifier.py: could not understand choice for probability calibration method, will use sigmoid regression
2019-09-19 18:14:18,597 | train_ensemble_classifier.py: entered evaluation function
2019-09-19 18:14:18,668 | train_ensemble_classifier.py: model knn: accuracy test: 0.875, accuracy train: 1.0 | f1 micro test 0.875, f1 micro train 1.0
2019-09-19 18:14:18,743 | train_ensemble_classifier.py: model gradient_boosting: accuracy test: 0.9583333333333334, accuracy train: 1.0 | f1 micro test 0.9583333333333334, f1 micro train 1.0
2019-09-19 18:14:19,191 | train_ensemble_classifier.py: model extra_trees: accuracy test: 0.9166666666666666, accuracy train: 1.0 | f1 micro test 0.9166666666666666, f1 micro train 1.0
2019-09-19 18:14:20,063 | train_ensemble_classifier.py: training ensemble model
2019-09-19 18:14:20,063 | train_ensemble_classifier.py: calibrating  knn
2019-09-19 18:14:20,064 | train_ensemble_classifier.py: could not understand choice for probability calibration method, will use sigmoid regression
2019-09-19 18:14:20,087 | train_ensemble_classifier.py: calibrating  gradient_boosting
2019-09-19 18:14:20,359 | train_ensemble_classifier.py: entered evaluation function
2019-09-19 18:14:20,435 | train_ensemble_classifier.py: model knn: accuracy test: 0.9791666666666666, accuracy train: 1.0 | f1 micro test 0.9791666666666666, f1 micro train 1.0
2019-09-19 18:14:20,530 | train_ensemble_classifier.py: model gradient_boosting: accuracy test: 0.9791666666666666, accuracy train: 1.0 | f1 micro test 0.9791666666666666, f1 micro train 1.0
2019-09-19 18:14:21,041 | train_ensemble_classifier.py: model extra_trees: accuracy test: 0.9166666666666666, accuracy train: 1.0 | f1 micro test 0.9166666666666666, f1 micro train 1.0
2019-09-19 18:14:22,400 | train_ensemble_classifier.py: training ensemble model
2019-09-19 18:14:22,400 | train_ensemble_classifier.py: calibrating  knn
2019-09-19 18:14:22,402 | train_ensemble_classifier.py: could not understand choice for probability calibration method, will use sigmoid regression
2019-09-19 18:14:22,428 | train_ensemble_classifier.py: calibrating  gradient_boosting
2019-09-19 18:14:24,090 | train_ensemble_classifier.py: could not understand choice for probability calibration method, will use sigmoid regression
2019-09-19 18:14:24,111 | train_ensemble_classifier.py: calibrating  extra_trees
2019-09-19 18:14:25,824 | train_ensemble_classifier.py: could not understand choice for probability calibration method, will use sigmoid regression
2019-09-19 18:14:25,855 | train_ensemble_classifier.py: calibrating  extra_trees
2019-09-19 18:14:25,965 | train_ensemble_classifier.py: could not understand choice for probability calibration method, will use sigmoid regression
2019-09-19 18:14:26,105 | train_ensemble_classifier.py: entered evaluation function
2019-09-19 18:14:26,435 | train_ensemble_classifier.py: model ensemble: accuracy test: 0.0, accuracy train: 0.004424778761061947 | f1 micro test 0.0, f1 micro train 0.004424778761061947
2019-09-19 18:14:30,043 | train_ensemble_classifier.py: could not understand choice for probability calibration method, will use sigmoid regression
2019-09-19 18:14:30,171 | train_ensemble_classifier.py: entered evaluation function
2019-09-19 18:14:30,465 | train_ensemble_classifier.py: model ensemble: accuracy test: 0.20833333333333334, accuracy train: 0.2345132743362832 | f1 micro test 0.20833333333333334, f1 micro train 0.2345132743362832
