2019-09-20 11:26:03,186 | train_ensemble_classifier.py: intialized training class
2019-09-20 11:26:03,186 | train_ensemble_classifier.py: the metrics are saved to /home/kevin/Dropbox (LSMO)/proj62_guess_oxidation_states/machine_learn_oxstates/metrics
2019-09-20 11:26:03,186 | train_ensemble_classifier.py: the models are saved to /home/kevin/Dropbox (LSMO)/proj62_guess_oxidation_states/machine_learn_oxstates/models
2019-09-20 11:26:03,191 | train_ensemble_classifier.py: the classdistribution is {2: 13379, 1: 3092, 3: 3185, 4: 377, 6: 269, 5: 117}
2019-09-20 11:26:03,243 | train_ensemble_classifier.py: entered the function that trains one fold
2019-09-20 11:26:03,244 | train_ensemble_classifier.py: using smote oversampling
2019-09-20 11:26:03,253 | train_ensemble_classifier.py: entered the function that trains one fold
2019-09-20 11:26:03,254 | train_ensemble_classifier.py: using smote oversampling
2019-09-20 11:26:03,370 | train_ensemble_classifier.py: the training set has shape (9774, 101)
2019-09-20 11:26:03,381 | train_ensemble_classifier.py: the test set has shape (1752, 101)
2019-09-20 11:26:03,382 | train_ensemble_classifier.py: performing hyperparameter optimization
2019-09-20 11:26:03,385 | train_ensemble_classifier.py: the training set has shape (9780, 101)
2019-09-20 11:26:03,389 | train_ensemble_classifier.py: the test set has shape (1747, 101)
2019-09-20 11:26:03,389 | train_ensemble_classifier.py: performing hyperparameter optimization
2019-09-20 12:30:14,545 | train_ensemble_classifier.py: entered evaluation function
2019-09-20 12:30:18,427 | train_ensemble_classifier.py: model knn: accuracy test: 0.9514840182648402, accuracy train: 0.9961995249406176 | f1 micro test 0.9514840182648402, f1 micro train 0.9961995249406176
2019-09-20 12:30:19,103 | train_ensemble_classifier.py: model gradient_boosting: accuracy test: 0.9726027397260274, accuracy train: 0.9983847980997624 | f1 micro test 0.9726027397260274, f1 micro train 0.9983847980997624
2019-09-20 12:30:19,432 | train_ensemble_classifier.py: model extra_trees: accuracy test: 0.973744292237443, accuracy train: 0.9986698337292161 | f1 micro test 0.973744292237443, f1 micro train 0.9986698337292161
2019-09-20 12:30:19,515 | train_ensemble_classifier.py: training ensemble model
2019-09-20 12:30:19,516 | train_ensemble_classifier.py: calibrating  knn
2019-09-20 12:30:19,945 | train_ensemble_classifier.py: the accuracay on the validation set before calibration is 0.9467376830892144
2019-09-20 12:30:19,946 | train_ensemble_classifier.py: calibrating using sigmoid regression
2019-09-20 12:30:20,405 | train_ensemble_classifier.py: calibrating using sigmoid regression
2019-09-20 12:30:21,297 | train_ensemble_classifier.py: the accuracay on the validation set after calibration is 0.9467376830892144
2019-09-20 12:30:21,297 | train_ensemble_classifier.py: calibrating  gradient_boosting
2019-09-20 12:30:21,338 | train_ensemble_classifier.py: the accuracay on the validation set before calibration is 0.9773635153129161
2019-09-20 12:30:21,338 | train_ensemble_classifier.py: calibrating using sigmoid regression
2019-09-20 12:30:21,394 | train_ensemble_classifier.py: calibrating using sigmoid regression
2019-09-20 12:30:21,489 | train_ensemble_classifier.py: the accuracay on the validation set after calibration is 0.9747003994673769
2019-09-20 12:30:21,489 | train_ensemble_classifier.py: calibrating  extra_trees
2019-09-20 12:30:21,511 | train_ensemble_classifier.py: the accuracay on the validation set before calibration is 0.9813581890812251
2019-09-20 12:30:21,511 | train_ensemble_classifier.py: calibrating using sigmoid regression
2019-09-20 12:30:21,545 | train_ensemble_classifier.py: calibrating using sigmoid regression
2019-09-20 12:30:21,600 | train_ensemble_classifier.py: the accuracay on the validation set after calibration is 0.9786950732356857
2019-09-20 12:30:21,600 | train_ensemble_classifier.py: entered evaluation function
2019-09-20 12:30:26,371 | train_ensemble_classifier.py: model ensemble: accuracy test: 0.007420091324200913, accuracy train: 0.00038004750593824226 | f1 micro test 0.007420091324200913, f1 micro train 0.00038004750593824226
2019-09-20 13:14:42,868 | train_ensemble_classifier.py: entered evaluation function
2019-09-20 13:14:48,458 | train_ensemble_classifier.py: model knn: accuracy test: 0.9490555237550086, accuracy train: 0.9968660968660968 | f1 micro test 0.9490555237550086, f1 micro train 0.9968660968660968
2019-09-20 13:14:49,994 | train_ensemble_classifier.py: model gradient_boosting: accuracy test: 0.9656554092730395, accuracy train: 0.9981956315289648 | f1 micro test 0.9656554092730395, f1 micro train 0.9981956315289648
2019-09-20 13:14:50,367 | train_ensemble_classifier.py: model extra_trees: accuracy test: 0.9793932455638237, accuracy train: 0.9985754985754985 | f1 micro test 0.9793932455638237, f1 micro train 0.9985754985754985
2019-09-20 13:14:50,441 | train_ensemble_classifier.py: training ensemble model
2019-09-20 13:14:50,441 | train_ensemble_classifier.py: calibrating  knn
2019-09-20 13:14:51,047 | train_ensemble_classifier.py: the accuracay on the validation set before calibration is 0.956
2019-09-20 13:14:51,047 | train_ensemble_classifier.py: calibrating using sigmoid regression
2019-09-20 13:14:51,630 | train_ensemble_classifier.py: calibrating using sigmoid regression
2019-09-20 13:14:52,833 | train_ensemble_classifier.py: the accuracay on the validation set after calibration is 0.956
2019-09-20 13:14:52,833 | train_ensemble_classifier.py: calibrating  gradient_boosting
2019-09-20 13:14:52,934 | train_ensemble_classifier.py: the accuracay on the validation set before calibration is 0.9746666666666667
2019-09-20 13:14:52,934 | train_ensemble_classifier.py: calibrating using sigmoid regression
2019-09-20 13:14:53,045 | train_ensemble_classifier.py: calibrating using sigmoid regression
2019-09-20 13:14:53,254 | train_ensemble_classifier.py: the accuracay on the validation set after calibration is 0.9746666666666667
2019-09-20 13:14:53,254 | train_ensemble_classifier.py: calibrating  extra_trees
2019-09-20 13:14:53,272 | train_ensemble_classifier.py: the accuracay on the validation set before calibration is 0.98
2019-09-20 13:14:53,272 | train_ensemble_classifier.py: calibrating using sigmoid regression
2019-09-20 13:14:53,306 | train_ensemble_classifier.py: calibrating using sigmoid regression
2019-09-20 13:14:53,359 | train_ensemble_classifier.py: the accuracay on the validation set after calibration is 0.9786666666666667
2019-09-20 13:14:53,359 | train_ensemble_classifier.py: entered evaluation function
2019-09-20 13:15:00,816 | train_ensemble_classifier.py: model ensemble: accuracy test: 0.007441327990841442, accuracy train: 0.0006647673314339981 | f1 micro test 0.007441327990841442, f1 micro train 0.0006647673314339981
2019-09-20 13:15:01,135 | train_ensemble_classifier.py: entering the tracking function
