2019-09-20 09:04:03,643 | train_ensemble_classifier.py: intialized training class
2019-09-20 09:04:03,643 | train_ensemble_classifier.py: the metrics are saved to /home/kevin/Dropbox (LSMO)/proj62_guess_oxidation_states/machine_learn_oxstates/metrics
2019-09-20 09:04:03,643 | train_ensemble_classifier.py: the models are saved to /home/kevin/Dropbox (LSMO)/proj62_guess_oxidation_states/machine_learn_oxstates/models
2019-09-20 09:04:03,648 | train_ensemble_classifier.py: the classdistribution is {2: 13379, 1: 3092, 3: 3185, 4: 377, 6: 269, 5: 117}
2019-09-20 09:04:03,707 | train_ensemble_classifier.py: entered the function that trains one fold
2019-09-20 09:04:03,708 | train_ensemble_classifier.py: using smote oversampling
2019-09-20 09:04:03,716 | train_ensemble_classifier.py: entered the function that trains one fold
2019-09-20 09:04:03,720 | train_ensemble_classifier.py: using smote oversampling
2019-09-20 09:04:03,731 | train_ensemble_classifier.py: entered the function that trains one fold
2019-09-20 09:04:03,734 | train_ensemble_classifier.py: using smote oversampling
2019-09-20 09:04:03,744 | train_ensemble_classifier.py: entered the function that trains one fold
2019-09-20 09:04:03,746 | train_ensemble_classifier.py: using smote oversampling
2019-09-20 09:04:03,767 | train_ensemble_classifier.py: entered the function that trains one fold
2019-09-20 09:04:03,771 | train_ensemble_classifier.py: using smote oversampling
2019-09-20 09:04:03,980 | train_ensemble_classifier.py: the training set has shape (17598, 101)
2019-09-20 09:04:04,005 | train_ensemble_classifier.py: entered the function that trains one fold
2019-09-20 09:04:04,009 | train_ensemble_classifier.py: using smote oversampling
2019-09-20 09:04:04,074 | train_ensemble_classifier.py: the training set has shape (17598, 101)
2019-09-20 09:04:04,099 | train_ensemble_classifier.py: entered the function that trains one fold
2019-09-20 09:04:04,102 | train_ensemble_classifier.py: using smote oversampling
2019-09-20 09:04:04,122 | train_ensemble_classifier.py: the training set has shape (17598, 101)
2019-09-20 09:04:04,125 | train_ensemble_classifier.py: the training set has shape (17598, 101)
2019-09-20 09:04:04,143 | train_ensemble_classifier.py: entered the function that trains one fold
2019-09-20 09:04:04,146 | train_ensemble_classifier.py: using smote oversampling
2019-09-20 09:04:04,146 | train_ensemble_classifier.py: the training set has shape (17598, 101)
2019-09-20 09:04:04,170 | train_ensemble_classifier.py: entered the function that trains one fold
2019-09-20 09:04:04,176 | train_ensemble_classifier.py: using smote oversampling
2019-09-20 09:04:04,178 | train_ensemble_classifier.py: entered the function that trains one fold
2019-09-20 09:04:04,180 | train_ensemble_classifier.py: using smote oversampling
2019-09-20 09:04:04,374 | train_ensemble_classifier.py: the training set has shape (17598, 101)
2019-09-20 09:04:04,454 | train_ensemble_classifier.py: the training set has shape (17598, 101)
2019-09-20 09:04:04,486 | train_ensemble_classifier.py: the training set has shape (17598, 101)
2019-09-20 09:04:04,562 | train_ensemble_classifier.py: the training set has shape (17604, 101)
2019-09-20 09:04:04,573 | train_ensemble_classifier.py: the training set has shape (17598, 101)
