2019-09-22 18:42:13,064 | train_ensemble_classifier.py: intialized training class
2019-09-22 18:42:13,064 | train_ensemble_classifier.py: the metrics are saved to /home/kevin/Dropbox (LSMO)/proj62_guess_oxidation_states/machine_learn_oxstates/metrics
2019-09-22 18:42:13,065 | train_ensemble_classifier.py: the models are saved to /home/kevin/Dropbox (LSMO)/proj62_guess_oxidation_states/machine_learn_oxstates/models
2019-09-22 18:42:13,071 | train_ensemble_classifier.py: the classdistribution is {2: 13379, 1: 3092, 3: 3185, 4: 377, 5: 117, 6: 269}
2019-09-22 18:42:13,137 | train_ensemble_classifier.py: entered the function that trains one fold
2019-09-22 18:42:13,148 | train_ensemble_classifier.py: entered the function that trains one fold
2019-09-22 18:42:13,154 | train_ensemble_classifier.py: the training set has shape (2499, 85)
2019-09-22 18:42:13,164 | train_ensemble_classifier.py: the training set has shape (2501, 85)
2019-09-22 18:42:13,168 | train_ensemble_classifier.py: the test set has shape (1750, 85)
2019-09-22 18:42:13,169 | train_ensemble_classifier.py: performing hyperparameter optimization
2019-09-22 18:42:13,172 | train_ensemble_classifier.py: the test set has shape (1749, 85)
2019-09-22 18:42:13,173 | train_ensemble_classifier.py: performing hyperparameter optimization
2019-09-22 19:13:31,891 | train_ensemble_classifier.py: entered evaluation function
2019-09-22 19:13:35,120 | train_ensemble_classifier.py: model knn: accuracy test: 0.9594285714285714, accuracy train: 0.988 | f1 micro test 0.9594285714285714, f1 micro train 0.988
2019-09-22 19:13:35,355 | train_ensemble_classifier.py: model gradient_boosting: accuracy test: 0.9674285714285714, accuracy train: 0.9953846153846154 | f1 micro test 0.9674285714285714, f1 micro train 0.9953846153846154
2019-09-22 19:13:35,843 | train_ensemble_classifier.py: model extra_trees: accuracy test: 0.9731428571428572, accuracy train: 0.9938461538461538 | f1 micro test 0.9731428571428572, f1 micro train 0.9938461538461538
2019-09-22 19:13:36,095 | train_ensemble_classifier.py: model naive_bayes: accuracy test: 0.25142857142857145, accuracy train: 0.25446153846153846 | f1 micro test 0.25142857142857145, f1 micro train 0.25446153846153846
2019-09-22 19:13:36,096 | train_ensemble_classifier.py: training ensemble model
2019-09-22 19:13:36,096 | train_ensemble_classifier.py: calibrating  knn
2019-09-22 19:13:36,599 | train_ensemble_classifier.py: the accuracay on the validation set before calibration is 0.948069241011984
2019-09-22 19:13:36,599 | train_ensemble_classifier.py: calibrating using sigmoid regression
2019-09-22 19:13:37,149 | train_ensemble_classifier.py: calibrating using sigmoid regression
2019-09-22 19:13:38,198 | train_ensemble_classifier.py: the accuracay on the validation set after calibration is 0.9467376830892144
2019-09-22 19:13:38,198 | train_ensemble_classifier.py: calibrating  gradient_boosting
2019-09-22 19:13:38,223 | train_ensemble_classifier.py: the accuracay on the validation set before calibration is 0.9800266311584553
2019-09-22 19:13:38,223 | train_ensemble_classifier.py: calibrating using sigmoid regression
2019-09-22 19:13:38,273 | train_ensemble_classifier.py: calibrating using sigmoid regression
2019-09-22 19:13:38,350 | train_ensemble_classifier.py: the accuracay on the validation set after calibration is 0.9760319573901465
2019-09-22 19:13:38,350 | train_ensemble_classifier.py: calibrating  extra_trees
2019-09-22 19:13:38,413 | train_ensemble_classifier.py: the accuracay on the validation set before calibration is 0.9733688415446072
2019-09-22 19:13:38,413 | train_ensemble_classifier.py: calibrating using sigmoid regression
2019-09-22 19:13:38,498 | train_ensemble_classifier.py: calibrating using sigmoid regression
2019-09-22 19:13:38,682 | train_ensemble_classifier.py: the accuracay on the validation set after calibration is 0.9733688415446072
2019-09-22 19:13:38,682 | train_ensemble_classifier.py: calibrating  naive_bayes
2019-09-22 19:13:38,686 | train_ensemble_classifier.py: the accuracay on the validation set before calibration is 0.24101198402130491
2019-09-22 19:13:38,686 | train_ensemble_classifier.py: calibrating using sigmoid regression
2019-09-22 19:13:38,712 | train_ensemble_classifier.py: calibrating using sigmoid regression
2019-09-22 19:13:38,742 | train_ensemble_classifier.py: the accuracay on the validation set after calibration is 0.6671105193075899
2019-09-22 19:13:38,742 | train_ensemble_classifier.py: entered evaluation function
2019-09-22 19:13:42,665 | train_ensemble_classifier.py: model ensemble: accuracy test: 0.9674285714285714, accuracy train: 0.9935384615384616 | f1 micro test 0.9674285714285714, f1 micro train 0.9935384615384616
