2019-09-20 08:27:15,460 | train_ensemble_classifier.py: intialized training class
2019-09-20 08:27:15,460 | train_ensemble_classifier.py: the metrics are saved to /home/kevin/Dropbox (LSMO)/proj62_guess_oxidation_states/machine_learn_oxstates/metrics
2019-09-20 08:27:15,460 | train_ensemble_classifier.py: the models are saved to /home/kevin/Dropbox (LSMO)/proj62_guess_oxidation_states/machine_learn_oxstates/models
2019-09-20 08:27:15,465 | train_ensemble_classifier.py: the classdistribution is {2: 13379, 1: 3092, 3: 3185, 4: 377, 6: 269, 5: 117}
2019-09-20 08:27:15,527 | train_ensemble_classifier.py: entered the function that trains one fold
2019-09-20 08:27:15,530 | train_ensemble_classifier.py: using smote oversampling
2019-09-20 08:27:15,535 | train_ensemble_classifier.py: entered the function that trains one fold
2019-09-20 08:27:15,536 | train_ensemble_classifier.py: using smote oversampling
2019-09-20 08:27:15,543 | train_ensemble_classifier.py: entered the function that trains one fold
2019-09-20 08:27:15,547 | train_ensemble_classifier.py: using smote oversampling
2019-09-20 08:27:15,557 | train_ensemble_classifier.py: entered the function that trains one fold
2019-09-20 08:27:15,559 | train_ensemble_classifier.py: using smote oversampling
2019-09-20 08:27:15,570 | train_ensemble_classifier.py: entered the function that trains one fold
2019-09-20 08:27:15,573 | train_ensemble_classifier.py: using smote oversampling
2019-09-20 08:27:15,911 | train_ensemble_classifier.py: the training set has shape (17598, 101)
2019-09-20 08:27:15,915 | train_ensemble_classifier.py: the test set has shape (502, 101)
2019-09-20 08:27:15,914 | train_ensemble_classifier.py: the training set has shape (17598, 101)
2019-09-20 08:27:15,915 | train_ensemble_classifier.py: performing hyperparameter optimization
2019-09-20 08:27:15,921 | train_ensemble_classifier.py: the test set has shape (503, 101)
2019-09-20 08:27:15,922 | train_ensemble_classifier.py: performing hyperparameter optimization
2019-09-20 08:27:15,934 | train_ensemble_classifier.py: the training set has shape (17598, 101)
2019-09-20 08:27:15,938 | train_ensemble_classifier.py: the test set has shape (502, 101)
2019-09-20 08:27:15,938 | train_ensemble_classifier.py: performing hyperparameter optimization
2019-09-20 08:27:15,938 | train_ensemble_classifier.py: the training set has shape (17598, 101)
2019-09-20 08:27:15,941 | train_ensemble_classifier.py: the test set has shape (501, 101)
2019-09-20 08:27:15,941 | train_ensemble_classifier.py: performing hyperparameter optimization
2019-09-20 08:27:15,956 | train_ensemble_classifier.py: the training set has shape (17598, 101)
2019-09-20 08:27:15,959 | train_ensemble_classifier.py: the test set has shape (501, 101)
2019-09-20 08:27:15,959 | train_ensemble_classifier.py: performing hyperparameter optimization
2019-09-20 08:48:43,350 | train_ensemble_classifier.py: entered the function that trains one fold
2019-09-20 08:48:43,357 | train_ensemble_classifier.py: using smote oversampling
