2019-09-19 13:51:59,816 | train_ensemble_classifier.py: intialized training class
2019-09-19 13:51:59,816 | train_ensemble_classifier.py: the metrics are saved to /home/kevin/Dropbox (LSMO)/proj62_guess_oxidation_states/machine_learn_oxstates/metrics
2019-09-19 13:51:59,817 | train_ensemble_classifier.py: the models are saved to /home/kevin/Dropbox (LSMO)/proj62_guess_oxidation_states/machine_learn_oxstates/models
2019-09-19 13:51:59,822 | train_ensemble_classifier.py: the classdistribution is {3: 2734, 2: 11579, 1: 2642, 6: 226, 4: 325, 5: 103, 7: 1}
2019-09-19 13:51:59,823 | train_ensemble_classifier.py: will drop class 7 since it has not enough examples
2019-09-19 13:51:59,869 | train_ensemble_classifier.py: entered the function that trains one fold
2019-09-19 13:51:59,870 | train_ensemble_classifier.py: entered the function that trains one fold
2019-09-19 13:51:59,873 | train_ensemble_classifier.py: the training set has shape (49, 93)
2019-09-19 13:51:59,875 | train_ensemble_classifier.py: the training set has shape (51, 93)
2019-09-19 13:51:59,877 | train_ensemble_classifier.py: the test set has shape (51, 93)
2019-09-19 13:51:59,878 | train_ensemble_classifier.py: performing hyperparameter optimization
2019-09-19 13:51:59,879 | train_ensemble_classifier.py: the test set has shape (49, 93)
2019-09-19 13:51:59,880 | train_ensemble_classifier.py: performing hyperparameter optimization
2019-09-19 13:52:19,287 | train_ensemble_classifier.py: entered evaluation function
2019-09-19 13:52:19,306 | train_ensemble_classifier.py: model knn: accuracy test: 0.803921568627451, accuracy train: 1.0 | f1 micro test 0.8039215686274509, f1 micro train 1.0
2019-09-19 13:52:19,359 | train_ensemble_classifier.py: model gradient_boosting: accuracy test: 0.8823529411764706, accuracy train: 1.0 | f1 micro test 0.8823529411764706, f1 micro train 1.0
2019-09-19 13:52:19,764 | train_ensemble_classifier.py: model extra_trees: accuracy test: 0.8431372549019608, accuracy train: 1.0 | f1 micro test 0.8431372549019607, f1 micro train 1.0
2019-09-19 13:52:20,653 | train_ensemble_classifier.py: training ensemble model
2019-09-19 13:52:20,653 | train_ensemble_classifier.py: calibrating  knn
2019-09-19 13:52:20,654 | train_ensemble_classifier.py: not calibrating
2019-09-19 13:52:20,654 | train_ensemble_classifier.py: calibrating  gradient_boosting
2019-09-19 13:52:21,854 | train_ensemble_classifier.py: entered evaluation function
2019-09-19 13:52:21,866 | train_ensemble_classifier.py: model knn: accuracy test: 0.8775510204081632, accuracy train: 1.0 | f1 micro test 0.8775510204081631, f1 micro train 1.0
2019-09-19 13:52:21,904 | train_ensemble_classifier.py: not calibrating
2019-09-19 13:52:21,904 | train_ensemble_classifier.py: calibrating  extra_trees
2019-09-19 13:52:21,995 | train_ensemble_classifier.py: model gradient_boosting: accuracy test: 0.9183673469387755, accuracy train: 1.0 | f1 micro test 0.9183673469387755, f1 micro train 1.0
2019-09-19 13:52:22,412 | train_ensemble_classifier.py: model extra_trees: accuracy test: 0.8979591836734694, accuracy train: 1.0 | f1 micro test 0.8979591836734694, f1 micro train 1.0
2019-09-19 13:52:23,416 | train_ensemble_classifier.py: training ensemble model
2019-09-19 13:52:23,416 | train_ensemble_classifier.py: calibrating  knn
2019-09-19 13:52:23,418 | train_ensemble_classifier.py: not calibrating
2019-09-19 13:52:23,418 | train_ensemble_classifier.py: calibrating  gradient_boosting
2019-09-19 13:52:23,839 | train_ensemble_classifier.py: not calibrating
2019-09-19 13:52:23,839 | train_ensemble_classifier.py: now fitting votingclassifier
2019-09-19 13:52:25,277 | train_ensemble_classifier.py: not calibrating
2019-09-19 13:52:25,277 | train_ensemble_classifier.py: calibrating  extra_trees
2019-09-19 13:52:26,810 | train_ensemble_classifier.py: entered evaluation function
2019-09-19 13:52:26,816 | train_ensemble_classifier.py: not calibrating
2019-09-19 13:52:26,816 | train_ensemble_classifier.py: now fitting votingclassifier
2019-09-19 13:52:26,966 | train_ensemble_classifier.py: model ensemble: accuracy test: 0.5686274509803921, accuracy train: 0.7755102040816326 | f1 micro test 0.5686274509803921, f1 micro train 0.7755102040816326
2019-09-19 13:52:30,158 | train_ensemble_classifier.py: entered evaluation function
2019-09-19 13:52:30,296 | train_ensemble_classifier.py: model ensemble: accuracy test: 0.5918367346938775, accuracy train: 0.5686274509803921 | f1 micro test 0.5918367346938775, f1 micro train 0.5686274509803921
2019-09-19 13:52:32,384 | train_ensemble_classifier.py: entering the tracking function
