2019-09-18 19:45:13,485 | train_ensemble_classifier.py: intialized training class
2019-09-18 19:45:13,485 | train_ensemble_classifier.py: the metrics are saved to /home/kevin/Dropbox (LSMO)/proj62_guess_oxidation_states/machine_learn_oxstates/metrics
2019-09-18 19:45:13,486 | train_ensemble_classifier.py: the models are saved to /home/kevin/Dropbox (LSMO)/proj62_guess_oxidation_states/machine_learn_oxstates/models
2019-09-18 19:45:13,490 | train_ensemble_classifier.py: the classdistribution is {3: 2734, 2: 11579, 1: 2642, 6: 226, 4: 325, 5: 103, 7: 1}
2019-09-18 19:45:13,490 | train_ensemble_classifier.py: will drop class 7 since it has not enough examples
2019-09-18 19:45:13,589 | train_ensemble_classifier.py: entered the function that trains one fold
2019-09-18 19:45:13,622 | train_ensemble_classifier.py: entered the function that trains one fold
2019-09-18 19:45:13,657 | train_ensemble_classifier.py: entered the function that trains one fold
2019-09-18 19:45:13,661 | train_ensemble_classifier.py: the training set has shape (13597, 93)
2019-09-18 19:45:13,679 | train_ensemble_classifier.py: the test set has shape (3403, 93)
2019-09-18 19:45:13,680 | train_ensemble_classifier.py: performing hyperparameter optimization
2019-09-18 19:45:13,696 | train_ensemble_classifier.py: the training set has shape (13600, 93)
2019-09-18 19:45:13,705 | train_ensemble_classifier.py: entered the function that trains one fold
2019-09-18 19:45:13,711 | train_ensemble_classifier.py: the test set has shape (3400, 93)
2019-09-18 19:45:13,711 | train_ensemble_classifier.py: performing hyperparameter optimization
2019-09-18 19:45:13,739 | train_ensemble_classifier.py: the training set has shape (13600, 93)
2019-09-18 19:45:13,748 | train_ensemble_classifier.py: the test set has shape (3400, 93)
2019-09-18 19:45:13,748 | train_ensemble_classifier.py: performing hyperparameter optimization
2019-09-18 19:45:13,783 | train_ensemble_classifier.py: the training set has shape (13601, 93)
2019-09-18 19:45:13,791 | train_ensemble_classifier.py: the test set has shape (3399, 93)
2019-09-18 19:45:13,792 | train_ensemble_classifier.py: performing hyperparameter optimization
2019-09-18 19:46:56,888 | train_ensemble_classifier.py: entered the function that trains one fold
2019-09-18 19:46:56,969 | train_ensemble_classifier.py: the training set has shape (13602, 93)
2019-09-18 19:46:56,976 | train_ensemble_classifier.py: the test set has shape (3398, 93)
2019-09-18 19:46:56,977 | train_ensemble_classifier.py: performing hyperparameter optimization
