2019-09-22 17:19:27,318 | train_ensemble_classifier.py: intialized training class
2019-09-22 17:19:27,318 | train_ensemble_classifier.py: the metrics are saved to /home/kevin/Dropbox (LSMO)/proj62_guess_oxidation_states/machine_learn_oxstates/metrics
2019-09-22 17:19:27,319 | train_ensemble_classifier.py: the models are saved to /home/kevin/Dropbox (LSMO)/proj62_guess_oxidation_states/machine_learn_oxstates/models
2019-09-22 17:19:27,324 | train_ensemble_classifier.py: the classdistribution is {2: 13379, 1: 3092, 3: 3185, 4: 377, 5: 117, 6: 269}
2019-09-22 17:19:27,375 | train_ensemble_classifier.py: entered the function that trains one fold
2019-09-22 17:19:27,380 | train_ensemble_classifier.py: entered the function that trains one fold
2019-09-22 17:19:27,383 | train_ensemble_classifier.py: the training set has shape (999, 85)
2019-09-22 17:19:27,384 | train_ensemble_classifier.py: the training set has shape (1001, 85)
2019-09-22 17:19:27,389 | train_ensemble_classifier.py: the test set has shape (700, 85)
2019-09-22 17:19:27,389 | train_ensemble_classifier.py: performing hyperparameter optimization
2019-09-22 17:19:27,390 | train_ensemble_classifier.py: the test set has shape (699, 85)
2019-09-22 17:19:27,390 | train_ensemble_classifier.py: performing hyperparameter optimization
2019-09-22 17:28:21,476 | train_ensemble_classifier.py: entered evaluation function
2019-09-22 17:28:21,910 | train_ensemble_classifier.py: model knn: accuracy test: 0.9371428571428572, accuracy train: 0.9846153846153847 | f1 micro test 0.9371428571428572, f1 micro train 0.9846153846153847
2019-09-22 17:28:22,042 | train_ensemble_classifier.py: model gradient_boosting: accuracy test: 0.9542857142857143, accuracy train: 0.9923076923076923 | f1 micro test 0.9542857142857143, f1 micro train 0.9923076923076923
2019-09-22 17:28:22,246 | train_ensemble_classifier.py: model extra_trees: accuracy test: 0.9528571428571428, accuracy train: 0.9938461538461538 | f1 micro test 0.9528571428571427, f1 micro train 0.9938461538461538
2019-09-22 17:28:22,337 | train_ensemble_classifier.py: training ensemble model
2019-09-22 17:28:22,337 | train_ensemble_classifier.py: calibrating  knn
2019-09-22 17:28:22,403 | train_ensemble_classifier.py: the accuracay on the validation set before calibration is 0.9335548172757475
2019-09-22 17:28:22,404 | train_ensemble_classifier.py: calibrating using isotonic regression
2019-09-22 17:31:05,273 | train_ensemble_classifier.py: entered evaluation function
2019-09-22 17:31:05,680 | train_ensemble_classifier.py: model knn: accuracy test: 0.932761087267525, accuracy train: 0.9853958493466565 | f1 micro test 0.9327610872675249, f1 micro train 0.9853958493466565
2019-09-22 17:31:05,806 | train_ensemble_classifier.py: model gradient_boosting: accuracy test: 0.944206008583691, accuracy train: 0.9938508839354343 | f1 micro test 0.944206008583691, f1 micro train 0.9938508839354343
2019-09-22 17:31:05,930 | train_ensemble_classifier.py: model extra_trees: accuracy test: 0.9542203147353362, accuracy train: 0.994619523443505 | f1 micro test 0.9542203147353362, f1 micro train 0.994619523443505
2019-09-22 17:31:05,981 | train_ensemble_classifier.py: training ensemble model
2019-09-22 17:31:05,981 | train_ensemble_classifier.py: calibrating  knn
2019-09-22 17:31:06,034 | train_ensemble_classifier.py: the accuracay on the validation set before calibration is 0.9366666666666666
2019-09-22 17:31:06,034 | train_ensemble_classifier.py: calibrating using isotonic regression
2019-09-22 17:31:06,092 | train_ensemble_classifier.py: calibrating using isotonic regression
2019-09-22 17:31:06,199 | train_ensemble_classifier.py: the accuracay on the validation set after calibration is 0.9433333333333334
2019-09-22 17:31:06,199 | train_ensemble_classifier.py: calibrating  gradient_boosting
2019-09-22 17:31:06,220 | train_ensemble_classifier.py: the accuracay on the validation set before calibration is 0.9733333333333334
2019-09-22 17:31:06,220 | train_ensemble_classifier.py: calibrating using isotonic regression
2019-09-22 17:31:06,250 | train_ensemble_classifier.py: calibrating using isotonic regression
2019-09-22 17:31:06,303 | train_ensemble_classifier.py: the accuracay on the validation set after calibration is 0.9766666666666667
2019-09-22 17:31:06,303 | train_ensemble_classifier.py: calibrating  extra_trees
2019-09-22 17:31:06,315 | train_ensemble_classifier.py: the accuracay on the validation set before calibration is 0.9766666666666667
2019-09-22 17:31:06,315 | train_ensemble_classifier.py: calibrating using isotonic regression
2019-09-22 17:31:06,333 | train_ensemble_classifier.py: calibrating using isotonic regression
2019-09-22 17:31:06,356 | train_ensemble_classifier.py: the accuracay on the validation set after calibration is 0.98
2019-09-22 17:31:06,356 | train_ensemble_classifier.py: entered evaluation function
2019-09-22 17:31:06,883 | train_ensemble_classifier.py: model ensemble: accuracy test: 0.949928469241774, accuracy train: 0.994619523443505 | f1 micro test 0.949928469241774, f1 micro train 0.994619523443505
