2019-09-20 08:54:09,959 | train_ensemble_classifier.py: intialized training class
2019-09-20 08:54:09,959 | train_ensemble_classifier.py: the metrics are saved to /home/kevin/Dropbox (LSMO)/proj62_guess_oxidation_states/machine_learn_oxstates/metrics
2019-09-20 08:54:09,959 | train_ensemble_classifier.py: the models are saved to /home/kevin/Dropbox (LSMO)/proj62_guess_oxidation_states/machine_learn_oxstates/models
2019-09-20 08:54:09,963 | train_ensemble_classifier.py: the classdistribution is {2: 13379, 1: 3092, 3: 3185, 4: 377, 6: 269, 5: 117}
2019-09-20 08:54:10,023 | train_ensemble_classifier.py: entered the function that trains one fold
2019-09-20 08:54:10,026 | train_ensemble_classifier.py: using smote oversampling
2019-09-20 08:54:10,033 | train_ensemble_classifier.py: entered the function that trains one fold
2019-09-20 08:54:10,035 | train_ensemble_classifier.py: using smote oversampling
2019-09-20 08:54:10,040 | train_ensemble_classifier.py: entered the function that trains one fold
2019-09-20 08:54:10,042 | train_ensemble_classifier.py: using smote oversampling
2019-09-20 08:54:10,049 | train_ensemble_classifier.py: entered the function that trains one fold
2019-09-20 08:54:10,051 | train_ensemble_classifier.py: using smote oversampling
2019-09-20 08:54:10,059 | train_ensemble_classifier.py: entered the function that trains one fold
2019-09-20 08:54:10,063 | train_ensemble_classifier.py: using smote oversampling
2019-09-20 08:54:10,402 | train_ensemble_classifier.py: the training set has shape (17598, 101)
2019-09-20 08:54:10,418 | train_ensemble_classifier.py: the training set has shape (17598, 101)
2019-09-20 08:54:10,429 | train_ensemble_classifier.py: entered the function that trains one fold
2019-09-20 08:54:10,430 | train_ensemble_classifier.py: the training set has shape (17598, 101)
2019-09-20 08:54:10,433 | train_ensemble_classifier.py: using smote oversampling
2019-09-20 08:54:10,449 | train_ensemble_classifier.py: entered the function that trains one fold
2019-09-20 08:54:10,451 | train_ensemble_classifier.py: using smote oversampling
2019-09-20 08:54:10,465 | train_ensemble_classifier.py: entered the function that trains one fold
2019-09-20 08:54:10,467 | train_ensemble_classifier.py: using smote oversampling
2019-09-20 08:54:10,480 | train_ensemble_classifier.py: the training set has shape (17598, 101)
2019-09-20 08:54:10,480 | train_ensemble_classifier.py: the training set has shape (17598, 101)
2019-09-20 08:54:10,499 | train_ensemble_classifier.py: entered the function that trains one fold
2019-09-20 08:54:10,501 | train_ensemble_classifier.py: using smote oversampling
2019-09-20 08:54:10,517 | train_ensemble_classifier.py: entered the function that trains one fold
2019-09-20 08:54:10,518 | train_ensemble_classifier.py: using smote oversampling
2019-09-20 08:54:10,779 | train_ensemble_classifier.py: the training set has shape (17598, 101)
2019-09-20 08:54:10,830 | train_ensemble_classifier.py: the training set has shape (17598, 101)
2019-09-20 08:54:10,860 | train_ensemble_classifier.py: the training set has shape (17598, 101)
2019-09-20 08:54:10,872 | train_ensemble_classifier.py: the training set has shape (17598, 101)
2019-09-20 08:54:10,913 | train_ensemble_classifier.py: the training set has shape (17604, 101)
