2019-09-19 15:07:46,831 | train_ensemble_classifier.py: intialized training class
2019-09-19 15:07:46,834 | train_ensemble_classifier.py: the metrics are saved to /home/kevin/Dropbox (LSMO)/proj62_guess_oxidation_states/machine_learn_oxstates/metrics
2019-09-19 15:07:46,840 | train_ensemble_classifier.py: the models are saved to /home/kevin/Dropbox (LSMO)/proj62_guess_oxidation_states/machine_learn_oxstates/models
2019-09-19 15:07:46,853 | train_ensemble_classifier.py: the classdistribution is {3: 2734, 2: 11579, 1: 2642, 6: 226, 4: 325, 5: 103, 7: 1}
2019-09-19 15:07:46,858 | train_ensemble_classifier.py: will drop class 7 since it has not enough examples
2019-09-19 15:07:46,966 | train_ensemble_classifier.py: entered the function that trains one fold
2019-09-19 15:07:47,008 | train_ensemble_classifier.py: entered the function that trains one fold
2019-09-19 15:07:47,021 | train_ensemble_classifier.py: the training set has shape (4497, 93)
2019-09-19 15:07:47,031 | train_ensemble_classifier.py: the test set has shape (503, 93)
2019-09-19 15:07:47,032 | train_ensemble_classifier.py: performing hyperparameter optimization
2019-09-19 15:07:47,046 | train_ensemble_classifier.py: entered the function that trains one fold
2019-09-19 15:07:47,072 | train_ensemble_classifier.py: entered the function that trains one fold
2019-09-19 15:07:47,073 | train_ensemble_classifier.py: the training set has shape (4498, 93)
2019-09-19 15:07:47,093 | train_ensemble_classifier.py: the test set has shape (502, 93)
2019-09-19 15:07:47,094 | train_ensemble_classifier.py: performing hyperparameter optimization
2019-09-19 15:07:47,095 | train_ensemble_classifier.py: the training set has shape (4498, 93)
2019-09-19 15:07:47,104 | train_ensemble_classifier.py: entered the function that trains one fold
2019-09-19 15:07:47,141 | train_ensemble_classifier.py: the test set has shape (502, 93)
2019-09-19 15:07:47,141 | train_ensemble_classifier.py: performing hyperparameter optimization
2019-09-19 15:07:47,163 | train_ensemble_classifier.py: the training set has shape (4499, 93)
2019-09-19 15:07:47,156 | train_ensemble_classifier.py: the training set has shape (4498, 93)
2019-09-19 15:07:47,181 | train_ensemble_classifier.py: the test set has shape (502, 93)
2019-09-19 15:07:47,181 | train_ensemble_classifier.py: performing hyperparameter optimization
2019-09-19 15:07:47,189 | train_ensemble_classifier.py: the test set has shape (501, 93)
2019-09-19 15:07:47,190 | train_ensemble_classifier.py: performing hyperparameter optimization
2019-09-19 15:07:51,036 | train_ensemble_classifier.py: entered the function that trains one fold
2019-09-19 15:07:51,054 | train_ensemble_classifier.py: the training set has shape (4501, 93)
2019-09-19 15:07:51,065 | train_ensemble_classifier.py: the test set has shape (499, 93)
2019-09-19 15:07:51,065 | train_ensemble_classifier.py: performing hyperparameter optimization
