2019-09-18 19:47:18,795 | train_ensemble_classifier.py: intialized training class
2019-09-18 19:47:18,795 | train_ensemble_classifier.py: the metrics are saved to /home/kevin/Dropbox (LSMO)/proj62_guess_oxidation_states/machine_learn_oxstates/metrics
2019-09-18 19:47:18,795 | train_ensemble_classifier.py: the models are saved to /home/kevin/Dropbox (LSMO)/proj62_guess_oxidation_states/machine_learn_oxstates/models
2019-09-18 19:47:18,801 | train_ensemble_classifier.py: the classdistribution is {3: 2734, 2: 11579, 1: 2642, 6: 226, 4: 325, 5: 103, 7: 1}
2019-09-18 19:47:18,802 | train_ensemble_classifier.py: will drop class 7 since it has not enough examples
2019-09-18 19:47:18,900 | train_ensemble_classifier.py: entered the function that trains one fold
2019-09-18 19:47:18,935 | train_ensemble_classifier.py: entered the function that trains one fold
2019-09-18 19:47:18,971 | train_ensemble_classifier.py: the training set has shape (13597, 93)
2019-09-18 19:47:18,975 | train_ensemble_classifier.py: entered the function that trains one fold
2019-09-18 19:47:18,980 | train_ensemble_classifier.py: the test set has shape (3403, 93)
2019-09-18 19:47:18,981 | train_ensemble_classifier.py: performing hyperparameter optimization
2019-09-18 19:47:19,009 | train_ensemble_classifier.py: entered the function that trains one fold
2019-09-18 19:47:19,006 | train_ensemble_classifier.py: the training set has shape (13600, 93)
2019-09-18 19:47:19,017 | train_ensemble_classifier.py: the test set has shape (3400, 93)
2019-09-18 19:47:19,017 | train_ensemble_classifier.py: performing hyperparameter optimization
2019-09-18 19:47:19,037 | train_ensemble_classifier.py: the training set has shape (13600, 93)
2019-09-18 19:47:19,049 | train_ensemble_classifier.py: the test set has shape (3400, 93)
2019-09-18 19:47:19,049 | train_ensemble_classifier.py: performing hyperparameter optimization
2019-09-18 19:47:19,101 | train_ensemble_classifier.py: the training set has shape (13601, 93)
2019-09-18 19:47:19,111 | train_ensemble_classifier.py: the test set has shape (3399, 93)
2019-09-18 19:47:19,111 | train_ensemble_classifier.py: performing hyperparameter optimization
2019-09-18 20:28:39,243 | train_ensemble_classifier.py: entered evaluation function
2019-09-18 20:29:35,685 | train_ensemble_classifier.py: model knn: accuracy test: 0.9844117647058823, accuracy train: 1.0 | f1 micro test 0.9844117647058823, f1 micro train 1.0
2019-09-18 20:29:37,283 | train_ensemble_classifier.py: model gradient_boosting: accuracy test: 0.9888235294117647, accuracy train: 1.0 | f1 micro test 0.9888235294117647, f1 micro train 1.0
2019-09-18 20:29:45,314 | train_ensemble_classifier.py: model extra_trees: accuracy test: 0.9888235294117647, accuracy train: 1.0 | f1 micro test 0.9888235294117647, f1 micro train 1.0
2019-09-18 20:29:47,433 | train_ensemble_classifier.py: training ensemble model
2019-09-18 20:29:47,483 | train_ensemble_classifier.py: entered the function that trains one fold
2019-09-18 20:29:47,579 | train_ensemble_classifier.py: the training set has shape (13602, 93)
2019-09-18 20:29:47,586 | train_ensemble_classifier.py: the test set has shape (3398, 93)
2019-09-18 20:29:47,587 | train_ensemble_classifier.py: performing hyperparameter optimization
2019-09-18 20:31:07,035 | train_ensemble_classifier.py: entered evaluation function
2019-09-18 20:31:08,349 | train_ensemble_classifier.py: entered evaluation function
2019-09-18 20:31:17,905 | train_ensemble_classifier.py: entered evaluation function
2019-09-18 20:31:45,046 | train_ensemble_classifier.py: model knn: accuracy test: 0.9811930649426976, accuracy train: 1.0 | f1 micro test 0.9811930649426976, f1 micro train 1.0
2019-09-18 20:31:48,469 | train_ensemble_classifier.py: model gradient_boosting: accuracy test: 0.9894210990302674, accuracy train: 1.0 | f1 micro test 0.9894210990302674, f1 micro train 1.0
2019-09-18 20:31:54,759 | train_ensemble_classifier.py: model extra_trees: accuracy test: 0.9900088157508081, accuracy train: 1.0 | f1 micro test 0.9900088157508081, f1 micro train 1.0
2019-09-18 20:31:56,245 | train_ensemble_classifier.py: training ensemble model
2019-09-18 20:32:00,852 | train_ensemble_classifier.py: model knn: accuracy test: 0.9820535451603413, accuracy train: 1.0 | f1 micro test 0.9820535451603413, f1 micro train 1.0
2019-09-18 20:32:04,630 | train_ensemble_classifier.py: model gradient_boosting: accuracy test: 0.9897028537805237, accuracy train: 1.0 | f1 micro test 0.9897028537805237, f1 micro train 1.0
2019-09-18 20:32:11,019 | train_ensemble_classifier.py: model extra_trees: accuracy test: 0.9894086496028244, accuracy train: 1.0 | f1 micro test 0.9894086496028244, f1 micro train 1.0
2019-09-18 20:32:12,385 | train_ensemble_classifier.py: training ensemble model
2019-09-18 20:32:15,114 | train_ensemble_classifier.py: model knn: accuracy test: 0.9808823529411764, accuracy train: 1.0 | f1 micro test 0.9808823529411764, f1 micro train 1.0
2019-09-18 20:32:18,357 | train_ensemble_classifier.py: model gradient_boosting: accuracy test: 0.9897058823529412, accuracy train: 1.0 | f1 micro test 0.9897058823529412, f1 micro train 1.0
2019-09-18 20:32:23,453 | train_ensemble_classifier.py: model extra_trees: accuracy test: 0.9888235294117647, accuracy train: 1.0 | f1 micro test 0.9888235294117647, f1 micro train 1.0
2019-09-18 20:32:24,664 | train_ensemble_classifier.py: training ensemble model
2019-09-18 20:53:24,655 | train_ensemble_classifier.py: entered evaluation function
2019-09-18 20:54:13,383 | train_ensemble_classifier.py: model knn: accuracy test: 0.9844025897586816, accuracy train: 1.0 | f1 micro test 0.9844025897586816, f1 micro train 1.0
2019-09-18 20:54:15,724 | train_ensemble_classifier.py: model gradient_boosting: accuracy test: 0.9891112419070042, accuracy train: 1.0 | f1 micro test 0.9891112419070042, f1 micro train 1.0
2019-09-18 20:54:19,785 | train_ensemble_classifier.py: model extra_trees: accuracy test: 0.9861683343143025, accuracy train: 1.0 | f1 micro test 0.9861683343143025, f1 micro train 1.0
2019-09-18 20:54:20,811 | train_ensemble_classifier.py: training ensemble model
