2019-09-19 15:08:03,107 | train_ensemble_classifier.py: intialized training class
2019-09-19 15:08:03,107 | train_ensemble_classifier.py: the metrics are saved to /home/kevin/Dropbox (LSMO)/proj62_guess_oxidation_states/machine_learn_oxstates/metrics
2019-09-19 15:08:03,108 | train_ensemble_classifier.py: the models are saved to /home/kevin/Dropbox (LSMO)/proj62_guess_oxidation_states/machine_learn_oxstates/models
2019-09-19 15:08:03,113 | train_ensemble_classifier.py: the classdistribution is {3: 2734, 2: 11579, 1: 2642, 6: 226, 4: 325, 5: 103, 7: 1}
2019-09-19 15:08:03,113 | train_ensemble_classifier.py: will drop class 7 since it has not enough examples
2019-09-19 15:08:03,164 | train_ensemble_classifier.py: entered the function that trains one fold
2019-09-19 15:08:03,186 | train_ensemble_classifier.py: the training set has shape (4497, 93)
2019-09-19 15:08:03,188 | train_ensemble_classifier.py: entered the function that trains one fold
2019-09-19 15:08:03,200 | train_ensemble_classifier.py: the test set has shape (503, 93)
2019-09-19 15:08:03,205 | train_ensemble_classifier.py: performing hyperparameter optimization
2019-09-19 15:08:03,210 | train_ensemble_classifier.py: the training set has shape (4498, 93)
2019-09-19 15:08:03,213 | train_ensemble_classifier.py: the test set has shape (502, 93)
2019-09-19 15:08:03,213 | train_ensemble_classifier.py: performing hyperparameter optimization
2019-09-19 15:08:03,219 | train_ensemble_classifier.py: entered the function that trains one fold
2019-09-19 15:08:03,248 | train_ensemble_classifier.py: entered the function that trains one fold
2019-09-19 15:08:03,271 | train_ensemble_classifier.py: the training set has shape (4498, 93)
2019-09-19 15:08:03,281 | train_ensemble_classifier.py: entered the function that trains one fold
2019-09-19 15:08:03,277 | train_ensemble_classifier.py: the training set has shape (4498, 93)
2019-09-19 15:08:03,298 | train_ensemble_classifier.py: the test set has shape (502, 93)
2019-09-19 15:08:03,298 | train_ensemble_classifier.py: performing hyperparameter optimization
2019-09-19 15:08:03,305 | train_ensemble_classifier.py: the test set has shape (502, 93)
2019-09-19 15:08:03,305 | train_ensemble_classifier.py: performing hyperparameter optimization
2019-09-19 15:08:03,314 | train_ensemble_classifier.py: the training set has shape (4499, 93)
2019-09-19 15:08:03,323 | train_ensemble_classifier.py: the test set has shape (501, 93)
2019-09-19 15:08:03,323 | train_ensemble_classifier.py: performing hyperparameter optimization
2019-09-19 15:16:45,099 | train_ensemble_classifier.py: entered evaluation function
2019-09-19 15:16:53,876 | train_ensemble_classifier.py: model knn: accuracy test: 0.9681274900398407, accuracy train: 1.0 | f1 micro test 0.9681274900398407, f1 micro train 1.0
2019-09-19 15:16:54,769 | train_ensemble_classifier.py: model gradient_boosting: accuracy test: 0.9840637450199203, accuracy train: 1.0 | f1 micro test 0.9840637450199203, f1 micro train 1.0
2019-09-19 15:16:55,535 | train_ensemble_classifier.py: model extra_trees: accuracy test: 0.9840637450199203, accuracy train: 1.0 | f1 micro test 0.9840637450199203, f1 micro train 1.0
2019-09-19 15:16:55,772 | train_ensemble_classifier.py: training ensemble model
2019-09-19 15:16:55,772 | train_ensemble_classifier.py: calibrating  knn
2019-09-19 15:16:55,797 | train_ensemble_classifier.py: not calibrating
2019-09-19 15:16:55,798 | train_ensemble_classifier.py: calibrating  gradient_boosting
2019-09-19 15:16:56,234 | train_ensemble_classifier.py: entered evaluation function
2019-09-19 15:16:57,119 | train_ensemble_classifier.py: entered evaluation function
2019-09-19 15:17:05,084 | train_ensemble_classifier.py: model knn: accuracy test: 0.9660678642714571, accuracy train: 1.0 | f1 micro test 0.9660678642714571, f1 micro train 1.0
2019-09-19 15:17:06,237 | train_ensemble_classifier.py: model gradient_boosting: accuracy test: 0.9820359281437125, accuracy train: 1.0 | f1 micro test 0.9820359281437125, f1 micro train 1.0
2019-09-19 15:17:07,090 | train_ensemble_classifier.py: model extra_trees: accuracy test: 0.9760479041916168, accuracy train: 1.0 | f1 micro test 0.9760479041916168, f1 micro train 1.0
2019-09-19 15:17:07,347 | train_ensemble_classifier.py: model knn: accuracy test: 0.9721669980119284, accuracy train: 1.0 | f1 micro test 0.9721669980119284, f1 micro train 1.0
2019-09-19 15:17:07,386 | train_ensemble_classifier.py: training ensemble model
2019-09-19 15:17:07,387 | train_ensemble_classifier.py: calibrating  knn
2019-09-19 15:17:07,414 | train_ensemble_classifier.py: not calibrating
2019-09-19 15:17:07,414 | train_ensemble_classifier.py: calibrating  gradient_boosting
2019-09-19 15:17:08,504 | train_ensemble_classifier.py: model gradient_boosting: accuracy test: 0.9801192842942346, accuracy train: 1.0 | f1 micro test 0.9801192842942346, f1 micro train 1.0
2019-09-19 15:17:09,414 | train_ensemble_classifier.py: model extra_trees: accuracy test: 0.9840954274353877, accuracy train: 1.0 | f1 micro test 0.9840954274353877, f1 micro train 1.0
2019-09-19 15:17:09,815 | train_ensemble_classifier.py: training ensemble model
2019-09-19 15:17:09,815 | train_ensemble_classifier.py: calibrating  knn
2019-09-19 15:17:09,847 | train_ensemble_classifier.py: not calibrating
2019-09-19 15:17:09,847 | train_ensemble_classifier.py: calibrating  gradient_boosting
2019-09-19 15:17:24,322 | train_ensemble_classifier.py: entered evaluation function
2019-09-19 15:17:31,691 | train_ensemble_classifier.py: model knn: accuracy test: 0.9741035856573705, accuracy train: 1.0 | f1 micro test 0.9741035856573705, f1 micro train 1.0
2019-09-19 15:17:32,011 | train_ensemble_classifier.py: model gradient_boosting: accuracy test: 0.9741035856573705, accuracy train: 1.0 | f1 micro test 0.9741035856573705, f1 micro train 1.0
2019-09-19 15:17:34,406 | train_ensemble_classifier.py: model extra_trees: accuracy test: 0.9760956175298805, accuracy train: 1.0 | f1 micro test 0.9760956175298805, f1 micro train 1.0
2019-09-19 15:17:36,238 | train_ensemble_classifier.py: training ensemble model
2019-09-19 15:17:36,239 | train_ensemble_classifier.py: calibrating  knn
2019-09-19 15:17:36,259 | train_ensemble_classifier.py: not calibrating
2019-09-19 15:17:36,260 | train_ensemble_classifier.py: calibrating  gradient_boosting
2019-09-19 15:17:43,754 | train_ensemble_classifier.py: entered evaluation function
2019-09-19 15:17:52,392 | train_ensemble_classifier.py: model knn: accuracy test: 0.9641434262948207, accuracy train: 1.0 | f1 micro test 0.9641434262948207, f1 micro train 1.0
2019-09-19 15:17:53,396 | train_ensemble_classifier.py: model gradient_boosting: accuracy test: 0.9760956175298805, accuracy train: 1.0 | f1 micro test 0.9760956175298805, f1 micro train 1.0
2019-09-19 15:17:55,377 | train_ensemble_classifier.py: model extra_trees: accuracy test: 0.9422310756972112, accuracy train: 1.0 | f1 micro test 0.9422310756972112, f1 micro train 1.0
2019-09-19 15:17:56,772 | train_ensemble_classifier.py: training ensemble model
2019-09-19 15:17:56,772 | train_ensemble_classifier.py: calibrating  knn
2019-09-19 15:17:56,797 | train_ensemble_classifier.py: not calibrating
2019-09-19 15:17:56,797 | train_ensemble_classifier.py: calibrating  gradient_boosting
2019-09-19 15:18:14,958 | train_ensemble_classifier.py: not calibrating
2019-09-19 15:18:14,958 | train_ensemble_classifier.py: calibrating  extra_trees
2019-09-19 15:18:17,496 | train_ensemble_classifier.py: not calibrating
2019-09-19 15:18:17,496 | train_ensemble_classifier.py: now fitting votingclassifier
2019-09-19 15:18:17,496 | train_ensemble_classifier.py: entered evaluation function
2019-09-19 15:18:18,426 | train_ensemble_classifier.py: model ensemble: accuracy test: 0.3207171314741036, accuracy train: 0.3601600711427301 | f1 micro test 0.3207171314741036, f1 micro train 0.3601600711427301
2019-09-19 15:18:18,929 | train_ensemble_classifier.py: entered the function that trains one fold
2019-09-19 15:18:18,952 | train_ensemble_classifier.py: the training set has shape (4501, 93)
2019-09-19 15:18:18,955 | train_ensemble_classifier.py: the test set has shape (499, 93)
2019-09-19 15:18:18,956 | train_ensemble_classifier.py: performing hyperparameter optimization
2019-09-19 15:18:28,154 | train_ensemble_classifier.py: not calibrating
2019-09-19 15:18:28,155 | train_ensemble_classifier.py: calibrating  extra_trees
2019-09-19 15:18:28,450 | train_ensemble_classifier.py: not calibrating
2019-09-19 15:18:28,451 | train_ensemble_classifier.py: calibrating  extra_trees
2019-09-19 15:18:31,070 | train_ensemble_classifier.py: not calibrating
2019-09-19 15:18:31,070 | train_ensemble_classifier.py: now fitting votingclassifier
2019-09-19 15:18:31,071 | train_ensemble_classifier.py: entered evaluation function
2019-09-19 15:18:31,084 | train_ensemble_classifier.py: not calibrating
2019-09-19 15:18:31,084 | train_ensemble_classifier.py: now fitting votingclassifier
2019-09-19 15:18:31,085 | train_ensemble_classifier.py: entered evaluation function
2019-09-19 15:18:31,961 | train_ensemble_classifier.py: model ensemble: accuracy test: 0.5389221556886228, accuracy train: 0.48744165370082243 | f1 micro test 0.5389221556886228, f1 micro train 0.48744165370082243
2019-09-19 15:18:31,986 | train_ensemble_classifier.py: model ensemble: accuracy test: 0.5785288270377733, accuracy train: 0.5641538803646876 | f1 micro test 0.5785288270377733, f1 micro train 0.5641538803646876
2019-09-19 15:18:32,318 | train_ensemble_classifier.py: not calibrating
2019-09-19 15:18:32,319 | train_ensemble_classifier.py: calibrating  extra_trees
2019-09-19 15:18:32,424 | train_ensemble_classifier.py: entered the function that trains one fold
2019-09-19 15:18:32,446 | train_ensemble_classifier.py: entered the function that trains one fold
2019-09-19 15:18:32,449 | train_ensemble_classifier.py: the training set has shape (4501, 93)
2019-09-19 15:18:32,451 | train_ensemble_classifier.py: the test set has shape (499, 93)
2019-09-19 15:18:32,451 | train_ensemble_classifier.py: performing hyperparameter optimization
2019-09-19 15:18:32,466 | train_ensemble_classifier.py: the training set has shape (4502, 93)
2019-09-19 15:18:32,469 | train_ensemble_classifier.py: the test set has shape (498, 93)
2019-09-19 15:18:32,469 | train_ensemble_classifier.py: performing hyperparameter optimization
2019-09-19 15:19:08,802 | train_ensemble_classifier.py: not calibrating
2019-09-19 15:19:08,803 | train_ensemble_classifier.py: calibrating  extra_trees
2019-09-19 15:19:20,450 | train_ensemble_classifier.py: not calibrating
2019-09-19 15:19:20,450 | train_ensemble_classifier.py: now fitting votingclassifier
2019-09-19 15:19:20,451 | train_ensemble_classifier.py: entered evaluation function
2019-09-19 15:19:22,706 | train_ensemble_classifier.py: model ensemble: accuracy test: 0.6772908366533864, accuracy train: 0.6898621609604269 | f1 micro test 0.6772908366533864, f1 micro train 0.6898621609604269
2019-09-19 15:19:24,636 | train_ensemble_classifier.py: entered the function that trains one fold
2019-09-19 15:19:24,655 | train_ensemble_classifier.py: the training set has shape (4503, 93)
2019-09-19 15:19:24,658 | train_ensemble_classifier.py: the test set has shape (497, 93)
2019-09-19 15:19:24,658 | train_ensemble_classifier.py: performing hyperparameter optimization
2019-09-19 15:20:03,222 | train_ensemble_classifier.py: not calibrating
2019-09-19 15:20:03,222 | train_ensemble_classifier.py: now fitting votingclassifier
2019-09-19 15:20:03,223 | train_ensemble_classifier.py: entered evaluation function
2019-09-19 15:20:05,575 | train_ensemble_classifier.py: model ensemble: accuracy test: 0.6992031872509961, accuracy train: 0.6949755446865273 | f1 micro test 0.6992031872509961, f1 micro train 0.6949755446865273
2019-09-19 15:20:07,832 | train_ensemble_classifier.py: entered the function that trains one fold
2019-09-19 15:20:07,859 | train_ensemble_classifier.py: the training set has shape (4503, 93)
2019-09-19 15:20:07,877 | train_ensemble_classifier.py: the test set has shape (497, 93)
2019-09-19 15:20:07,877 | train_ensemble_classifier.py: performing hyperparameter optimization
2019-09-19 15:28:05,903 | train_ensemble_classifier.py: entered evaluation function
2019-09-19 15:28:14,972 | train_ensemble_classifier.py: model knn: accuracy test: 0.9559118236472945, accuracy train: 1.0 | f1 micro test 0.9559118236472945, f1 micro train 1.0
2019-09-19 15:28:15,246 | train_ensemble_classifier.py: model gradient_boosting: accuracy test: 0.9659318637274549, accuracy train: 1.0 | f1 micro test 0.9659318637274549, f1 micro train 1.0
2019-09-19 15:28:17,306 | train_ensemble_classifier.py: model extra_trees: accuracy test: 0.905811623246493, accuracy train: 1.0 | f1 micro test 0.905811623246493, f1 micro train 1.0
2019-09-19 15:28:18,837 | train_ensemble_classifier.py: training ensemble model
2019-09-19 15:28:18,839 | train_ensemble_classifier.py: calibrating  knn
2019-09-19 15:28:18,865 | train_ensemble_classifier.py: not calibrating
2019-09-19 15:28:18,865 | train_ensemble_classifier.py: calibrating  gradient_boosting
2019-09-19 15:28:24,863 | train_ensemble_classifier.py: entered evaluation function
2019-09-19 15:28:33,101 | train_ensemble_classifier.py: model knn: accuracy test: 0.9759036144578314, accuracy train: 1.0 | f1 micro test 0.9759036144578314, f1 micro train 1.0
2019-09-19 15:28:33,502 | train_ensemble_classifier.py: model gradient_boosting: accuracy test: 0.9839357429718876, accuracy train: 1.0 | f1 micro test 0.9839357429718876, f1 micro train 1.0
2019-09-19 15:28:36,006 | train_ensemble_classifier.py: model extra_trees: accuracy test: 0.9738955823293173, accuracy train: 1.0 | f1 micro test 0.9738955823293173, f1 micro train 1.0
2019-09-19 15:28:38,091 | train_ensemble_classifier.py: training ensemble model
2019-09-19 15:28:38,091 | train_ensemble_classifier.py: calibrating  knn
2019-09-19 15:28:38,117 | train_ensemble_classifier.py: not calibrating
2019-09-19 15:28:38,117 | train_ensemble_classifier.py: calibrating  gradient_boosting
2019-09-19 15:28:55,373 | train_ensemble_classifier.py: entered evaluation function
2019-09-19 15:29:04,715 | train_ensemble_classifier.py: model knn: accuracy test: 0.9719438877755511, accuracy train: 1.0 | f1 micro test 0.9719438877755511, f1 micro train 1.0
2019-09-19 15:29:05,707 | train_ensemble_classifier.py: model gradient_boosting: accuracy test: 0.9819639278557114, accuracy train: 1.0 | f1 micro test 0.9819639278557114, f1 micro train 1.0
2019-09-19 15:29:07,880 | train_ensemble_classifier.py: model extra_trees: accuracy test: 0.9378757515030061, accuracy train: 1.0 | f1 micro test 0.9378757515030061, f1 micro train 1.0
2019-09-19 15:29:09,289 | train_ensemble_classifier.py: training ensemble model
2019-09-19 15:29:09,289 | train_ensemble_classifier.py: calibrating  knn
2019-09-19 15:29:09,312 | train_ensemble_classifier.py: not calibrating
2019-09-19 15:29:09,313 | train_ensemble_classifier.py: calibrating  gradient_boosting
2019-09-19 15:29:12,202 | train_ensemble_classifier.py: not calibrating
2019-09-19 15:29:12,202 | train_ensemble_classifier.py: calibrating  extra_trees
2019-09-19 15:29:32,193 | train_ensemble_classifier.py: not calibrating
2019-09-19 15:29:32,193 | train_ensemble_classifier.py: calibrating  extra_trees
2019-09-19 15:30:00,330 | train_ensemble_classifier.py: not calibrating
2019-09-19 15:30:00,331 | train_ensemble_classifier.py: now fitting votingclassifier
2019-09-19 15:30:00,332 | train_ensemble_classifier.py: entered evaluation function
2019-09-19 15:30:02,278 | train_ensemble_classifier.py: model ensemble: accuracy test: 0.312625250501002, accuracy train: 0.2999333481448567 | f1 micro test 0.312625250501002, f1 micro train 0.2999333481448567
2019-09-19 15:30:03,169 | train_ensemble_classifier.py: entered evaluation function
2019-09-19 15:30:09,697 | train_ensemble_classifier.py: model knn: accuracy test: 0.9496981891348089, accuracy train: 1.0 | f1 micro test 0.949698189134809, f1 micro train 1.0
2019-09-19 15:30:10,727 | train_ensemble_classifier.py: model gradient_boosting: accuracy test: 0.9738430583501007, accuracy train: 1.0 | f1 micro test 0.9738430583501007, f1 micro train 1.0
2019-09-19 15:30:13,121 | train_ensemble_classifier.py: model extra_trees: accuracy test: 0.8772635814889336, accuracy train: 1.0 | f1 micro test 0.8772635814889336, f1 micro train 1.0
2019-09-19 15:30:14,783 | train_ensemble_classifier.py: training ensemble model
2019-09-19 15:30:14,783 | train_ensemble_classifier.py: calibrating  knn
2019-09-19 15:30:14,810 | train_ensemble_classifier.py: not calibrating
2019-09-19 15:30:14,810 | train_ensemble_classifier.py: calibrating  gradient_boosting
2019-09-19 15:30:20,473 | train_ensemble_classifier.py: not calibrating
2019-09-19 15:30:20,473 | train_ensemble_classifier.py: now fitting votingclassifier
2019-09-19 15:30:20,474 | train_ensemble_classifier.py: entered evaluation function
2019-09-19 15:30:22,570 | train_ensemble_classifier.py: model ensemble: accuracy test: 0.6887550200803213, accuracy train: 0.6910262105730787 | f1 micro test 0.6887550200803213, f1 micro train 0.6910262105730787
2019-09-19 15:30:25,164 | train_ensemble_classifier.py: not calibrating
2019-09-19 15:30:25,164 | train_ensemble_classifier.py: calibrating  extra_trees
2019-09-19 15:30:30,017 | train_ensemble_classifier.py: entered evaluation function
2019-09-19 15:30:35,419 | train_ensemble_classifier.py: model knn: accuracy test: 0.9496981891348089, accuracy train: 1.0 | f1 micro test 0.949698189134809, f1 micro train 1.0
2019-09-19 15:30:36,186 | train_ensemble_classifier.py: model gradient_boosting: accuracy test: 0.9678068410462777, accuracy train: 1.0 | f1 micro test 0.9678068410462777, f1 micro train 1.0
2019-09-19 15:30:37,680 | train_ensemble_classifier.py: model extra_trees: accuracy test: 0.9698189134808853, accuracy train: 1.0 | f1 micro test 0.9698189134808853, f1 micro train 1.0
2019-09-19 15:30:38,940 | train_ensemble_classifier.py: training ensemble model
2019-09-19 15:30:38,941 | train_ensemble_classifier.py: calibrating  knn
2019-09-19 15:30:38,962 | train_ensemble_classifier.py: not calibrating
2019-09-19 15:30:38,962 | train_ensemble_classifier.py: calibrating  gradient_boosting
2019-09-19 15:30:57,809 | train_ensemble_classifier.py: not calibrating
2019-09-19 15:30:57,810 | train_ensemble_classifier.py: now fitting votingclassifier
2019-09-19 15:30:57,811 | train_ensemble_classifier.py: entered evaluation function
2019-09-19 15:30:59,476 | train_ensemble_classifier.py: model ensemble: accuracy test: 0.29458917835671344, accuracy train: 0.2779382359475672 | f1 micro test 0.29458917835671344, f1 micro train 0.2779382359475672
2019-09-19 15:31:07,084 | train_ensemble_classifier.py: not calibrating
2019-09-19 15:31:07,084 | train_ensemble_classifier.py: calibrating  extra_trees
2019-09-19 15:31:20,778 | train_ensemble_classifier.py: not calibrating
2019-09-19 15:31:20,778 | train_ensemble_classifier.py: calibrating  extra_trees
2019-09-19 15:31:30,496 | train_ensemble_classifier.py: not calibrating
2019-09-19 15:31:30,496 | train_ensemble_classifier.py: now fitting votingclassifier
2019-09-19 15:31:30,497 | train_ensemble_classifier.py: entered evaluation function
2019-09-19 15:31:31,690 | train_ensemble_classifier.py: model ensemble: accuracy test: 0.7082494969818913, accuracy train: 0.7070841661114813 | f1 micro test 0.7082494969818913, f1 micro train 0.7070841661114813
2019-09-19 15:31:43,862 | train_ensemble_classifier.py: not calibrating
2019-09-19 15:31:43,862 | train_ensemble_classifier.py: now fitting votingclassifier
2019-09-19 15:31:43,863 | train_ensemble_classifier.py: entered evaluation function
2019-09-19 15:31:45,147 | train_ensemble_classifier.py: model ensemble: accuracy test: 0.704225352112676, accuracy train: 0.7068620919387075 | f1 micro test 0.704225352112676, f1 micro train 0.7068620919387075
2019-09-19 15:31:46,294 | train_ensemble_classifier.py: entering the tracking function
