2019-09-20 13:35:04,940 | train_ensemble_classifier.py: intialized training class
2019-09-20 13:35:04,941 | train_ensemble_classifier.py: the metrics are saved to /home/kevin/Dropbox (LSMO)/proj62_guess_oxidation_states/machine_learn_oxstates/metrics
2019-09-20 13:35:04,941 | train_ensemble_classifier.py: the models are saved to /home/kevin/Dropbox (LSMO)/proj62_guess_oxidation_states/machine_learn_oxstates/models
2019-09-20 13:35:04,948 | train_ensemble_classifier.py: the classdistribution is {2: 13379, 1: 3092, 3: 3185, 4: 377, 6: 269, 5: 117}
2019-09-20 13:35:04,996 | train_ensemble_classifier.py: entered the function that trains one fold
2019-09-20 13:35:05,003 | train_ensemble_classifier.py: entered the function that trains one fold
2019-09-20 13:35:05,009 | train_ensemble_classifier.py: the training set has shape (2497, 101)
2019-09-20 13:35:05,019 | train_ensemble_classifier.py: the test set has shape (1752, 101)
2019-09-20 13:35:05,019 | train_ensemble_classifier.py: performing hyperparameter optimization
2019-09-20 13:35:05,019 | train_ensemble_classifier.py: the training set has shape (2503, 101)
2019-09-20 13:35:05,024 | train_ensemble_classifier.py: the test set has shape (1747, 101)
2019-09-20 13:35:05,024 | train_ensemble_classifier.py: performing hyperparameter optimization
2019-09-20 13:58:03,323 | train_ensemble_classifier.py: entered evaluation function
2019-09-20 13:58:05,102 | train_ensemble_classifier.py: model knn: accuracy test: 0.9634703196347032, accuracy train: 0.9886083743842364 | f1 micro test 0.9634703196347032, f1 micro train 0.9886083743842364
2019-09-20 13:58:05,215 | train_ensemble_classifier.py: model gradient_boosting: accuracy test: 0.9708904109589042, accuracy train: 0.9947660098522167 | f1 micro test 0.9708904109589042, f1 micro train 0.9947660098522167
2019-09-20 13:58:05,730 | train_ensemble_classifier.py: model extra_trees: accuracy test: 0.976027397260274, accuracy train: 0.9953817733990148 | f1 micro test 0.976027397260274, f1 micro train 0.9953817733990148
2019-09-20 13:58:06,096 | train_ensemble_classifier.py: training ensemble model
2019-09-20 13:58:06,096 | train_ensemble_classifier.py: calibrating  knn
2019-09-20 13:58:06,366 | train_ensemble_classifier.py: the accuracay on the validation set before calibration is 0.9507323568575233
2019-09-20 13:58:06,366 | train_ensemble_classifier.py: calibrating using sigmoid regression
2019-09-20 13:58:06,646 | train_ensemble_classifier.py: calibrating using sigmoid regression
2019-09-20 13:58:07,185 | train_ensemble_classifier.py: the accuracay on the validation set after calibration is 0.9507323568575233
2019-09-20 13:58:07,185 | train_ensemble_classifier.py: calibrating  gradient_boosting
2019-09-20 13:58:07,202 | train_ensemble_classifier.py: the accuracay on the validation set before calibration is 0.9773635153129161
2019-09-20 13:58:07,202 | train_ensemble_classifier.py: calibrating using sigmoid regression
2019-09-20 13:58:07,230 | train_ensemble_classifier.py: calibrating using sigmoid regression
2019-09-20 13:58:07,275 | train_ensemble_classifier.py: the accuracay on the validation set after calibration is 0.9786950732356857
2019-09-20 13:58:07,275 | train_ensemble_classifier.py: calibrating  extra_trees
2019-09-20 13:58:07,388 | train_ensemble_classifier.py: the accuracay on the validation set before calibration is 0.9800266311584553
2019-09-20 13:58:07,388 | train_ensemble_classifier.py: calibrating using sigmoid regression
2019-09-20 13:58:07,501 | train_ensemble_classifier.py: calibrating using sigmoid regression
2019-09-20 13:58:07,708 | train_ensemble_classifier.py: the accuracay on the validation set after calibration is 0.9773635153129161
2019-09-20 13:58:07,708 | train_ensemble_classifier.py: entered evaluation function
2019-09-20 13:58:10,061 | train_ensemble_classifier.py: model ensemble: accuracy test: 0.00684931506849315, accuracy train: 0.001539408866995074 | f1 micro test 0.00684931506849315, f1 micro train 0.0015394088669950737
2019-09-20 14:20:49,881 | train_ensemble_classifier.py: entered evaluation function
2019-09-20 14:20:51,810 | train_ensemble_classifier.py: model knn: accuracy test: 0.9610761305094447, accuracy train: 0.9913925607131878 | f1 micro test 0.9610761305094447, f1 micro train 0.9913925607131878
2019-09-20 14:20:51,918 | train_ensemble_classifier.py: model gradient_boosting: accuracy test: 0.9725243274184316, accuracy train: 0.994159237626806 | f1 micro test 0.9725243274184316, f1 micro train 0.994159237626806
2019-09-20 14:20:53,251 | train_ensemble_classifier.py: model extra_trees: accuracy test: 0.978248425872925, accuracy train: 0.994159237626806 | f1 micro test 0.978248425872925, f1 micro train 0.994159237626806
2019-09-20 14:20:54,489 | train_ensemble_classifier.py: training ensemble model
2019-09-20 14:20:54,489 | train_ensemble_classifier.py: calibrating  knn
2019-09-20 14:20:54,790 | train_ensemble_classifier.py: the accuracay on the validation set before calibration is 0.9626666666666667
2019-09-20 14:20:54,790 | train_ensemble_classifier.py: calibrating using sigmoid regression
2019-09-20 14:20:55,087 | train_ensemble_classifier.py: calibrating using sigmoid regression
2019-09-20 14:20:55,668 | train_ensemble_classifier.py: the accuracay on the validation set after calibration is 0.9626666666666667
2019-09-20 14:20:55,668 | train_ensemble_classifier.py: calibrating  gradient_boosting
2019-09-20 14:20:55,682 | train_ensemble_classifier.py: the accuracay on the validation set before calibration is 0.9746666666666667
2019-09-20 14:20:55,682 | train_ensemble_classifier.py: calibrating using sigmoid regression
2019-09-20 14:20:55,708 | train_ensemble_classifier.py: calibrating using sigmoid regression
2019-09-20 14:20:55,748 | train_ensemble_classifier.py: the accuracay on the validation set after calibration is 0.972
2019-09-20 14:20:55,748 | train_ensemble_classifier.py: calibrating  extra_trees
2019-09-20 14:20:56,042 | train_ensemble_classifier.py: the accuracay on the validation set before calibration is 0.9746666666666667
2019-09-20 14:20:56,047 | train_ensemble_classifier.py: calibrating using sigmoid regression
2019-09-20 14:20:56,417 | train_ensemble_classifier.py: calibrating using sigmoid regression
2019-09-20 14:20:57,046 | train_ensemble_classifier.py: the accuracay on the validation set after calibration is 0.976
2019-09-20 14:20:57,046 | train_ensemble_classifier.py: entered evaluation function
2019-09-20 14:21:00,381 | train_ensemble_classifier.py: model ensemble: accuracy test: 0.008586147681740127, accuracy train: 0.001537042729787888 | f1 micro test 0.008586147681740127, f1 micro train 0.001537042729787888
2019-09-20 14:21:01,832 | train_ensemble_classifier.py: entering the tracking function
