2019-09-18 12:49:29,583 | train_ensemble_classifier.py: intialized training class
2019-09-18 12:49:29,583 | train_ensemble_classifier.py: the metrics are saved to /home/kevin/Dropbox (LSMO)/proj62_guess_oxidation_states/machine_learn_oxstates/metrics
2019-09-18 12:49:29,583 | train_ensemble_classifier.py: the models are saved to /home/kevin/Dropbox (LSMO)/proj62_guess_oxidation_states/machine_learn_oxstates/models
2019-09-18 12:49:29,615 | train_ensemble_classifier.py: entered the function that trains one fold
2019-09-18 12:49:29,621 | train_ensemble_classifier.py: entered the function that trains one fold
2019-09-18 12:49:29,628 | train_ensemble_classifier.py: the training set has shape (1498, 102)
2019-09-18 12:49:29,632 | train_ensemble_classifier.py: the test set has shape (1502, 102)
2019-09-18 12:49:29,631 | train_ensemble_classifier.py: the training set has shape (1502, 102)
2019-09-18 12:49:29,632 | train_ensemble_classifier.py: performing hyperparameter optimization
2019-09-18 12:49:29,634 | train_ensemble_classifier.py: the test set has shape (1498, 102)
2019-09-18 12:49:29,635 | train_ensemble_classifier.py: performing hyperparameter optimization
2019-09-18 13:01:35,104 | train_ensemble_classifier.py: entered evaluation function
2019-09-18 13:01:36,018 | train_ensemble_classifier.py: model knn: accuracy test: 0.9532710280373832, accuracy train: 1.0 | f1 micro test 0.9532710280373832, f1 micro train 1.0
2019-09-18 13:01:36,292 | train_ensemble_classifier.py: model gradient_boosting: accuracy test: 0.9719626168224299, accuracy train: 1.0 | f1 micro test 0.9719626168224299, f1 micro train 1.0
2019-09-18 13:01:36,972 | train_ensemble_classifier.py: model extra_trees: accuracy test: 0.9572763684913218, accuracy train: 1.0 | f1 micro test 0.9572763684913218, f1 micro train 1.0
2019-09-18 13:01:37,738 | train_ensemble_classifier.py: training ensemble model
2019-09-18 13:02:06,120 | train_ensemble_classifier.py: entered evaluation function
2019-09-18 13:02:07,324 | train_ensemble_classifier.py: model ensemble: accuracy test: 0.7336448598130841, accuracy train: 0.7250332889480693 | f1 micro test 0.7336448598130842, f1 micro train 0.7250332889480694
2019-09-18 13:03:29,568 | train_ensemble_classifier.py: entered evaluation function
2019-09-18 13:03:30,530 | train_ensemble_classifier.py: model knn: accuracy test: 0.9434087882822902, accuracy train: 1.0 | f1 micro test 0.9434087882822902, f1 micro train 1.0
2019-09-18 13:03:30,848 | train_ensemble_classifier.py: model gradient_boosting: accuracy test: 0.9507323568575233, accuracy train: 1.0 | f1 micro test 0.9507323568575233, f1 micro train 1.0
2019-09-18 13:03:31,729 | train_ensemble_classifier.py: model extra_trees: accuracy test: 0.9507323568575233, accuracy train: 1.0 | f1 micro test 0.9507323568575233, f1 micro train 1.0
2019-09-18 13:03:32,614 | train_ensemble_classifier.py: training ensemble model
2019-09-18 13:04:21,238 | train_ensemble_classifier.py: entered evaluation function
2019-09-18 13:04:22,562 | train_ensemble_classifier.py: model ensemble: accuracy test: 0.6338215712383488, accuracy train: 0.6455273698264352 | f1 micro test 0.6338215712383488, f1 micro train 0.6455273698264352
