2019-09-19 15:07:32,085 | train_ensemble_classifier.py: intialized training class
2019-09-19 15:07:32,085 | train_ensemble_classifier.py: the metrics are saved to /home/kevin/Dropbox (LSMO)/proj62_guess_oxidation_states/machine_learn_oxstates/metrics
2019-09-19 15:07:32,085 | train_ensemble_classifier.py: the models are saved to /home/kevin/Dropbox (LSMO)/proj62_guess_oxidation_states/machine_learn_oxstates/models
2019-09-19 15:07:32,089 | train_ensemble_classifier.py: the classdistribution is {3: 2734, 2: 11579, 1: 2642, 6: 226, 4: 325, 5: 103, 7: 1}
2019-09-19 15:07:32,089 | train_ensemble_classifier.py: will drop class 7 since it has not enough examples
2019-09-19 15:07:32,184 | train_ensemble_classifier.py: entered the function that trains one fold
2019-09-19 15:07:32,221 | train_ensemble_classifier.py: entered the function that trains one fold
2019-09-19 15:07:32,249 | train_ensemble_classifier.py: entered the function that trains one fold
2019-09-19 15:07:32,259 | train_ensemble_classifier.py: the training set has shape (15297, 93)
2019-09-19 15:07:32,264 | train_ensemble_classifier.py: the test set has shape (1703, 93)
2019-09-19 15:07:32,265 | train_ensemble_classifier.py: performing hyperparameter optimization
2019-09-19 15:07:32,281 | train_ensemble_classifier.py: entered the function that trains one fold
2019-09-19 15:07:32,298 | train_ensemble_classifier.py: the training set has shape (15299, 93)
2019-09-19 15:07:32,302 | train_ensemble_classifier.py: the test set has shape (1701, 93)
2019-09-19 15:07:32,302 | train_ensemble_classifier.py: performing hyperparameter optimization
2019-09-19 15:07:32,329 | train_ensemble_classifier.py: entered the function that trains one fold
2019-09-19 15:07:32,336 | train_ensemble_classifier.py: the training set has shape (15299, 93)
2019-09-19 15:07:32,342 | train_ensemble_classifier.py: the test set has shape (1701, 93)
2019-09-19 15:07:32,343 | train_ensemble_classifier.py: performing hyperparameter optimization
2019-09-19 15:07:32,381 | train_ensemble_classifier.py: the training set has shape (15299, 93)
2019-09-19 15:07:32,389 | train_ensemble_classifier.py: the test set has shape (1701, 93)
2019-09-19 15:07:32,390 | train_ensemble_classifier.py: performing hyperparameter optimization
2019-09-19 15:07:32,441 | train_ensemble_classifier.py: the training set has shape (15300, 93)
2019-09-19 15:07:32,445 | train_ensemble_classifier.py: the test set has shape (1700, 93)
2019-09-19 15:07:32,446 | train_ensemble_classifier.py: performing hyperparameter optimization
2019-09-19 15:07:35,508 | train_ensemble_classifier.py: entered the function that trains one fold
2019-09-19 15:07:35,599 | train_ensemble_classifier.py: the training set has shape (15300, 93)
2019-09-19 15:07:35,618 | train_ensemble_classifier.py: the test set has shape (1700, 93)
2019-09-19 15:07:35,619 | train_ensemble_classifier.py: performing hyperparameter optimization
