2019-09-20 09:01:03,175 | train_ensemble_classifier.py: intialized training class
2019-09-20 09:01:03,175 | train_ensemble_classifier.py: the metrics are saved to /home/kevin/Dropbox (LSMO)/proj62_guess_oxidation_states/machine_learn_oxstates/metrics
2019-09-20 09:01:03,175 | train_ensemble_classifier.py: the models are saved to /home/kevin/Dropbox (LSMO)/proj62_guess_oxidation_states/machine_learn_oxstates/models
2019-09-20 09:01:03,181 | train_ensemble_classifier.py: the classdistribution is {2: 13379, 1: 3092, 3: 3185, 4: 377, 6: 269, 5: 117}
2019-09-20 09:01:03,239 | train_ensemble_classifier.py: entered the function that trains one fold
2019-09-20 09:01:03,240 | train_ensemble_classifier.py: using smote oversampling
2019-09-20 09:01:03,251 | train_ensemble_classifier.py: entered the function that trains one fold
2019-09-20 09:01:03,255 | train_ensemble_classifier.py: using smote oversampling
2019-09-20 09:01:03,262 | train_ensemble_classifier.py: entered the function that trains one fold
2019-09-20 09:01:03,265 | train_ensemble_classifier.py: using smote oversampling
2019-09-20 09:01:03,271 | train_ensemble_classifier.py: entered the function that trains one fold
2019-09-20 09:01:03,273 | train_ensemble_classifier.py: using smote oversampling
2019-09-20 09:01:03,288 | train_ensemble_classifier.py: entered the function that trains one fold
2019-09-20 09:01:03,292 | train_ensemble_classifier.py: using smote oversampling
2019-09-20 09:01:03,573 | train_ensemble_classifier.py: the training set has shape (17598, 101)
2019-09-20 09:01:03,595 | train_ensemble_classifier.py: the training set has shape (17598, 101)
2019-09-20 09:01:03,601 | train_ensemble_classifier.py: entered the function that trains one fold
2019-09-20 09:01:03,601 | train_ensemble_classifier.py: the training set has shape (17598, 101)
2019-09-20 09:01:03,606 | train_ensemble_classifier.py: using smote oversampling
2019-09-20 09:01:03,620 | train_ensemble_classifier.py: entered the function that trains one fold
2019-09-20 09:01:03,622 | train_ensemble_classifier.py: using smote oversampling
2019-09-20 09:01:03,638 | train_ensemble_classifier.py: entered the function that trains one fold
2019-09-20 09:01:03,639 | train_ensemble_classifier.py: using smote oversampling
2019-09-20 09:01:03,642 | train_ensemble_classifier.py: the training set has shape (17598, 101)
2019-09-20 09:01:03,669 | train_ensemble_classifier.py: entered the function that trains one fold
2019-09-20 09:01:03,670 | train_ensemble_classifier.py: using smote oversampling
2019-09-20 09:01:03,678 | train_ensemble_classifier.py: the training set has shape (17598, 101)
2019-09-20 09:01:03,702 | train_ensemble_classifier.py: entered the function that trains one fold
2019-09-20 09:01:03,703 | train_ensemble_classifier.py: using smote oversampling
2019-09-20 09:01:03,983 | train_ensemble_classifier.py: the training set has shape (17598, 101)
2019-09-20 09:01:04,045 | train_ensemble_classifier.py: the training set has shape (17598, 101)
2019-09-20 09:01:04,064 | train_ensemble_classifier.py: the training set has shape (17598, 101)
2019-09-20 09:01:04,081 | train_ensemble_classifier.py: the training set has shape (17598, 101)
2019-09-20 09:01:04,108 | train_ensemble_classifier.py: the training set has shape (17604, 101)
