2019-09-28 15:42:23,086 | train_ensemble_classifier.py: intialized training class
2019-09-28 15:42:23,086 | train_ensemble_classifier.py: the metrics are saved to /home/kevin/Dropbox (LSMO)/proj62_guess_oxidation_states/machine_learn_oxstates/metrics
2019-09-28 15:42:23,087 | train_ensemble_classifier.py: the models are saved to /home/kevin/Dropbox (LSMO)/proj62_guess_oxidation_states/machine_learn_oxstates/models
2019-09-28 15:42:23,091 | train_ensemble_classifier.py: the classdistribution is {3: 3181, 1: 3090, 2: 13371, 4: 375, 6: 270, 5: 117}
2019-09-28 15:42:23,106 | train_ensemble_classifier.py: Entering full training mode, which trains on only one fold.
2019-09-28 15:42:23,106 | train_ensemble_classifier.py: This mode should only be used when the selected architecture is stable
2019-09-28 15:42:23,114 | train_ensemble_classifier.py: entered the function that trains one fold
2019-09-28 15:42:23,156 | train_ensemble_classifier.py: the training set has shape (15997, 85)
2019-09-28 15:42:23,160 | train_ensemble_classifier.py: the test set has shape (2802, 85)
2019-09-28 15:42:23,160 | train_ensemble_classifier.py: performing hyperparameter optimization
2019-09-29 01:40:32,230 | train_ensemble_classifier.py: entered evaluation function
2019-09-29 01:41:17,880 | train_ensemble_classifier.py: model knn: accuracy test: 0.9900071377587437, accuracy train: 0.999011512966624 | f1 micro test 0.9900071377587437, f1 micro train 0.999011512966624
2019-09-29 01:41:18,640 | train_ensemble_classifier.py: model gradient_boosting: accuracy test: 0.9925053533190579, accuracy train: 0.9994766833352715 | f1 micro test 0.9925053533190579, f1 micro train 0.9994766833352715
2019-09-29 01:41:20,755 | train_ensemble_classifier.py: model extra_trees: accuracy test: 0.9925053533190579, accuracy train: 0.9995348296313524 | f1 micro test 0.9925053533190579, f1 micro train 0.9995348296313524
2019-09-29 01:41:21,256 | train_ensemble_classifier.py: training ensemble model
2019-09-29 01:41:21,256 | train_ensemble_classifier.py: calibrating  knn
2019-09-29 01:41:24,598 | train_ensemble_classifier.py: the accuracay on the validation set before calibration is 0.9858451290591174
2019-09-29 01:41:24,599 | train_ensemble_classifier.py: calibrating using sigmoid regression
2019-09-29 01:41:27,746 | train_ensemble_classifier.py: calibrating using sigmoid regression
2019-09-29 01:41:33,736 | train_ensemble_classifier.py: the accuracay on the validation set after calibration is 0.9858451290591174
2019-09-29 01:41:33,736 | train_ensemble_classifier.py: calibrating  gradient_boosting
2019-09-29 01:41:33,779 | train_ensemble_classifier.py: the accuracay on the validation set before calibration is 0.9925062447960034
2019-09-29 01:41:33,779 | train_ensemble_classifier.py: calibrating using sigmoid regression
2019-09-29 01:41:33,857 | train_ensemble_classifier.py: calibrating using sigmoid regression
2019-09-29 01:41:33,986 | train_ensemble_classifier.py: the accuracay on the validation set after calibration is 0.9925062447960034
2019-09-29 01:41:33,986 | train_ensemble_classifier.py: calibrating  extra_trees
2019-09-29 01:41:34,204 | train_ensemble_classifier.py: the accuracay on the validation set before calibration is 0.9933388842631141
2019-09-29 01:41:34,204 | train_ensemble_classifier.py: calibrating using sigmoid regression
2019-09-29 01:41:34,438 | train_ensemble_classifier.py: calibrating using sigmoid regression
2019-09-29 01:41:34,877 | train_ensemble_classifier.py: the accuracay on the validation set after calibration is 0.9933388842631141
2019-09-29 01:41:34,877 | train_ensemble_classifier.py: entered evaluation function
2019-09-29 01:42:21,935 | train_ensemble_classifier.py: model ensemble: accuracy test: 0.0028551034975017845, accuracy train: 0.00011629259216187928 | f1 micro test 0.002855103497501785, f1 micro train 0.00011629259216187928
2019-09-29 01:42:22,606 | train_ensemble_classifier.py: entering the tracking function
