2019-09-20 09:00:17,073 | train_ensemble_classifier.py: intialized training class
2019-09-20 09:00:17,073 | train_ensemble_classifier.py: the metrics are saved to /home/kevin/Dropbox (LSMO)/proj62_guess_oxidation_states/machine_learn_oxstates/metrics
2019-09-20 09:00:17,073 | train_ensemble_classifier.py: the models are saved to /home/kevin/Dropbox (LSMO)/proj62_guess_oxidation_states/machine_learn_oxstates/models
2019-09-20 09:00:17,078 | train_ensemble_classifier.py: the classdistribution is {2: 13379, 1: 3092, 3: 3185, 4: 377, 6: 269, 5: 117}
2019-09-20 09:00:17,141 | train_ensemble_classifier.py: entered the function that trains one fold
2019-09-20 09:00:17,144 | train_ensemble_classifier.py: using smote oversampling
2019-09-20 09:00:17,151 | train_ensemble_classifier.py: entered the function that trains one fold
2019-09-20 09:00:17,153 | train_ensemble_classifier.py: using smote oversampling
2019-09-20 09:00:17,174 | train_ensemble_classifier.py: entered the function that trains one fold
2019-09-20 09:00:17,178 | train_ensemble_classifier.py: using smote oversampling
2019-09-20 09:00:17,197 | train_ensemble_classifier.py: entered the function that trains one fold
2019-09-20 09:00:17,199 | train_ensemble_classifier.py: using smote oversampling
2019-09-20 09:00:17,205 | train_ensemble_classifier.py: entered the function that trains one fold
2019-09-20 09:00:17,210 | train_ensemble_classifier.py: using smote oversampling
2019-09-20 09:00:17,385 | train_ensemble_classifier.py: entered the function that trains one fold
2019-09-20 09:00:17,389 | train_ensemble_classifier.py: using smote oversampling
2019-09-20 09:00:17,422 | train_ensemble_classifier.py: entered the function that trains one fold
2019-09-20 09:00:17,432 | train_ensemble_classifier.py: using smote oversampling
2019-09-20 09:00:17,446 | train_ensemble_classifier.py: entered the function that trains one fold
2019-09-20 09:00:17,448 | train_ensemble_classifier.py: using smote oversampling
2019-09-20 09:00:17,471 | train_ensemble_classifier.py: entered the function that trains one fold
2019-09-20 09:00:17,478 | train_ensemble_classifier.py: using smote oversampling
2019-09-20 09:00:17,511 | train_ensemble_classifier.py: entered the function that trains one fold
2019-09-20 09:00:17,518 | train_ensemble_classifier.py: using smote oversampling
