2019-09-23 23:44:06,317 | train_ensemble_classifier.py: intialized training class
2019-09-23 23:44:06,317 | train_ensemble_classifier.py: the metrics are saved to /home/kevin/Dropbox (LSMO)/proj62_guess_oxidation_states/machine_learn_oxstates/metrics
2019-09-23 23:44:06,318 | train_ensemble_classifier.py: the models are saved to /home/kevin/Dropbox (LSMO)/proj62_guess_oxidation_states/machine_learn_oxstates/models
2019-09-23 23:44:06,333 | train_ensemble_classifier.py: the classdistribution is {2: 13379, 1: 3092, 3: 3185, 4: 377, 5: 117, 6: 269}
2019-09-23 23:44:06,487 | train_ensemble_classifier.py: entered the function that trains one fold
2019-09-23 23:44:06,551 | train_ensemble_classifier.py: the training set has shape (17997, 85)
2019-09-23 23:44:06,557 | train_ensemble_classifier.py: the test set has shape (1402, 85)
2019-09-23 23:44:06,557 | train_ensemble_classifier.py: performing hyperparameter optimization
2019-09-23 23:44:06,582 | train_ensemble_classifier.py: entered the function that trains one fold
2019-09-23 23:44:06,598 | train_ensemble_classifier.py: entered the function that trains one fold
2019-09-23 23:44:06,650 | train_ensemble_classifier.py: entered the function that trains one fold
2019-09-23 23:44:06,663 | train_ensemble_classifier.py: entered the function that trains one fold
2019-09-23 23:44:06,694 | train_ensemble_classifier.py: the training set has shape (17998, 85)
2019-09-23 23:44:06,702 | train_ensemble_classifier.py: the test set has shape (1401, 85)
2019-09-23 23:44:06,703 | train_ensemble_classifier.py: performing hyperparameter optimization
2019-09-23 23:44:06,742 | train_ensemble_classifier.py: the training set has shape (17997, 85)
2019-09-23 23:44:06,751 | train_ensemble_classifier.py: the test set has shape (1402, 85)
2019-09-23 23:44:06,751 | train_ensemble_classifier.py: performing hyperparameter optimization
2019-09-23 23:44:06,761 | train_ensemble_classifier.py: the training set has shape (18000, 85)
2019-09-23 23:44:06,768 | train_ensemble_classifier.py: the test set has shape (1400, 85)
2019-09-23 23:44:06,768 | train_ensemble_classifier.py: performing hyperparameter optimization
2019-09-23 23:44:06,781 | train_ensemble_classifier.py: the training set has shape (18000, 85)
2019-09-23 23:44:06,788 | train_ensemble_classifier.py: the test set has shape (1400, 85)
2019-09-23 23:44:06,788 | train_ensemble_classifier.py: performing hyperparameter optimization
