2019-09-22 13:22:32,065 | train_ensemble_classifier.py: intialized training class
2019-09-22 13:22:32,065 | train_ensemble_classifier.py: the metrics are saved to /home/kevin/Dropbox (LSMO)/proj62_guess_oxidation_states/machine_learn_oxstates/metrics
2019-09-22 13:22:32,066 | train_ensemble_classifier.py: the models are saved to /home/kevin/Dropbox (LSMO)/proj62_guess_oxidation_states/machine_learn_oxstates/models
2019-09-22 13:22:32,073 | train_ensemble_classifier.py: the classdistribution is {2: 13379, 1: 3092, 3: 3185, 4: 377, 5: 117, 6: 269}
2019-09-22 13:22:32,212 | train_ensemble_classifier.py: entered the function that trains one fold
2019-09-22 13:22:32,248 | train_ensemble_classifier.py: the training set has shape (9998, 85)
2019-09-22 13:22:32,252 | train_ensemble_classifier.py: entered the function that trains one fold
2019-09-22 13:22:32,268 | train_ensemble_classifier.py: the test set has shape (7001, 85)
2019-09-22 13:22:32,269 | train_ensemble_classifier.py: performing hyperparameter optimization
2019-09-22 13:22:32,300 | train_ensemble_classifier.py: the training set has shape (10002, 85)
2019-09-22 13:22:32,318 | train_ensemble_classifier.py: the test set has shape (6998, 85)
2019-09-22 13:22:32,319 | train_ensemble_classifier.py: performing hyperparameter optimization
2019-09-22 16:19:45,052 | train_ensemble_classifier.py: entered evaluation function
2019-09-22 16:27:22,110 | train_ensemble_classifier.py: model knn: accuracy test: 0.9689911403258074, accuracy train: 0.9923088755576065 | f1 micro test 0.9689911403258074, f1 micro train 0.9923088755576065
2019-09-22 16:27:25,342 | train_ensemble_classifier.py: model gradient_boosting: accuracy test: 0.9867104887110603, accuracy train: 0.9962313490232272 | f1 micro test 0.9867104887110603, f1 micro train 0.9962313490232272
2019-09-22 16:27:26,580 | train_ensemble_classifier.py: model extra_trees: accuracy test: 0.9854244069734209, accuracy train: 0.9963082602676512 | f1 micro test 0.9854244069734209, f1 micro train 0.9963082602676512
2019-09-22 16:27:26,779 | train_ensemble_classifier.py: training ensemble model
2019-09-22 16:27:26,780 | train_ensemble_classifier.py: calibrating  knn
2019-09-22 16:28:48,160 | train_ensemble_classifier.py: the accuracay on the validation set before calibration is 0.9666666666666667
2019-09-22 16:28:48,160 | train_ensemble_classifier.py: calibrating using spline calibration
2019-09-22 16:31:16,703 | train_ensemble_classifier.py: calibrating using spline calibration
2019-09-22 16:35:09,321 | train_ensemble_classifier.py: the accuracay on the validation set after calibration is 0.9666666666666667
2019-09-22 16:35:09,349 | train_ensemble_classifier.py: calibrating  gradient_boosting
2019-09-22 16:35:09,750 | train_ensemble_classifier.py: the accuracay on the validation set before calibration is 0.9836666666666667
2019-09-22 16:35:09,750 | train_ensemble_classifier.py: calibrating using spline calibration
2019-09-22 16:38:49,968 | train_ensemble_classifier.py: calibrating using spline calibration
2019-09-22 16:42:41,892 | train_ensemble_classifier.py: the accuracay on the validation set after calibration is 0.9836666666666667
2019-09-22 16:42:41,892 | train_ensemble_classifier.py: calibrating  extra_trees
2019-09-22 16:42:42,048 | train_ensemble_classifier.py: the accuracay on the validation set before calibration is 0.984
2019-09-22 16:42:42,048 | train_ensemble_classifier.py: calibrating using spline calibration
2019-09-22 16:45:33,805 | train_ensemble_classifier.py: calibrating using spline calibration
2019-09-22 16:48:12,390 | train_ensemble_classifier.py: the accuracay on the validation set after calibration is 0.9843333333333333
2019-09-22 16:48:12,417 | train_ensemble_classifier.py: entered evaluation function
2019-09-22 16:55:09,147 | train_ensemble_classifier.py: model ensemble: accuracy test: 0.9858531008859674, accuracy train: 0.996462082756499 | f1 micro test 0.9858531008859674, f1 micro train 0.996462082756499
2019-09-22 16:55:12,052 | train_ensemble_classifier.py: entered evaluation function
2019-09-22 16:55:57,674 | train_ensemble_classifier.py: model knn: accuracy test: 0.9761462648193115, accuracy train: 0.9945380413877991 | f1 micro test 0.9761462648193115, f1 micro train 0.9945380413877991
2019-09-22 16:56:00,209 | train_ensemble_classifier.py: model gradient_boosting: accuracy test: 0.9832881016997572, accuracy train: 0.9968459112239403 | f1 micro test 0.9832881016997572, f1 micro train 0.9968459112239403
2019-09-22 16:56:00,853 | train_ensemble_classifier.py: model extra_trees: accuracy test: 0.9877160405656334, accuracy train: 0.9973844141857066 | f1 micro test 0.9877160405656334, f1 micro train 0.9973844141857066
2019-09-22 16:56:00,900 | train_ensemble_classifier.py: training ensemble model
2019-09-22 16:56:00,900 | train_ensemble_classifier.py: calibrating  knn
2019-09-22 16:56:08,250 | train_ensemble_classifier.py: the accuracay on the validation set before calibration is 0.9763412195934689
2019-09-22 16:56:08,251 | train_ensemble_classifier.py: calibrating using spline calibration
2019-09-22 16:57:48,219 | train_ensemble_classifier.py: calibrating using spline calibration
2019-09-22 16:59:38,817 | train_ensemble_classifier.py: the accuracay on the validation set after calibration is 0.9780073308897035
2019-09-22 16:59:38,821 | train_ensemble_classifier.py: calibrating  gradient_boosting
2019-09-22 16:59:39,011 | train_ensemble_classifier.py: the accuracay on the validation set before calibration is 0.9863378873708764
2019-09-22 16:59:39,011 | train_ensemble_classifier.py: calibrating using spline calibration
2019-09-22 17:02:36,330 | train_ensemble_classifier.py: calibrating using spline calibration
2019-09-22 17:05:08,546 | train_ensemble_classifier.py: the accuracay on the validation set after calibration is 0.9863378873708764
2019-09-22 17:05:08,546 | train_ensemble_classifier.py: calibrating  extra_trees
2019-09-22 17:05:08,625 | train_ensemble_classifier.py: the accuracay on the validation set before calibration is 0.9886704431856048
2019-09-22 17:05:08,625 | train_ensemble_classifier.py: calibrating using spline calibration
2019-09-22 17:06:51,512 | train_ensemble_classifier.py: calibrating using spline calibration
2019-09-22 17:08:28,510 | train_ensemble_classifier.py: the accuracay on the validation set after calibration is 0.9896701099633456
2019-09-22 17:08:28,520 | train_ensemble_classifier.py: entered evaluation function
2019-09-22 17:09:24,630 | train_ensemble_classifier.py: model ensemble: accuracy test: 0.9862876731895444, accuracy train: 0.9974613431802446 | f1 micro test 0.9862876731895444, f1 micro train 0.9974613431802446
