2019-09-19 11:27:29,518 | train_ensemble_classifier.py: intialized training class
2019-09-19 11:27:29,518 | train_ensemble_classifier.py: the metrics are saved to /home/kevin/Dropbox (LSMO)/proj62_guess_oxidation_states/machine_learn_oxstates/metrics
2019-09-19 11:27:29,518 | train_ensemble_classifier.py: the models are saved to /home/kevin/Dropbox (LSMO)/proj62_guess_oxidation_states/machine_learn_oxstates/models
2019-09-19 11:27:29,525 | train_ensemble_classifier.py: the classdistribution is {3: 2734, 2: 11579, 1: 2642, 6: 226, 4: 325, 5: 103, 7: 1}
2019-09-19 11:27:29,526 | train_ensemble_classifier.py: will drop class 7 since it has not enough examples
2019-09-19 11:27:29,646 | train_ensemble_classifier.py: entered the function that trains one fold
2019-09-19 11:27:29,680 | train_ensemble_classifier.py: entered the function that trains one fold
2019-09-19 11:27:29,716 | train_ensemble_classifier.py: the training set has shape (13597, 93)
2019-09-19 11:27:29,723 | train_ensemble_classifier.py: entered the function that trains one fold
2019-09-19 11:27:29,732 | train_ensemble_classifier.py: the test set has shape (3403, 93)
2019-09-19 11:27:29,733 | train_ensemble_classifier.py: performing hyperparameter optimization
2019-09-19 11:27:29,762 | train_ensemble_classifier.py: entered the function that trains one fold
2019-09-19 11:27:29,761 | train_ensemble_classifier.py: the training set has shape (13600, 93)
2019-09-19 11:27:29,777 | train_ensemble_classifier.py: the test set has shape (3400, 93)
2019-09-19 11:27:29,778 | train_ensemble_classifier.py: performing hyperparameter optimization
2019-09-19 11:27:29,800 | train_ensemble_classifier.py: entered the function that trains one fold
2019-09-19 11:27:29,798 | train_ensemble_classifier.py: the training set has shape (13600, 93)
2019-09-19 11:27:29,813 | train_ensemble_classifier.py: the test set has shape (3400, 93)
2019-09-19 11:27:29,814 | train_ensemble_classifier.py: performing hyperparameter optimization
2019-09-19 11:27:29,847 | train_ensemble_classifier.py: the training set has shape (13601, 93)
2019-09-19 11:27:29,858 | train_ensemble_classifier.py: the test set has shape (3399, 93)
2019-09-19 11:27:29,858 | train_ensemble_classifier.py: performing hyperparameter optimization
2019-09-19 11:27:29,863 | train_ensemble_classifier.py: the training set has shape (13602, 93)
2019-09-19 11:27:29,879 | train_ensemble_classifier.py: the test set has shape (3398, 93)
2019-09-19 11:27:29,879 | train_ensemble_classifier.py: performing hyperparameter optimization
2019-09-19 12:12:54,088 | train_ensemble_classifier.py: entered evaluation function
2019-09-19 12:13:40,990 | train_ensemble_classifier.py: model knn: accuracy test: 0.9844117647058823, accuracy train: 1.0 | f1 micro test 0.9844117647058823, f1 micro train 1.0
2019-09-19 12:13:42,100 | train_ensemble_classifier.py: model gradient_boosting: accuracy test: 0.9888235294117647, accuracy train: 1.0 | f1 micro test 0.9888235294117647, f1 micro train 1.0
2019-09-19 12:13:50,297 | train_ensemble_classifier.py: model extra_trees: accuracy test: 0.9888235294117647, accuracy train: 1.0 | f1 micro test 0.9888235294117647, f1 micro train 1.0
2019-09-19 12:13:52,688 | train_ensemble_classifier.py: training ensemble model
2019-09-19 12:14:38,174 | train_ensemble_classifier.py: entered evaluation function
2019-09-19 12:14:46,626 | train_ensemble_classifier.py: entered evaluation function
2019-09-19 12:15:04,704 | train_ensemble_classifier.py: entered evaluation function
2019-09-19 12:15:07,543 | train_ensemble_classifier.py: entered evaluation function
2019-09-19 12:15:21,073 | train_ensemble_classifier.py: model knn: accuracy test: 0.9811930649426976, accuracy train: 1.0 | f1 micro test 0.9811930649426976, f1 micro train 1.0
2019-09-19 12:15:24,471 | train_ensemble_classifier.py: model gradient_boosting: accuracy test: 0.9894210990302674, accuracy train: 1.0 | f1 micro test 0.9894210990302674, f1 micro train 1.0
2019-09-19 12:15:26,170 | train_ensemble_classifier.py: model knn: accuracy test: 0.9820535451603413, accuracy train: 1.0 | f1 micro test 0.9820535451603413, f1 micro train 1.0
2019-09-19 12:15:30,049 | train_ensemble_classifier.py: model gradient_boosting: accuracy test: 0.9897028537805237, accuracy train: 1.0 | f1 micro test 0.9897028537805237, f1 micro train 1.0
2019-09-19 12:15:30,056 | train_ensemble_classifier.py: model extra_trees: accuracy test: 0.9900088157508081, accuracy train: 1.0 | f1 micro test 0.9900088157508081, f1 micro train 1.0
2019-09-19 12:15:31,395 | train_ensemble_classifier.py: training ensemble model
2019-09-19 12:15:35,253 | train_ensemble_classifier.py: model extra_trees: accuracy test: 0.9894086496028244, accuracy train: 1.0 | f1 micro test 0.9894086496028244, f1 micro train 1.0
2019-09-19 12:15:36,451 | train_ensemble_classifier.py: training ensemble model
2019-09-19 12:15:52,136 | train_ensemble_classifier.py: model knn: accuracy test: 0.9808823529411764, accuracy train: 1.0 | f1 micro test 0.9808823529411764, f1 micro train 1.0
2019-09-19 12:15:54,688 | train_ensemble_classifier.py: model gradient_boosting: accuracy test: 0.9897058823529412, accuracy train: 1.0 | f1 micro test 0.9897058823529412, f1 micro train 1.0
2019-09-19 12:15:57,928 | train_ensemble_classifier.py: model extra_trees: accuracy test: 0.9888235294117647, accuracy train: 1.0 | f1 micro test 0.9888235294117647, f1 micro train 1.0
2019-09-19 12:15:58,905 | train_ensemble_classifier.py: training ensemble model
2019-09-19 12:16:07,960 | train_ensemble_classifier.py: model knn: accuracy test: 0.9844025897586816, accuracy train: 1.0 | f1 micro test 0.9844025897586816, f1 micro train 1.0
2019-09-19 12:16:10,273 | train_ensemble_classifier.py: model gradient_boosting: accuracy test: 0.9891112419070042, accuracy train: 1.0 | f1 micro test 0.9891112419070042, f1 micro train 1.0
2019-09-19 12:16:13,898 | train_ensemble_classifier.py: model extra_trees: accuracy test: 0.9861683343143025, accuracy train: 1.0 | f1 micro test 0.9861683343143025, f1 micro train 1.0
2019-09-19 12:16:14,820 | train_ensemble_classifier.py: training ensemble model
