2019-09-20 09:00:44,297 | train_ensemble_classifier.py: intialized training class
2019-09-20 09:00:44,297 | train_ensemble_classifier.py: the metrics are saved to /home/kevin/Dropbox (LSMO)/proj62_guess_oxidation_states/machine_learn_oxstates/metrics
2019-09-20 09:00:44,297 | train_ensemble_classifier.py: the models are saved to /home/kevin/Dropbox (LSMO)/proj62_guess_oxidation_states/machine_learn_oxstates/models
2019-09-20 09:00:44,305 | train_ensemble_classifier.py: the classdistribution is {2: 13379, 1: 3092, 3: 3185, 4: 377, 6: 269, 5: 117}
2019-09-20 09:00:44,361 | train_ensemble_classifier.py: entered the function that trains one fold
2019-09-20 09:00:44,363 | train_ensemble_classifier.py: using smote oversampling
2019-09-20 09:00:44,375 | train_ensemble_classifier.py: entered the function that trains one fold
2019-09-20 09:00:44,377 | train_ensemble_classifier.py: using smote oversampling
2019-09-20 09:00:44,394 | train_ensemble_classifier.py: entered the function that trains one fold
2019-09-20 09:00:44,397 | train_ensemble_classifier.py: using smote oversampling
2019-09-20 09:00:44,415 | train_ensemble_classifier.py: entered the function that trains one fold
2019-09-20 09:00:44,419 | train_ensemble_classifier.py: using smote oversampling
2019-09-20 09:00:44,425 | train_ensemble_classifier.py: entered the function that trains one fold
2019-09-20 09:00:44,428 | train_ensemble_classifier.py: using smote oversampling
2019-09-20 09:00:44,735 | train_ensemble_classifier.py: the training set has shape (17598, 101)
2019-09-20 09:00:44,744 | train_ensemble_classifier.py: the training set has shape (17598, 101)
2019-09-20 09:00:44,758 | train_ensemble_classifier.py: the training set has shape (17598, 101)
2019-09-20 09:00:44,762 | train_ensemble_classifier.py: entered the function that trains one fold
2019-09-20 09:00:44,763 | train_ensemble_classifier.py: the training set has shape (17598, 101)
2019-09-20 09:00:44,763 | train_ensemble_classifier.py: using smote oversampling
2019-09-20 09:00:44,774 | train_ensemble_classifier.py: entered the function that trains one fold
2019-09-20 09:00:44,776 | train_ensemble_classifier.py: using smote oversampling
2019-09-20 09:00:44,781 | train_ensemble_classifier.py: entered the function that trains one fold
2019-09-20 09:00:44,782 | train_ensemble_classifier.py: using smote oversampling
2019-09-20 09:00:44,803 | train_ensemble_classifier.py: entered the function that trains one fold
2019-09-20 09:00:44,804 | train_ensemble_classifier.py: using smote oversampling
2019-09-20 09:00:44,821 | train_ensemble_classifier.py: the training set has shape (17598, 101)
2019-09-20 09:00:44,841 | train_ensemble_classifier.py: entered the function that trains one fold
2019-09-20 09:00:44,843 | train_ensemble_classifier.py: using smote oversampling
2019-09-20 09:00:45,092 | train_ensemble_classifier.py: the training set has shape (17598, 101)
2019-09-20 09:00:45,129 | train_ensemble_classifier.py: the training set has shape (17598, 101)
2019-09-20 09:00:45,197 | train_ensemble_classifier.py: the training set has shape (17598, 101)
2019-09-20 09:00:45,219 | train_ensemble_classifier.py: the training set has shape (17598, 101)
2019-09-20 09:00:45,222 | train_ensemble_classifier.py: the training set has shape (17604, 101)
