2019-09-18 20:59:26,546 | train_ensemble_classifier.py: intialized training class
2019-09-18 20:59:26,546 | train_ensemble_classifier.py: the metrics are saved to /home/kevin/Dropbox (LSMO)/proj62_guess_oxidation_states/machine_learn_oxstates/metrics
2019-09-18 20:59:26,547 | train_ensemble_classifier.py: the models are saved to /home/kevin/Dropbox (LSMO)/proj62_guess_oxidation_states/machine_learn_oxstates/models
2019-09-18 20:59:26,553 | train_ensemble_classifier.py: the classdistribution is {3: 2734, 2: 11579, 1: 2642, 6: 226, 4: 325, 5: 103, 7: 1}
2019-09-18 20:59:26,553 | train_ensemble_classifier.py: will drop class 7 since it has not enough examples
2019-09-18 20:59:26,657 | train_ensemble_classifier.py: entered the function that trains one fold
2019-09-18 20:59:26,691 | train_ensemble_classifier.py: entered the function that trains one fold
2019-09-18 20:59:26,726 | train_ensemble_classifier.py: the training set has shape (13597, 93)
2019-09-18 20:59:26,743 | train_ensemble_classifier.py: entered the function that trains one fold
2019-09-18 20:59:26,743 | train_ensemble_classifier.py: the test set has shape (3403, 93)
2019-09-18 20:59:26,743 | train_ensemble_classifier.py: performing hyperparameter optimization
2019-09-18 20:59:26,778 | train_ensemble_classifier.py: the training set has shape (13600, 93)
2019-09-18 20:59:26,786 | train_ensemble_classifier.py: entered the function that trains one fold
2019-09-18 20:59:26,788 | train_ensemble_classifier.py: the test set has shape (3400, 93)
2019-09-18 20:59:26,789 | train_ensemble_classifier.py: performing hyperparameter optimization
2019-09-18 20:59:26,823 | train_ensemble_classifier.py: the training set has shape (13600, 93)
2019-09-18 20:59:26,838 | train_ensemble_classifier.py: the test set has shape (3400, 93)
2019-09-18 20:59:26,842 | train_ensemble_classifier.py: performing hyperparameter optimization
2019-09-18 20:59:26,857 | train_ensemble_classifier.py: the training set has shape (13601, 93)
2019-09-18 20:59:26,877 | train_ensemble_classifier.py: the test set has shape (3399, 93)
2019-09-18 20:59:26,878 | train_ensemble_classifier.py: performing hyperparameter optimization
2019-09-18 21:18:08,996 | train_ensemble_classifier.py: entered evaluation function
2019-09-18 21:18:29,434 | train_ensemble_classifier.py: model knn: accuracy test: 0.9844117647058823, accuracy train: 1.0 | f1 micro test 0.9844117647058823, f1 micro train 1.0
2019-09-18 21:18:29,951 | train_ensemble_classifier.py: model gradient_boosting: accuracy test: 0.9888235294117647, accuracy train: 1.0 | f1 micro test 0.9888235294117647, f1 micro train 1.0
2019-09-18 21:18:32,685 | train_ensemble_classifier.py: model extra_trees: accuracy test: 0.9888235294117647, accuracy train: 1.0 | f1 micro test 0.9888235294117647, f1 micro train 1.0
2019-09-18 21:18:33,476 | train_ensemble_classifier.py: training ensemble model
2019-09-18 21:18:33,496 | train_ensemble_classifier.py: entered the function that trains one fold
2019-09-18 21:18:33,523 | train_ensemble_classifier.py: the training set has shape (13602, 93)
2019-09-18 21:18:33,526 | train_ensemble_classifier.py: the test set has shape (3398, 93)
2019-09-18 21:18:33,526 | train_ensemble_classifier.py: performing hyperparameter optimization
2019-09-18 21:18:51,251 | train_ensemble_classifier.py: entered evaluation function
2019-09-18 21:18:59,882 | train_ensemble_classifier.py: entered evaluation function
2019-09-18 21:19:01,327 | train_ensemble_classifier.py: entered evaluation function
2019-09-18 21:19:08,187 | train_ensemble_classifier.py: model knn: accuracy test: 0.9811930649426976, accuracy train: 1.0 | f1 micro test 0.9811930649426976, f1 micro train 1.0
2019-09-18 21:19:09,749 | train_ensemble_classifier.py: model gradient_boosting: accuracy test: 0.9894210990302674, accuracy train: 1.0 | f1 micro test 0.9894210990302674, f1 micro train 1.0
2019-09-18 21:19:12,519 | train_ensemble_classifier.py: model extra_trees: accuracy test: 0.9900088157508081, accuracy train: 1.0 | f1 micro test 0.9900088157508081, f1 micro train 1.0
2019-09-18 21:19:13,183 | train_ensemble_classifier.py: training ensemble model
2019-09-18 21:19:24,524 | train_ensemble_classifier.py: model knn: accuracy test: 0.9820535451603413, accuracy train: 1.0 | f1 micro test 0.9820535451603413, f1 micro train 1.0
2019-09-18 21:19:25,167 | train_ensemble_classifier.py: model knn: accuracy test: 0.9808823529411764, accuracy train: 1.0 | f1 micro test 0.9808823529411764, f1 micro train 1.0
2019-09-18 21:19:26,003 | train_ensemble_classifier.py: model gradient_boosting: accuracy test: 0.9897028537805237, accuracy train: 1.0 | f1 micro test 0.9897028537805237, f1 micro train 1.0
2019-09-18 21:19:26,632 | train_ensemble_classifier.py: model gradient_boosting: accuracy test: 0.9897058823529412, accuracy train: 1.0 | f1 micro test 0.9897058823529412, f1 micro train 1.0
2019-09-18 21:19:28,320 | train_ensemble_classifier.py: model extra_trees: accuracy test: 0.9894086496028244, accuracy train: 1.0 | f1 micro test 0.9894086496028244, f1 micro train 1.0
2019-09-18 21:19:28,854 | train_ensemble_classifier.py: training ensemble model
2019-09-18 21:19:28,936 | train_ensemble_classifier.py: model extra_trees: accuracy test: 0.9888235294117647, accuracy train: 1.0 | f1 micro test 0.9888235294117647, f1 micro train 1.0
2019-09-18 21:19:29,462 | train_ensemble_classifier.py: training ensemble model
2019-09-18 21:30:46,961 | train_ensemble_classifier.py: entered evaluation function
2019-09-18 21:31:16,774 | train_ensemble_classifier.py: model knn: accuracy test: 0.9844025897586816, accuracy train: 1.0 | f1 micro test 0.9844025897586816, f1 micro train 1.0
2019-09-18 21:31:18,114 | train_ensemble_classifier.py: model gradient_boosting: accuracy test: 0.9891112419070042, accuracy train: 1.0 | f1 micro test 0.9891112419070042, f1 micro train 1.0
2019-09-18 21:31:20,232 | train_ensemble_classifier.py: model extra_trees: accuracy test: 0.9861683343143025, accuracy train: 1.0 | f1 micro test 0.9861683343143025, f1 micro train 1.0
2019-09-18 21:31:20,784 | train_ensemble_classifier.py: training ensemble model
