2019-09-19 14:57:50,683 | train_ensemble_classifier.py: intialized training class
2019-09-19 14:57:50,683 | train_ensemble_classifier.py: the metrics are saved to /home/kevin/Dropbox (LSMO)/proj62_guess_oxidation_states/machine_learn_oxstates/metrics
2019-09-19 14:57:50,683 | train_ensemble_classifier.py: the models are saved to /home/kevin/Dropbox (LSMO)/proj62_guess_oxidation_states/machine_learn_oxstates/models
2019-09-19 14:57:50,689 | train_ensemble_classifier.py: the classdistribution is {3: 2734, 2: 11579, 1: 2642, 6: 226, 4: 325, 5: 103, 7: 1}
2019-09-19 14:57:50,689 | train_ensemble_classifier.py: will drop class 7 since it has not enough examples
2019-09-19 14:57:50,804 | train_ensemble_classifier.py: entered the function that trains one fold
2019-09-19 14:57:50,831 | train_ensemble_classifier.py: entered the function that trains one fold
2019-09-19 14:57:50,872 | train_ensemble_classifier.py: entered the function that trains one fold
2019-09-19 14:57:50,873 | train_ensemble_classifier.py: the training set has shape (15297, 93)
2019-09-19 14:57:50,878 | train_ensemble_classifier.py: the test set has shape (1703, 93)
2019-09-19 14:57:50,879 | train_ensemble_classifier.py: performing hyperparameter optimization
2019-09-19 14:57:50,910 | train_ensemble_classifier.py: entered the function that trains one fold
2019-09-19 14:57:50,915 | train_ensemble_classifier.py: the training set has shape (15299, 93)
2019-09-19 14:57:50,922 | train_ensemble_classifier.py: the test set has shape (1701, 93)
2019-09-19 14:57:50,923 | train_ensemble_classifier.py: performing hyperparameter optimization
2019-09-19 14:57:50,945 | train_ensemble_classifier.py: the training set has shape (15299, 93)
2019-09-19 14:57:50,947 | train_ensemble_classifier.py: entered the function that trains one fold
2019-09-19 14:57:50,949 | train_ensemble_classifier.py: the test set has shape (1701, 93)
2019-09-19 14:57:50,950 | train_ensemble_classifier.py: performing hyperparameter optimization
2019-09-19 14:57:50,987 | train_ensemble_classifier.py: the training set has shape (15299, 93)
2019-09-19 14:57:50,993 | train_ensemble_classifier.py: the test set has shape (1701, 93)
2019-09-19 14:57:50,994 | train_ensemble_classifier.py: performing hyperparameter optimization
2019-09-19 14:57:51,025 | train_ensemble_classifier.py: the training set has shape (15300, 93)
2019-09-19 14:57:51,030 | train_ensemble_classifier.py: the test set has shape (1700, 93)
2019-09-19 14:57:51,030 | train_ensemble_classifier.py: performing hyperparameter optimization
2019-09-19 14:59:21,568 | train_ensemble_classifier.py: entered the function that trains one fold
2019-09-19 14:59:21,631 | train_ensemble_classifier.py: the training set has shape (15300, 93)
2019-09-19 14:59:21,634 | train_ensemble_classifier.py: the test set has shape (1700, 93)
2019-09-19 14:59:21,634 | train_ensemble_classifier.py: performing hyperparameter optimization
