2019-09-19 14:13:48,385 | train_ensemble_classifier.py: intialized training class
2019-09-19 14:13:48,385 | train_ensemble_classifier.py: the metrics are saved to /home/kevin/Dropbox (LSMO)/proj62_guess_oxidation_states/machine_learn_oxstates/metrics
2019-09-19 14:13:48,385 | train_ensemble_classifier.py: the models are saved to /home/kevin/Dropbox (LSMO)/proj62_guess_oxidation_states/machine_learn_oxstates/models
2019-09-19 14:13:48,391 | train_ensemble_classifier.py: the classdistribution is {3: 2734, 2: 11579, 1: 2642, 6: 226, 4: 325, 5: 103, 7: 1}
2019-09-19 14:13:48,391 | train_ensemble_classifier.py: will drop class 7 since it has not enough examples
2019-09-19 14:13:48,440 | train_ensemble_classifier.py: entered the function that trains one fold
2019-09-19 14:13:48,442 | train_ensemble_classifier.py: entered the function that trains one fold
2019-09-19 14:13:48,445 | train_ensemble_classifier.py: the training set has shape (49, 93)
2019-09-19 14:13:48,447 | train_ensemble_classifier.py: the training set has shape (51, 93)
2019-09-19 14:13:48,450 | train_ensemble_classifier.py: the test set has shape (51, 93)
2019-09-19 14:13:48,450 | train_ensemble_classifier.py: performing hyperparameter optimization
2019-09-19 14:13:48,452 | train_ensemble_classifier.py: the test set has shape (49, 93)
2019-09-19 14:13:48,453 | train_ensemble_classifier.py: performing hyperparameter optimization
2019-09-19 14:14:07,698 | train_ensemble_classifier.py: entered evaluation function
2019-09-19 14:14:07,713 | train_ensemble_classifier.py: model knn: accuracy test: 0.803921568627451, accuracy train: 1.0 | f1 micro test 0.8039215686274509, f1 micro train 1.0
2019-09-19 14:14:07,756 | train_ensemble_classifier.py: model gradient_boosting: accuracy test: 0.8823529411764706, accuracy train: 1.0 | f1 micro test 0.8823529411764706, f1 micro train 1.0
2019-09-19 14:14:08,181 | train_ensemble_classifier.py: model extra_trees: accuracy test: 0.8431372549019608, accuracy train: 1.0 | f1 micro test 0.8431372549019607, f1 micro train 1.0
2019-09-19 14:14:09,034 | train_ensemble_classifier.py: training ensemble model
2019-09-19 14:14:09,034 | train_ensemble_classifier.py: calibrating  knn
2019-09-19 14:14:09,035 | train_ensemble_classifier.py: not calibrating
2019-09-19 14:14:09,035 | train_ensemble_classifier.py: calibrating  gradient_boosting
2019-09-19 14:14:10,293 | train_ensemble_classifier.py: not calibrating
2019-09-19 14:14:10,293 | train_ensemble_classifier.py: calibrating  extra_trees
2019-09-19 14:14:10,570 | train_ensemble_classifier.py: entered evaluation function
2019-09-19 14:14:10,581 | train_ensemble_classifier.py: model knn: accuracy test: 0.8775510204081632, accuracy train: 1.0 | f1 micro test 0.8775510204081631, f1 micro train 1.0
2019-09-19 14:14:10,698 | train_ensemble_classifier.py: model gradient_boosting: accuracy test: 0.9183673469387755, accuracy train: 1.0 | f1 micro test 0.9183673469387755, f1 micro train 1.0
2019-09-19 14:14:11,114 | train_ensemble_classifier.py: model extra_trees: accuracy test: 0.8979591836734694, accuracy train: 1.0 | f1 micro test 0.8979591836734694, f1 micro train 1.0
2019-09-19 14:14:11,970 | train_ensemble_classifier.py: not calibrating
2019-09-19 14:14:11,970 | train_ensemble_classifier.py: now fitting votingclassifier
2019-09-19 14:14:11,990 | train_ensemble_classifier.py: training ensemble model
2019-09-19 14:14:11,990 | train_ensemble_classifier.py: calibrating  knn
2019-09-19 14:14:11,991 | train_ensemble_classifier.py: not calibrating
2019-09-19 14:14:11,991 | train_ensemble_classifier.py: calibrating  gradient_boosting
2019-09-19 14:14:13,436 | train_ensemble_classifier.py: not calibrating
2019-09-19 14:14:13,436 | train_ensemble_classifier.py: calibrating  extra_trees
2019-09-19 14:14:14,496 | train_ensemble_classifier.py: entered evaluation function
2019-09-19 14:14:14,695 | train_ensemble_classifier.py: model ensemble: accuracy test: 0.5686274509803921, accuracy train: 0.7755102040816326 | f1 micro test 0.5686274509803921, f1 micro train 0.7755102040816326
2019-09-19 14:14:14,785 | train_ensemble_classifier.py: not calibrating
2019-09-19 14:14:14,786 | train_ensemble_classifier.py: now fitting votingclassifier
2019-09-19 14:14:18,574 | train_ensemble_classifier.py: entered evaluation function
2019-09-19 14:14:18,776 | train_ensemble_classifier.py: model ensemble: accuracy test: 0.5918367346938775, accuracy train: 0.5686274509803921 | f1 micro test 0.5918367346938775, f1 micro train 0.5686274509803921
2019-09-19 14:14:20,853 | train_ensemble_classifier.py: entering the tracking function
