2019-09-22 10:07:14,634 | train_ensemble_classifier.py: intialized training class
2019-09-22 10:07:14,634 | train_ensemble_classifier.py: the metrics are saved to /home/kevin/Dropbox (LSMO)/proj62_guess_oxidation_states/machine_learn_oxstates/metrics
2019-09-22 10:07:14,634 | train_ensemble_classifier.py: the models are saved to /home/kevin/Dropbox (LSMO)/proj62_guess_oxidation_states/machine_learn_oxstates/models
2019-09-22 10:07:14,642 | train_ensemble_classifier.py: the classdistribution is {2: 13379, 1: 3092, 3: 3185, 4: 377, 5: 117, 6: 269}
2019-09-22 10:07:14,751 | train_ensemble_classifier.py: entered the function that trains one fold
2019-09-22 10:07:14,782 | train_ensemble_classifier.py: entered the function that trains one fold
2019-09-22 10:07:14,790 | train_ensemble_classifier.py: the training set has shape (9998, 85)
2019-09-22 10:07:14,806 | train_ensemble_classifier.py: the test set has shape (7001, 85)
2019-09-22 10:07:14,806 | train_ensemble_classifier.py: performing hyperparameter optimization
2019-09-22 10:07:14,823 | train_ensemble_classifier.py: the training set has shape (10002, 85)
2019-09-22 10:07:14,842 | train_ensemble_classifier.py: the test set has shape (6998, 85)
2019-09-22 10:07:14,842 | train_ensemble_classifier.py: performing hyperparameter optimization
2019-09-22 12:43:35,887 | train_ensemble_classifier.py: entered evaluation function
2019-09-22 12:48:25,804 | train_ensemble_classifier.py: model knn: accuracy test: 0.9689911403258074, accuracy train: 0.9923088755576065 | f1 micro test 0.9689911403258074, f1 micro train 0.9923088755576065
2019-09-22 12:48:27,221 | train_ensemble_classifier.py: model gradient_boosting: accuracy test: 0.9867104887110603, accuracy train: 0.9962313490232272 | f1 micro test 0.9867104887110603, f1 micro train 0.9962313490232272
2019-09-22 12:48:27,792 | train_ensemble_classifier.py: model extra_trees: accuracy test: 0.9854244069734209, accuracy train: 0.9963082602676512 | f1 micro test 0.9854244069734209, f1 micro train 0.9963082602676512
2019-09-22 12:48:27,886 | train_ensemble_classifier.py: training ensemble model
2019-09-22 12:48:27,886 | train_ensemble_classifier.py: calibrating  knn
2019-09-22 12:49:20,616 | train_ensemble_classifier.py: the accuracay on the validation set before calibration is 0.9666666666666667
2019-09-22 12:49:20,617 | train_ensemble_classifier.py: calibrating using sigmoid regression
2019-09-22 12:50:13,708 | train_ensemble_classifier.py: calibrating using sigmoid regression
2019-09-22 12:51:19,354 | train_ensemble_classifier.py: entered evaluation function
2019-09-22 12:51:47,172 | train_ensemble_classifier.py: model knn: accuracy test: 0.9761462648193115, accuracy train: 0.9945380413877991 | f1 micro test 0.9761462648193115, f1 micro train 0.9945380413877991
2019-09-22 12:51:48,473 | train_ensemble_classifier.py: model gradient_boosting: accuracy test: 0.9832881016997572, accuracy train: 0.9968459112239403 | f1 micro test 0.9832881016997572, f1 micro train 0.9968459112239403
2019-09-22 12:51:48,851 | train_ensemble_classifier.py: model extra_trees: accuracy test: 0.9877160405656334, accuracy train: 0.9973844141857066 | f1 micro test 0.9877160405656334, f1 micro train 0.9973844141857066
2019-09-22 12:51:48,896 | train_ensemble_classifier.py: training ensemble model
2019-09-22 12:51:48,896 | train_ensemble_classifier.py: calibrating  knn
2019-09-22 12:51:53,424 | train_ensemble_classifier.py: the accuracay on the validation set before calibration is 0.9763412195934689
2019-09-22 12:51:53,424 | train_ensemble_classifier.py: calibrating using sigmoid regression
2019-09-22 12:51:58,170 | train_ensemble_classifier.py: calibrating using sigmoid regression
2019-09-22 12:51:59,549 | train_ensemble_classifier.py: the accuracay on the validation set after calibration is 0.9666666666666667
2019-09-22 12:51:59,549 | train_ensemble_classifier.py: calibrating  gradient_boosting
2019-09-22 12:51:59,756 | train_ensemble_classifier.py: the accuracay on the validation set before calibration is 0.9836666666666667
2019-09-22 12:51:59,756 | train_ensemble_classifier.py: calibrating using sigmoid regression
2019-09-22 12:51:59,988 | train_ensemble_classifier.py: calibrating using sigmoid regression
2019-09-22 12:52:00,434 | train_ensemble_classifier.py: the accuracay on the validation set after calibration is 0.9836666666666667
2019-09-22 12:52:00,434 | train_ensemble_classifier.py: calibrating  extra_trees
2019-09-22 12:52:00,499 | train_ensemble_classifier.py: the accuracay on the validation set before calibration is 0.984
2019-09-22 12:52:00,499 | train_ensemble_classifier.py: calibrating using sigmoid regression
2019-09-22 12:52:00,601 | train_ensemble_classifier.py: calibrating using sigmoid regression
2019-09-22 12:52:00,772 | train_ensemble_classifier.py: the accuracay on the validation set after calibration is 0.984
2019-09-22 12:52:00,772 | train_ensemble_classifier.py: entered evaluation function
2019-09-22 12:52:07,187 | train_ensemble_classifier.py: the accuracay on the validation set after calibration is 0.975674775074975
2019-09-22 12:52:07,187 | train_ensemble_classifier.py: calibrating  gradient_boosting
2019-09-22 12:52:07,327 | train_ensemble_classifier.py: the accuracay on the validation set before calibration is 0.9863378873708764
2019-09-22 12:52:07,328 | train_ensemble_classifier.py: calibrating using sigmoid regression
2019-09-22 12:52:07,500 | train_ensemble_classifier.py: calibrating using sigmoid regression
2019-09-22 12:52:07,934 | train_ensemble_classifier.py: the accuracay on the validation set after calibration is 0.9856714428523825
2019-09-22 12:52:07,934 | train_ensemble_classifier.py: calibrating  extra_trees
2019-09-22 12:52:07,967 | train_ensemble_classifier.py: the accuracay on the validation set before calibration is 0.9886704431856048
2019-09-22 12:52:07,967 | train_ensemble_classifier.py: calibrating using sigmoid regression
2019-09-22 12:52:08,056 | train_ensemble_classifier.py: calibrating using sigmoid regression
2019-09-22 12:52:08,166 | train_ensemble_classifier.py: the accuracay on the validation set after calibration is 0.9886704431856048
2019-09-22 12:52:08,166 | train_ensemble_classifier.py: entered evaluation function
2019-09-22 12:52:36,811 | train_ensemble_classifier.py: model ensemble: accuracy test: 0.003285244965004999, accuracy train: 0.0008462189399184553 | f1 micro test 0.003285244965004999, f1 micro train 0.0008462189399184554
2019-09-22 12:56:43,611 | train_ensemble_classifier.py: model ensemble: accuracy test: 0.005287224921406116, accuracy train: 0.0011536686663590216 | f1 micro test 0.005287224921406116, f1 micro train 0.0011536686663590216
2019-09-22 12:56:43,856 | train_ensemble_classifier.py: entering the tracking function
