2019-09-19 14:24:23,807 | train_ensemble_classifier.py: intialized training class
2019-09-19 14:24:23,808 | train_ensemble_classifier.py: the metrics are saved to /home/kevin/Dropbox (LSMO)/proj62_guess_oxidation_states/machine_learn_oxstates/metrics
2019-09-19 14:24:23,808 | train_ensemble_classifier.py: the models are saved to /home/kevin/Dropbox (LSMO)/proj62_guess_oxidation_states/machine_learn_oxstates/models
2019-09-19 14:24:23,815 | train_ensemble_classifier.py: the classdistribution is {3: 2734, 2: 11579, 1: 2642, 6: 226, 4: 325, 5: 103, 7: 1}
2019-09-19 14:24:23,815 | train_ensemble_classifier.py: will drop class 7 since it has not enough examples
2019-09-19 14:24:23,857 | train_ensemble_classifier.py: entered the function that trains one fold
2019-09-19 14:24:23,858 | train_ensemble_classifier.py: entered the function that trains one fold
2019-09-19 14:24:23,860 | train_ensemble_classifier.py: the training set has shape (49, 93)
2019-09-19 14:24:23,860 | train_ensemble_classifier.py: the training set has shape (51, 93)
2019-09-19 14:24:23,863 | train_ensemble_classifier.py: the test set has shape (51, 93)
2019-09-19 14:24:23,863 | train_ensemble_classifier.py: performing hyperparameter optimization
2019-09-19 14:24:23,863 | train_ensemble_classifier.py: the test set has shape (49, 93)
2019-09-19 14:24:23,863 | train_ensemble_classifier.py: performing hyperparameter optimization
2019-09-19 14:24:42,835 | train_ensemble_classifier.py: entered evaluation function
2019-09-19 14:24:42,851 | train_ensemble_classifier.py: model knn: accuracy test: 0.803921568627451, accuracy train: 1.0 | f1 micro test 0.8039215686274509, f1 micro train 1.0
2019-09-19 14:24:42,893 | train_ensemble_classifier.py: model gradient_boosting: accuracy test: 0.8823529411764706, accuracy train: 1.0 | f1 micro test 0.8823529411764706, f1 micro train 1.0
2019-09-19 14:24:43,383 | train_ensemble_classifier.py: model extra_trees: accuracy test: 0.8431372549019608, accuracy train: 1.0 | f1 micro test 0.8431372549019607, f1 micro train 1.0
2019-09-19 14:24:44,217 | train_ensemble_classifier.py: training ensemble model
2019-09-19 14:24:44,217 | train_ensemble_classifier.py: calibrating  knn
2019-09-19 14:24:44,218 | train_ensemble_classifier.py: calibrating using spline calibration
2019-09-19 14:24:45,555 | train_ensemble_classifier.py: entered evaluation function
2019-09-19 14:24:45,573 | train_ensemble_classifier.py: model knn: accuracy test: 0.8775510204081632, accuracy train: 1.0 | f1 micro test 0.8775510204081631, f1 micro train 1.0
2019-09-19 14:24:45,698 | train_ensemble_classifier.py: model gradient_boosting: accuracy test: 0.9183673469387755, accuracy train: 1.0 | f1 micro test 0.9183673469387755, f1 micro train 1.0
2019-09-19 14:24:46,079 | train_ensemble_classifier.py: model extra_trees: accuracy test: 0.8979591836734694, accuracy train: 1.0 | f1 micro test 0.8979591836734694, f1 micro train 1.0
2019-09-19 14:24:46,944 | train_ensemble_classifier.py: training ensemble model
2019-09-19 14:24:46,944 | train_ensemble_classifier.py: calibrating  knn
2019-09-19 14:24:46,945 | train_ensemble_classifier.py: calibrating using spline calibration
2019-09-19 14:24:54,005 | train_ensemble_classifier.py: calibrating  gradient_boosting
2019-09-19 14:24:55,708 | train_ensemble_classifier.py: calibrating using spline calibration
2019-09-19 14:25:22,394 | train_ensemble_classifier.py: calibrating  extra_trees
2019-09-19 14:25:23,804 | train_ensemble_classifier.py: calibrating using spline calibration
2019-09-19 14:25:41,309 | train_ensemble_classifier.py: now fitting votingclassifier
