2019-09-20 09:02:19,935 | train_ensemble_classifier.py: intialized training class
2019-09-20 09:02:19,935 | train_ensemble_classifier.py: the metrics are saved to /home/kevin/Dropbox (LSMO)/proj62_guess_oxidation_states/machine_learn_oxstates/metrics
2019-09-20 09:02:19,936 | train_ensemble_classifier.py: the models are saved to /home/kevin/Dropbox (LSMO)/proj62_guess_oxidation_states/machine_learn_oxstates/models
2019-09-20 09:02:19,942 | train_ensemble_classifier.py: the classdistribution is {2: 13379, 1: 3092, 3: 3185, 4: 377, 6: 269, 5: 117}
2019-09-20 09:02:20,003 | train_ensemble_classifier.py: entered the function that trains one fold
2019-09-20 09:02:20,004 | train_ensemble_classifier.py: using smote oversampling
2019-09-20 09:02:20,013 | train_ensemble_classifier.py: entered the function that trains one fold
2019-09-20 09:02:20,016 | train_ensemble_classifier.py: using smote oversampling
2019-09-20 09:02:20,030 | train_ensemble_classifier.py: entered the function that trains one fold
2019-09-20 09:02:20,031 | train_ensemble_classifier.py: using smote oversampling
2019-09-20 09:02:20,036 | train_ensemble_classifier.py: entered the function that trains one fold
2019-09-20 09:02:20,039 | train_ensemble_classifier.py: using smote oversampling
2019-09-20 09:02:20,063 | train_ensemble_classifier.py: entered the function that trains one fold
2019-09-20 09:02:20,067 | train_ensemble_classifier.py: using smote oversampling
2019-09-20 09:02:20,364 | train_ensemble_classifier.py: the training set has shape (17598, 101)
2019-09-20 09:02:20,372 | train_ensemble_classifier.py: the test set has shape (350, 101)
2019-09-20 09:02:20,372 | train_ensemble_classifier.py: performing hyperparameter optimization
2019-09-20 09:02:20,385 | train_ensemble_classifier.py: the training set has shape (17598, 101)
2019-09-20 09:02:20,395 | train_ensemble_classifier.py: the test set has shape (350, 101)
2019-09-20 09:02:20,395 | train_ensemble_classifier.py: performing hyperparameter optimization
2019-09-20 09:02:20,405 | train_ensemble_classifier.py: the training set has shape (17598, 101)
2019-09-20 09:02:20,417 | train_ensemble_classifier.py: the test set has shape (351, 101)
2019-09-20 09:02:20,418 | train_ensemble_classifier.py: performing hyperparameter optimization
2019-09-20 09:02:20,421 | train_ensemble_classifier.py: the training set has shape (17598, 101)
2019-09-20 09:02:20,426 | train_ensemble_classifier.py: the training set has shape (17598, 101)
2019-09-20 09:02:20,428 | train_ensemble_classifier.py: the test set has shape (352, 101)
2019-09-20 09:02:20,429 | train_ensemble_classifier.py: performing hyperparameter optimization
2019-09-20 09:02:20,437 | train_ensemble_classifier.py: the test set has shape (351, 101)
2019-09-20 09:02:20,437 | train_ensemble_classifier.py: performing hyperparameter optimization
2019-09-20 09:03:30,656 | train_ensemble_classifier.py: entered the function that trains one fold
2019-09-20 09:03:30,664 | train_ensemble_classifier.py: using smote oversampling
2019-09-20 09:03:30,940 | train_ensemble_classifier.py: the training set has shape (17598, 101)
2019-09-20 09:03:30,951 | train_ensemble_classifier.py: the test set has shape (349, 101)
2019-09-20 09:03:30,951 | train_ensemble_classifier.py: performing hyperparameter optimization
