2019-09-19 14:29:33,460 | train_ensemble_classifier.py: intialized training class
2019-09-19 14:29:33,460 | train_ensemble_classifier.py: the metrics are saved to /home/kevin/Dropbox (LSMO)/proj62_guess_oxidation_states/machine_learn_oxstates/metrics
2019-09-19 14:29:33,460 | train_ensemble_classifier.py: the models are saved to /home/kevin/Dropbox (LSMO)/proj62_guess_oxidation_states/machine_learn_oxstates/models
2019-09-19 14:29:33,466 | train_ensemble_classifier.py: the classdistribution is {3: 2734, 2: 11579, 1: 2642, 6: 226, 4: 325, 5: 103, 7: 1}
2019-09-19 14:29:33,467 | train_ensemble_classifier.py: will drop class 7 since it has not enough examples
2019-09-19 14:29:33,497 | train_ensemble_classifier.py: entered the function that trains one fold
2019-09-19 14:29:33,499 | train_ensemble_classifier.py: entered the function that trains one fold
2019-09-19 14:29:33,501 | train_ensemble_classifier.py: the training set has shape (499, 93)
2019-09-19 14:29:33,504 | train_ensemble_classifier.py: the test set has shape (501, 93)
2019-09-19 14:29:33,504 | train_ensemble_classifier.py: performing hyperparameter optimization
2019-09-19 14:29:33,503 | train_ensemble_classifier.py: the training set has shape (501, 93)
2019-09-19 14:29:33,506 | train_ensemble_classifier.py: the test set has shape (499, 93)
2019-09-19 14:29:33,506 | train_ensemble_classifier.py: performing hyperparameter optimization
2019-09-19 14:30:17,858 | train_ensemble_classifier.py: entered evaluation function
2019-09-19 14:30:17,992 | train_ensemble_classifier.py: model knn: accuracy test: 0.8857715430861723, accuracy train: 0.9181636726546906 | f1 micro test 0.8857715430861723, f1 micro train 0.9181636726546906
2019-09-19 14:30:18,063 | train_ensemble_classifier.py: model gradient_boosting: accuracy test: 0.9318637274549099, accuracy train: 1.0 | f1 micro test 0.9318637274549099, f1 micro train 1.0
2019-09-19 14:30:18,397 | train_ensemble_classifier.py: model extra_trees: accuracy test: 0.935871743486974, accuracy train: 1.0 | f1 micro test 0.935871743486974, f1 micro train 1.0
2019-09-19 14:30:18,580 | train_ensemble_classifier.py: training ensemble model
2019-09-19 14:30:18,580 | train_ensemble_classifier.py: calibrating  knn
2019-09-19 14:30:18,582 | train_ensemble_classifier.py: calibrating using sigmoid regression
2019-09-19 14:30:21,067 | train_ensemble_classifier.py: entered evaluation function
2019-09-19 14:30:21,162 | train_ensemble_classifier.py: model knn: accuracy test: 0.9121756487025948, accuracy train: 1.0 | f1 micro test 0.9121756487025947, f1 micro train 1.0
2019-09-19 14:30:21,249 | train_ensemble_classifier.py: model gradient_boosting: accuracy test: 0.9441117764471058, accuracy train: 1.0 | f1 micro test 0.9441117764471059, f1 micro train 1.0
2019-09-19 14:30:21,718 | train_ensemble_classifier.py: model extra_trees: accuracy test: 0.9441117764471058, accuracy train: 1.0 | f1 micro test 0.9441117764471059, f1 micro train 1.0
2019-09-19 14:30:22,719 | train_ensemble_classifier.py: training ensemble model
2019-09-19 14:30:22,719 | train_ensemble_classifier.py: calibrating  knn
2019-09-19 14:30:22,721 | train_ensemble_classifier.py: calibrating using sigmoid regression
2019-09-19 14:30:22,739 | train_ensemble_classifier.py: calibrating  gradient_boosting
2019-09-19 14:30:25,400 | train_ensemble_classifier.py: calibrating using sigmoid regression
2019-09-19 14:30:25,418 | train_ensemble_classifier.py: calibrating  extra_trees
2019-09-19 14:30:29,657 | train_ensemble_classifier.py: calibrating using sigmoid regression
2019-09-19 14:30:29,801 | train_ensemble_classifier.py: now fitting votingclassifier
