2019-09-19 18:33:26,328 | train_ensemble_classifier.py: intialized training class
2019-09-19 18:33:26,328 | train_ensemble_classifier.py: the metrics are saved to /home/kevin/Dropbox (LSMO)/proj62_guess_oxidation_states/machine_learn_oxstates/metrics
2019-09-19 18:33:26,328 | train_ensemble_classifier.py: the models are saved to /home/kevin/Dropbox (LSMO)/proj62_guess_oxidation_states/machine_learn_oxstates/models
2019-09-19 18:33:26,334 | train_ensemble_classifier.py: the classdistribution is {3: 2734, 2: 11579, 1: 2642, 6: 226, 4: 325, 5: 103, 7: 1}
2019-09-19 18:33:26,334 | train_ensemble_classifier.py: will drop class 7 since it has not enough examples
2019-09-19 18:33:26,378 | train_ensemble_classifier.py: entered the function that trains one fold
2019-09-19 18:33:26,381 | train_ensemble_classifier.py: entered the function that trains one fold
2019-09-19 18:33:26,385 | train_ensemble_classifier.py: the training set has shape (999, 93)
2019-09-19 18:33:26,391 | train_ensemble_classifier.py: the test set has shape (1001, 93)
2019-09-19 18:33:26,391 | train_ensemble_classifier.py: performing hyperparameter optimization
2019-09-19 18:33:26,390 | train_ensemble_classifier.py: the training set has shape (1001, 93)
2019-09-19 18:33:26,395 | train_ensemble_classifier.py: the test set has shape (999, 93)
2019-09-19 18:33:26,395 | train_ensemble_classifier.py: performing hyperparameter optimization
2019-09-19 18:34:38,708 | train_ensemble_classifier.py: entered evaluation function
2019-09-19 18:34:39,107 | train_ensemble_classifier.py: model knn: accuracy test: 0.923923923923924, accuracy train: 1.0 | f1 micro test 0.923923923923924, f1 micro train 1.0
2019-09-19 18:34:39,198 | train_ensemble_classifier.py: model gradient_boosting: accuracy test: 0.9409409409409409, accuracy train: 1.0 | f1 micro test 0.9409409409409409, f1 micro train 1.0
2019-09-19 18:34:40,217 | train_ensemble_classifier.py: model extra_trees: accuracy test: 0.94994994994995, accuracy train: 1.0 | f1 micro test 0.94994994994995, f1 micro train 1.0
2019-09-19 18:34:41,235 | train_ensemble_classifier.py: training ensemble model
2019-09-19 18:34:41,236 | train_ensemble_classifier.py: calibrating  knn
2019-09-19 18:34:41,254 | train_ensemble_classifier.py: the accuracay on the validation set before calibration is 0.9154228855721394
2019-09-19 18:34:41,255 | train_ensemble_classifier.py: not calibrating
2019-09-19 18:34:41,255 | train_ensemble_classifier.py: not calibrating
2019-09-19 18:34:41,267 | train_ensemble_classifier.py: the accuracay on the validation set after calibration is 0.9154228855721394
2019-09-19 18:34:41,267 | train_ensemble_classifier.py: calibrating  gradient_boosting
2019-09-19 18:34:42,283 | train_ensemble_classifier.py: entered evaluation function
2019-09-19 18:34:42,950 | train_ensemble_classifier.py: model knn: accuracy test: 0.9460539460539461, accuracy train: 1.0 | f1 micro test 0.9460539460539461, f1 micro train 1.0
2019-09-19 18:34:43,028 | train_ensemble_classifier.py: model gradient_boosting: accuracy test: 0.951048951048951, accuracy train: 1.0 | f1 micro test 0.951048951048951, f1 micro train 1.0
2019-09-19 18:34:44,033 | train_ensemble_classifier.py: model extra_trees: accuracy test: 0.9590409590409591, accuracy train: 1.0 | f1 micro test 0.9590409590409591, f1 micro train 1.0
2019-09-19 18:34:45,043 | train_ensemble_classifier.py: training ensemble model
2019-09-19 18:34:45,043 | train_ensemble_classifier.py: calibrating  knn
2019-09-19 18:34:45,063 | train_ensemble_classifier.py: the accuracay on the validation set before calibration is 0.92
2019-09-19 18:34:45,064 | train_ensemble_classifier.py: not calibrating
2019-09-19 18:34:45,064 | train_ensemble_classifier.py: not calibrating
2019-09-19 18:34:45,079 | train_ensemble_classifier.py: the accuracay on the validation set after calibration is 0.92
2019-09-19 18:34:45,079 | train_ensemble_classifier.py: calibrating  gradient_boosting
2019-09-19 18:34:47,840 | train_ensemble_classifier.py: the accuracay on the validation set before calibration is 0.9601990049751243
2019-09-19 18:34:47,840 | train_ensemble_classifier.py: not calibrating
2019-09-19 18:34:47,841 | train_ensemble_classifier.py: not calibrating
2019-09-19 18:34:47,847 | train_ensemble_classifier.py: the accuracay on the validation set after calibration is 0.9601990049751243
2019-09-19 18:34:47,847 | train_ensemble_classifier.py: calibrating  extra_trees
2019-09-19 18:34:51,479 | train_ensemble_classifier.py: the accuracay on the validation set before calibration is 0.935
2019-09-19 18:34:51,479 | train_ensemble_classifier.py: not calibrating
2019-09-19 18:34:51,480 | train_ensemble_classifier.py: not calibrating
2019-09-19 18:34:51,487 | train_ensemble_classifier.py: the accuracay on the validation set after calibration is 0.935
2019-09-19 18:34:51,487 | train_ensemble_classifier.py: calibrating  extra_trees
2019-09-19 18:34:53,764 | train_ensemble_classifier.py: the accuracay on the validation set before calibration is 0.9601990049751243
2019-09-19 18:34:53,764 | train_ensemble_classifier.py: not calibrating
2019-09-19 18:34:53,764 | train_ensemble_classifier.py: not calibrating
2019-09-19 18:34:53,917 | train_ensemble_classifier.py: the accuracay on the validation set after calibration is 0.9601990049751243
2019-09-19 18:34:53,917 | train_ensemble_classifier.py: entered evaluation function
2019-09-19 18:34:54,368 | train_ensemble_classifier.py: model ensemble: accuracy test: 0.6076076076076076, accuracy train: 0.6223776223776224 | f1 micro test 0.6076076076076076, f1 micro train 0.6223776223776224
2019-09-19 18:34:58,274 | train_ensemble_classifier.py: the accuracay on the validation set before calibration is 0.95
2019-09-19 18:34:58,274 | train_ensemble_classifier.py: not calibrating
2019-09-19 18:34:58,275 | train_ensemble_classifier.py: not calibrating
2019-09-19 18:34:58,380 | train_ensemble_classifier.py: the accuracay on the validation set after calibration is 0.95
2019-09-19 18:34:58,380 | train_ensemble_classifier.py: entered evaluation function
2019-09-19 18:34:58,776 | train_ensemble_classifier.py: model ensemble: accuracy test: 0.29270729270729273, accuracy train: 0.29429429429429427 | f1 micro test 0.29270729270729273, f1 micro train 0.29429429429429427
2019-09-19 18:34:59,923 | train_ensemble_classifier.py: entering the tracking function
