2019-09-21 14:40:36,864 | train_ensemble_classifier.py: intialized training class
2019-09-21 14:40:36,864 | train_ensemble_classifier.py: the metrics are saved to /home/kevin/Dropbox (LSMO)/proj62_guess_oxidation_states/machine_learn_oxstates/metrics
2019-09-21 14:40:36,865 | train_ensemble_classifier.py: the models are saved to /home/kevin/Dropbox (LSMO)/proj62_guess_oxidation_states/machine_learn_oxstates/models
2019-09-21 14:40:36,871 | train_ensemble_classifier.py: the classdistribution is {2: 13379, 5: 117, 3: 3185, 1: 3092, 4: 377, 6: 269}
2019-09-21 14:40:36,965 | train_ensemble_classifier.py: entered the function that trains one fold
2019-09-21 14:40:36,996 | train_ensemble_classifier.py: entered the function that trains one fold
2019-09-21 14:40:36,999 | train_ensemble_classifier.py: the training set has shape (9998, 85)
2019-09-21 14:40:37,016 | train_ensemble_classifier.py: the test set has shape (7001, 85)
2019-09-21 14:40:37,016 | train_ensemble_classifier.py: performing hyperparameter optimization
2019-09-21 14:40:37,035 | train_ensemble_classifier.py: the training set has shape (10002, 85)
2019-09-21 14:40:37,045 | train_ensemble_classifier.py: the test set has shape (6998, 85)
2019-09-21 14:40:37,045 | train_ensemble_classifier.py: performing hyperparameter optimization
2019-09-21 16:14:05,107 | train_ensemble_classifier.py: entered evaluation function
2019-09-21 16:14:31,448 | train_ensemble_classifier.py: model knn: accuracy test: 0.9739925693055158, accuracy train: 0.9946931241347485 | f1 micro test 0.9739925693055158, f1 micro train 0.9946931241347485
2019-09-21 16:14:32,058 | train_ensemble_classifier.py: model gradient_boosting: accuracy test: 0.9812803658188054, accuracy train: 0.9965389940009229 | f1 micro test 0.9812803658188053, f1 micro train 0.9965389940009229
2019-09-21 16:14:33,481 | train_ensemble_classifier.py: model extra_trees: accuracy test: 0.9842812232066305, accuracy train: 0.9967697277341947 | f1 micro test 0.9842812232066305, f1 micro train 0.9967697277341947
2019-09-21 16:14:33,787 | train_ensemble_classifier.py: training ensemble model
2019-09-21 16:14:33,787 | train_ensemble_classifier.py: calibrating  knn
2019-09-21 16:14:38,028 | train_ensemble_classifier.py: the accuracay on the validation set before calibration is 0.977
2019-09-21 16:14:38,029 | train_ensemble_classifier.py: calibrating using sigmoid regression
2019-09-21 16:14:42,081 | train_ensemble_classifier.py: calibrating using sigmoid regression
2019-09-21 16:14:50,039 | train_ensemble_classifier.py: the accuracay on the validation set after calibration is 0.976
2019-09-21 16:14:50,039 | train_ensemble_classifier.py: calibrating  gradient_boosting
2019-09-21 16:14:50,126 | train_ensemble_classifier.py: the accuracay on the validation set before calibration is 0.985
2019-09-21 16:14:50,126 | train_ensemble_classifier.py: calibrating using sigmoid regression
2019-09-21 16:14:50,239 | train_ensemble_classifier.py: calibrating using sigmoid regression
2019-09-21 16:14:50,436 | train_ensemble_classifier.py: the accuracay on the validation set after calibration is 0.987
2019-09-21 16:14:50,436 | train_ensemble_classifier.py: calibrating  extra_trees
2019-09-21 16:14:50,669 | train_ensemble_classifier.py: the accuracay on the validation set before calibration is 0.986
2019-09-21 16:14:50,669 | train_ensemble_classifier.py: calibrating using sigmoid regression
2019-09-21 16:14:50,925 | train_ensemble_classifier.py: calibrating using sigmoid regression
2019-09-21 16:14:51,407 | train_ensemble_classifier.py: the accuracay on the validation set after calibration is 0.986
2019-09-21 16:14:51,407 | train_ensemble_classifier.py: entered evaluation function
2019-09-21 16:15:19,809 | train_ensemble_classifier.py: model ensemble: accuracy test: 0.9839954272649328, accuracy train: 0.9968466389786187 | f1 micro test 0.9839954272649328, f1 micro train 0.9968466389786187
2019-09-21 16:33:30,898 | train_ensemble_classifier.py: entered evaluation function
2019-09-21 16:34:14,723 | train_ensemble_classifier.py: model knn: accuracy test: 0.975289244393658, accuracy train: 0.9941533964151088 | f1 micro test 0.975289244393658, f1 micro train 0.9941533964151088
2019-09-21 16:34:15,963 | train_ensemble_classifier.py: model gradient_boosting: accuracy test: 0.9855734895014998, accuracy train: 0.9968459112239403 | f1 micro test 0.9855734895014998, f1 micro train 0.9968459112239403
2019-09-21 16:34:26,569 | train_ensemble_classifier.py: model extra_trees: accuracy test: 0.9875732038280246, accuracy train: 0.9969228402184783 | f1 micro test 0.9875732038280246, f1 micro train 0.9969228402184783
2019-09-21 16:34:28,805 | train_ensemble_classifier.py: training ensemble model
2019-09-21 16:34:28,805 | train_ensemble_classifier.py: calibrating  knn
2019-09-21 16:34:35,135 | train_ensemble_classifier.py: the accuracay on the validation set before calibration is 0.9746751082972342
2019-09-21 16:34:35,137 | train_ensemble_classifier.py: calibrating using sigmoid regression
2019-09-21 16:34:41,872 | train_ensemble_classifier.py: calibrating using sigmoid regression
2019-09-21 16:34:52,960 | train_ensemble_classifier.py: the accuracay on the validation set after calibration is 0.9750083305564812
2019-09-21 16:34:52,960 | train_ensemble_classifier.py: calibrating  gradient_boosting
2019-09-21 16:34:53,109 | train_ensemble_classifier.py: the accuracay on the validation set before calibration is 0.9863378873708764
2019-09-21 16:34:53,109 | train_ensemble_classifier.py: calibrating using sigmoid regression
2019-09-21 16:34:53,270 | train_ensemble_classifier.py: calibrating using sigmoid regression
2019-09-21 16:34:53,556 | train_ensemble_classifier.py: the accuracay on the validation set after calibration is 0.9870043318893702
2019-09-21 16:34:53,556 | train_ensemble_classifier.py: calibrating  extra_trees
2019-09-21 16:34:54,844 | train_ensemble_classifier.py: the accuracay on the validation set before calibration is 0.9866711096301233
2019-09-21 16:34:54,845 | train_ensemble_classifier.py: calibrating using sigmoid regression
2019-09-21 16:34:56,255 | train_ensemble_classifier.py: calibrating using sigmoid regression
2019-09-21 16:34:59,104 | train_ensemble_classifier.py: the accuracay on the validation set after calibration is 0.9866711096301233
2019-09-21 16:34:59,104 | train_ensemble_classifier.py: entered evaluation function
2019-09-21 16:35:49,359 | train_ensemble_classifier.py: model ensemble: accuracy test: 0.9872875303528067, accuracy train: 0.9971536272020924 | f1 micro test 0.9872875303528067, f1 micro train 0.9971536272020924
2019-09-21 16:35:51,656 | train_ensemble_classifier.py: entering the tracking function
