2019-09-20 08:57:06,165 | train_ensemble_classifier.py: intialized training class
2019-09-20 08:57:06,165 | train_ensemble_classifier.py: the metrics are saved to /home/kevin/Dropbox (LSMO)/proj62_guess_oxidation_states/machine_learn_oxstates/metrics
2019-09-20 08:57:06,166 | train_ensemble_classifier.py: the models are saved to /home/kevin/Dropbox (LSMO)/proj62_guess_oxidation_states/machine_learn_oxstates/models
2019-09-20 08:57:06,170 | train_ensemble_classifier.py: the classdistribution is {2: 13379, 1: 3092, 3: 3185, 4: 377, 6: 269, 5: 117}
2019-09-20 08:57:06,223 | train_ensemble_classifier.py: entered the function that trains one fold
2019-09-20 08:57:06,224 | train_ensemble_classifier.py: using smote oversampling
2019-09-20 08:57:06,236 | train_ensemble_classifier.py: entered the function that trains one fold
2019-09-20 08:57:06,240 | train_ensemble_classifier.py: using smote oversampling
2019-09-20 08:57:06,246 | train_ensemble_classifier.py: entered the function that trains one fold
2019-09-20 08:57:06,248 | train_ensemble_classifier.py: using smote oversampling
2019-09-20 08:57:06,256 | train_ensemble_classifier.py: entered the function that trains one fold
2019-09-20 08:57:06,257 | train_ensemble_classifier.py: using smote oversampling
2019-09-20 08:57:06,277 | train_ensemble_classifier.py: entered the function that trains one fold
2019-09-20 08:57:06,291 | train_ensemble_classifier.py: using smote oversampling
2019-09-20 08:57:06,513 | train_ensemble_classifier.py: the training set has shape (17598, 101)
2019-09-20 08:57:06,548 | train_ensemble_classifier.py: entered the function that trains one fold
2019-09-20 08:57:06,556 | train_ensemble_classifier.py: using smote oversampling
2019-09-20 08:57:06,566 | train_ensemble_classifier.py: the training set has shape (17598, 101)
2019-09-20 08:57:06,587 | train_ensemble_classifier.py: entered the function that trains one fold
2019-09-20 08:57:06,591 | train_ensemble_classifier.py: using smote oversampling
2019-09-20 08:57:06,620 | train_ensemble_classifier.py: the training set has shape (17598, 101)
2019-09-20 08:57:06,646 | train_ensemble_classifier.py: entered the function that trains one fold
2019-09-20 08:57:06,647 | train_ensemble_classifier.py: using smote oversampling
2019-09-20 08:57:06,646 | train_ensemble_classifier.py: the training set has shape (17598, 101)
2019-09-20 08:57:06,673 | train_ensemble_classifier.py: entered the function that trains one fold
2019-09-20 08:57:06,675 | train_ensemble_classifier.py: using smote oversampling
2019-09-20 08:57:06,701 | train_ensemble_classifier.py: the training set has shape (17598, 101)
2019-09-20 08:57:06,712 | train_ensemble_classifier.py: entered the function that trains one fold
2019-09-20 08:57:06,718 | train_ensemble_classifier.py: using smote oversampling
2019-09-20 08:57:06,913 | train_ensemble_classifier.py: the training set has shape (17598, 101)
2019-09-20 08:57:06,948 | train_ensemble_classifier.py: the training set has shape (17598, 101)
2019-09-20 08:57:07,060 | train_ensemble_classifier.py: the training set has shape (17598, 101)
2019-09-20 08:57:07,091 | train_ensemble_classifier.py: the training set has shape (17598, 101)
2019-09-20 08:57:07,118 | train_ensemble_classifier.py: the training set has shape (17604, 101)
