2019-09-21 22:38:40,683 | train_ensemble_classifier.py: intialized training class
2019-09-21 22:38:40,683 | train_ensemble_classifier.py: the metrics are saved to /home/kevin/Dropbox (LSMO)/proj62_guess_oxidation_states/machine_learn_oxstates/metrics
2019-09-21 22:38:40,683 | train_ensemble_classifier.py: the models are saved to /home/kevin/Dropbox (LSMO)/proj62_guess_oxidation_states/machine_learn_oxstates/models
2019-09-21 22:38:40,688 | train_ensemble_classifier.py: the classdistribution is {2: 13379, 1: 3092, 3: 3185, 4: 377, 5: 117, 6: 269}
2019-09-21 22:38:40,756 | train_ensemble_classifier.py: entered the function that trains one fold
2019-09-21 22:38:40,773 | train_ensemble_classifier.py: entered the function that trains one fold
2019-09-21 22:38:40,774 | train_ensemble_classifier.py: the training set has shape (9998, 85)
2019-09-21 22:38:40,785 | train_ensemble_classifier.py: the test set has shape (7001, 85)
2019-09-21 22:38:40,785 | train_ensemble_classifier.py: performing hyperparameter optimization
2019-09-21 22:38:40,794 | train_ensemble_classifier.py: the training set has shape (10002, 85)
2019-09-21 22:38:40,801 | train_ensemble_classifier.py: the test set has shape (6998, 85)
2019-09-21 22:38:40,801 | train_ensemble_classifier.py: performing hyperparameter optimization
2019-09-22 00:24:37,170 | train_ensemble_classifier.py: entered evaluation function
2019-09-22 00:25:04,644 | train_ensemble_classifier.py: model knn: accuracy test: 0.9761462648193115, accuracy train: 0.9945380413877991 | f1 micro test 0.9761462648193115, f1 micro train 0.9945380413877991
2019-09-22 00:25:05,933 | train_ensemble_classifier.py: model gradient_boosting: accuracy test: 0.9832881016997572, accuracy train: 0.9966151242403262 | f1 micro test 0.9832881016997572, f1 micro train 0.9966151242403262
2019-09-22 00:25:06,280 | train_ensemble_classifier.py: model extra_trees: accuracy test: 0.9877160405656334, accuracy train: 0.9973844141857066 | f1 micro test 0.9877160405656334, f1 micro train 0.9973844141857066
2019-09-22 00:25:06,320 | train_ensemble_classifier.py: training ensemble model
2019-09-22 00:25:06,320 | train_ensemble_classifier.py: calibrating  knn
2019-09-22 00:25:10,531 | train_ensemble_classifier.py: the accuracay on the validation set before calibration is 0.9763412195934689
2019-09-22 00:25:10,532 | train_ensemble_classifier.py: calibrating using sigmoid regression
2019-09-22 00:25:14,770 | train_ensemble_classifier.py: calibrating using sigmoid regression
2019-09-22 00:25:23,218 | train_ensemble_classifier.py: the accuracay on the validation set after calibration is 0.975674775074975
2019-09-22 00:25:23,218 | train_ensemble_classifier.py: calibrating  gradient_boosting
2019-09-22 00:25:23,430 | train_ensemble_classifier.py: the accuracay on the validation set before calibration is 0.9853382205931356
2019-09-22 00:25:23,430 | train_ensemble_classifier.py: calibrating using sigmoid regression
2019-09-22 00:25:23,691 | train_ensemble_classifier.py: calibrating using sigmoid regression
2019-09-22 00:25:24,180 | train_ensemble_classifier.py: the accuracay on the validation set after calibration is 0.9860046651116294
2019-09-22 00:25:24,180 | train_ensemble_classifier.py: calibrating  extra_trees
2019-09-22 00:25:24,213 | train_ensemble_classifier.py: the accuracay on the validation set before calibration is 0.9886704431856048
2019-09-22 00:25:24,213 | train_ensemble_classifier.py: calibrating using sigmoid regression
2019-09-22 00:25:24,298 | train_ensemble_classifier.py: calibrating using sigmoid regression
2019-09-22 00:25:24,415 | train_ensemble_classifier.py: the accuracay on the validation set after calibration is 0.9886704431856048
2019-09-22 00:25:24,415 | train_ensemble_classifier.py: entered evaluation function
