2019-09-19 18:16:43,853 | train_ensemble_classifier.py: intialized training class
2019-09-19 18:16:43,853 | train_ensemble_classifier.py: the metrics are saved to /home/kevin/Dropbox (LSMO)/proj62_guess_oxidation_states/machine_learn_oxstates/metrics
2019-09-19 18:16:43,853 | train_ensemble_classifier.py: the models are saved to /home/kevin/Dropbox (LSMO)/proj62_guess_oxidation_states/machine_learn_oxstates/models
2019-09-19 18:16:43,858 | train_ensemble_classifier.py: the classdistribution is {3: 2734, 2: 11579, 1: 2642, 6: 226, 4: 325, 5: 103, 7: 1}
2019-09-19 18:16:43,858 | train_ensemble_classifier.py: will drop class 7 since it has not enough examples
2019-09-19 18:16:43,919 | train_ensemble_classifier.py: entered the function that trains one fold
2019-09-19 18:16:43,930 | train_ensemble_classifier.py: entered the function that trains one fold
2019-09-19 18:16:43,935 | train_ensemble_classifier.py: the training set has shape (2498, 93)
2019-09-19 18:16:43,941 | train_ensemble_classifier.py: the test set has shape (2502, 93)
2019-09-19 18:16:43,942 | train_ensemble_classifier.py: performing hyperparameter optimization
2019-09-19 18:16:43,943 | train_ensemble_classifier.py: the training set has shape (2502, 93)
2019-09-19 18:16:43,952 | train_ensemble_classifier.py: the test set has shape (2498, 93)
2019-09-19 18:16:43,952 | train_ensemble_classifier.py: performing hyperparameter optimization
2019-09-19 18:19:35,355 | train_ensemble_classifier.py: entered evaluation function
2019-09-19 18:19:39,025 | train_ensemble_classifier.py: model knn: accuracy test: 0.9368505195843325, accuracy train: 0.94435548438751 | f1 micro test 0.9368505195843325, f1 micro train 0.94435548438751
2019-09-19 18:19:39,255 | train_ensemble_classifier.py: model gradient_boosting: accuracy test: 0.9672262190247801, accuracy train: 1.0 | f1 micro test 0.9672262190247801, f1 micro train 1.0
2019-09-19 18:19:39,816 | train_ensemble_classifier.py: model extra_trees: accuracy test: 0.9732214228617106, accuracy train: 1.0 | f1 micro test 0.9732214228617106, f1 micro train 1.0
2019-09-19 18:19:39,988 | train_ensemble_classifier.py: training ensemble model
2019-09-19 18:19:39,989 | train_ensemble_classifier.py: calibrating  knn
2019-09-19 18:19:40,002 | train_ensemble_classifier.py: not calibrating
2019-09-19 18:19:40,002 | train_ensemble_classifier.py: calibrating  gradient_boosting
2019-09-19 18:19:41,446 | train_ensemble_classifier.py: entered evaluation function
2019-09-19 18:19:44,637 | train_ensemble_classifier.py: model knn: accuracy test: 0.9491593274619696, accuracy train: 1.0 | f1 micro test 0.9491593274619696, f1 micro train 1.0
2019-09-19 18:19:45,239 | train_ensemble_classifier.py: model gradient_boosting: accuracy test: 0.9643714971977582, accuracy train: 1.0 | f1 micro test 0.9643714971977582, f1 micro train 1.0
2019-09-19 18:19:46,474 | train_ensemble_classifier.py: model extra_trees: accuracy test: 0.9587670136108887, accuracy train: 1.0 | f1 micro test 0.9587670136108887, f1 micro train 1.0
2019-09-19 18:19:47,271 | train_ensemble_classifier.py: training ensemble model
2019-09-19 18:19:47,271 | train_ensemble_classifier.py: calibrating  knn
2019-09-19 18:19:47,278 | train_ensemble_classifier.py: not calibrating
2019-09-19 18:19:47,278 | train_ensemble_classifier.py: calibrating  gradient_boosting
2019-09-19 18:19:57,498 | train_ensemble_classifier.py: not calibrating
2019-09-19 18:19:57,498 | train_ensemble_classifier.py: calibrating  extra_trees
2019-09-19 18:19:58,467 | train_ensemble_classifier.py: not calibrating
2019-09-19 18:19:58,467 | train_ensemble_classifier.py: entered evaluation function
2019-09-19 18:19:58,870 | train_ensemble_classifier.py: model ensemble: accuracy test: 0.19704236610711431, accuracy train: 0.2209767814251401 | f1 micro test 0.19704236610711431, f1 micro train 0.2209767814251401
2019-09-19 18:20:05,403 | train_ensemble_classifier.py: not calibrating
2019-09-19 18:20:05,403 | train_ensemble_classifier.py: calibrating  extra_trees
2019-09-19 18:20:07,592 | train_ensemble_classifier.py: not calibrating
2019-09-19 18:20:07,592 | train_ensemble_classifier.py: entered evaluation function
2019-09-19 18:20:08,558 | train_ensemble_classifier.py: model ensemble: accuracy test: 0.5508406725380304, accuracy train: 0.5599520383693045 | f1 micro test 0.5508406725380304, f1 micro train 0.5599520383693045
2019-09-19 18:20:09,414 | train_ensemble_classifier.py: entering the tracking function
