2019-09-19 18:50:54,324 | train_ensemble_classifier.py: intialized training class
2019-09-19 18:50:54,324 | train_ensemble_classifier.py: the metrics are saved to /home/kevin/Dropbox (LSMO)/proj62_guess_oxidation_states/machine_learn_oxstates/metrics
2019-09-19 18:50:54,325 | train_ensemble_classifier.py: the models are saved to /home/kevin/Dropbox (LSMO)/proj62_guess_oxidation_states/machine_learn_oxstates/models
2019-09-19 18:50:54,330 | train_ensemble_classifier.py: the classdistribution is {3: 2734, 2: 11579, 1: 2642, 6: 226, 4: 325, 5: 103, 7: 1}
2019-09-19 18:50:54,330 | train_ensemble_classifier.py: will drop class 7 since it has not enough examples
2019-09-19 18:50:54,370 | train_ensemble_classifier.py: entered the function that trains one fold
2019-09-19 18:50:54,374 | train_ensemble_classifier.py: entered the function that trains one fold
2019-09-19 18:50:54,381 | train_ensemble_classifier.py: the training set has shape (999, 93)
2019-09-19 18:50:54,381 | train_ensemble_classifier.py: the training set has shape (1001, 93)
2019-09-19 18:50:54,385 | train_ensemble_classifier.py: the test set has shape (999, 93)
2019-09-19 18:50:54,385 | train_ensemble_classifier.py: performing hyperparameter optimization
2019-09-19 18:50:54,385 | train_ensemble_classifier.py: the test set has shape (1001, 93)
2019-09-19 18:50:54,386 | train_ensemble_classifier.py: performing hyperparameter optimization
2019-09-19 18:52:04,190 | train_ensemble_classifier.py: entered evaluation function
2019-09-19 18:52:04,515 | train_ensemble_classifier.py: model knn: accuracy test: 0.923923923923924, accuracy train: 1.0 | f1 micro test 0.923923923923924, f1 micro train 1.0
2019-09-19 18:52:04,574 | train_ensemble_classifier.py: model gradient_boosting: accuracy test: 0.9409409409409409, accuracy train: 1.0 | f1 micro test 0.9409409409409409, f1 micro train 1.0
2019-09-19 18:52:05,053 | train_ensemble_classifier.py: model extra_trees: accuracy test: 0.94994994994995, accuracy train: 1.0 | f1 micro test 0.94994994994995, f1 micro train 1.0
2019-09-19 18:52:05,960 | train_ensemble_classifier.py: training ensemble model
2019-09-19 18:52:05,960 | train_ensemble_classifier.py: calibrating  knn
2019-09-19 18:52:05,975 | train_ensemble_classifier.py: the accuracay on the validation set before calibration is 0.9154228855721394
2019-09-19 18:52:05,976 | train_ensemble_classifier.py: not calibrating
2019-09-19 18:52:05,976 | train_ensemble_classifier.py: not calibrating
2019-09-19 18:52:05,987 | train_ensemble_classifier.py: the accuracay on the validation set after calibration is 0.9154228855721394
2019-09-19 18:52:05,987 | train_ensemble_classifier.py: calibrating  gradient_boosting
2019-09-19 18:52:06,629 | train_ensemble_classifier.py: entered evaluation function
2019-09-19 18:52:07,033 | train_ensemble_classifier.py: model knn: accuracy test: 0.9460539460539461, accuracy train: 1.0 | f1 micro test 0.9460539460539461, f1 micro train 1.0
2019-09-19 18:52:07,112 | train_ensemble_classifier.py: model gradient_boosting: accuracy test: 0.951048951048951, accuracy train: 1.0 | f1 micro test 0.951048951048951, f1 micro train 1.0
2019-09-19 18:52:07,946 | train_ensemble_classifier.py: model extra_trees: accuracy test: 0.9590409590409591, accuracy train: 1.0 | f1 micro test 0.9590409590409591, f1 micro train 1.0
2019-09-19 18:52:08,863 | train_ensemble_classifier.py: training ensemble model
2019-09-19 18:52:08,864 | train_ensemble_classifier.py: calibrating  knn
2019-09-19 18:52:08,878 | train_ensemble_classifier.py: the accuracay on the validation set before calibration is 0.92
2019-09-19 18:52:08,878 | train_ensemble_classifier.py: not calibrating
2019-09-19 18:52:08,878 | train_ensemble_classifier.py: not calibrating
2019-09-19 18:52:08,891 | train_ensemble_classifier.py: the accuracay on the validation set after calibration is 0.92
2019-09-19 18:52:08,892 | train_ensemble_classifier.py: calibrating  gradient_boosting
2019-09-19 18:52:12,400 | train_ensemble_classifier.py: the accuracay on the validation set before calibration is 0.9601990049751243
2019-09-19 18:52:12,400 | train_ensemble_classifier.py: not calibrating
2019-09-19 18:52:12,400 | train_ensemble_classifier.py: not calibrating
2019-09-19 18:52:12,411 | train_ensemble_classifier.py: the accuracay on the validation set after calibration is 0.9601990049751243
2019-09-19 18:52:12,411 | train_ensemble_classifier.py: calibrating  extra_trees
2019-09-19 18:52:15,649 | train_ensemble_classifier.py: the accuracay on the validation set before calibration is 0.935
2019-09-19 18:52:15,649 | train_ensemble_classifier.py: not calibrating
2019-09-19 18:52:15,649 | train_ensemble_classifier.py: not calibrating
2019-09-19 18:52:15,661 | train_ensemble_classifier.py: the accuracay on the validation set after calibration is 0.935
2019-09-19 18:52:15,661 | train_ensemble_classifier.py: calibrating  extra_trees
2019-09-19 18:52:18,264 | train_ensemble_classifier.py: the accuracay on the validation set before calibration is 0.9601990049751243
2019-09-19 18:52:18,264 | train_ensemble_classifier.py: not calibrating
2019-09-19 18:52:18,264 | train_ensemble_classifier.py: not calibrating
2019-09-19 18:52:18,351 | train_ensemble_classifier.py: the accuracay on the validation set after calibration is 0.9601990049751243
2019-09-19 18:52:18,351 | train_ensemble_classifier.py: entered evaluation function
2019-09-19 18:52:18,922 | train_ensemble_classifier.py: model ensemble: accuracy test: 0.6076076076076076, accuracy train: 0.6223776223776224 | f1 micro test 0.6076076076076076, f1 micro train 0.6223776223776224
2019-09-19 18:52:21,982 | train_ensemble_classifier.py: the accuracay on the validation set before calibration is 0.95
2019-09-19 18:52:21,982 | train_ensemble_classifier.py: not calibrating
2019-09-19 18:52:21,982 | train_ensemble_classifier.py: not calibrating
2019-09-19 18:52:22,073 | train_ensemble_classifier.py: the accuracay on the validation set after calibration is 0.95
2019-09-19 18:52:22,073 | train_ensemble_classifier.py: entered evaluation function
2019-09-19 18:52:22,500 | train_ensemble_classifier.py: model ensemble: accuracy test: 0.29270729270729273, accuracy train: 0.29429429429429427 | f1 micro test 0.29270729270729273, f1 micro train 0.29429429429429427
2019-09-19 18:52:23,531 | train_ensemble_classifier.py: entering the tracking function
