2019-09-20 09:01:18,901 | train_ensemble_classifier.py: intialized training class
2019-09-20 09:01:18,901 | train_ensemble_classifier.py: the metrics are saved to /home/kevin/Dropbox (LSMO)/proj62_guess_oxidation_states/machine_learn_oxstates/metrics
2019-09-20 09:01:18,901 | train_ensemble_classifier.py: the models are saved to /home/kevin/Dropbox (LSMO)/proj62_guess_oxidation_states/machine_learn_oxstates/models
2019-09-20 09:01:18,905 | train_ensemble_classifier.py: the classdistribution is {2: 13379, 1: 3092, 3: 3185, 4: 377, 6: 269, 5: 117}
2019-09-20 09:01:18,964 | train_ensemble_classifier.py: entered the function that trains one fold
2019-09-20 09:01:18,967 | train_ensemble_classifier.py: using smote oversampling
2019-09-20 09:01:18,975 | train_ensemble_classifier.py: entered the function that trains one fold
2019-09-20 09:01:18,977 | train_ensemble_classifier.py: using smote oversampling
2019-09-20 09:01:18,989 | train_ensemble_classifier.py: entered the function that trains one fold
2019-09-20 09:01:18,991 | train_ensemble_classifier.py: using smote oversampling
2019-09-20 09:01:19,000 | train_ensemble_classifier.py: entered the function that trains one fold
2019-09-20 09:01:19,002 | train_ensemble_classifier.py: using smote oversampling
2019-09-20 09:01:19,013 | train_ensemble_classifier.py: entered the function that trains one fold
2019-09-20 09:01:19,020 | train_ensemble_classifier.py: using smote oversampling
2019-09-20 09:01:19,260 | train_ensemble_classifier.py: the training set has shape (17598, 101)
2019-09-20 09:01:19,295 | train_ensemble_classifier.py: entered the function that trains one fold
2019-09-20 09:01:19,302 | train_ensemble_classifier.py: using smote oversampling
2019-09-20 09:01:19,332 | train_ensemble_classifier.py: the training set has shape (17598, 101)
2019-09-20 09:01:19,347 | train_ensemble_classifier.py: the training set has shape (17598, 101)
2019-09-20 09:01:19,357 | train_ensemble_classifier.py: entered the function that trains one fold
2019-09-20 09:01:19,362 | train_ensemble_classifier.py: using smote oversampling
2019-09-20 09:01:19,374 | train_ensemble_classifier.py: entered the function that trains one fold
2019-09-20 09:01:19,376 | train_ensemble_classifier.py: using smote oversampling
2019-09-20 09:01:19,391 | train_ensemble_classifier.py: the training set has shape (17598, 101)
2019-09-20 09:01:19,412 | train_ensemble_classifier.py: entered the function that trains one fold
2019-09-20 09:01:19,416 | train_ensemble_classifier.py: using smote oversampling
2019-09-20 09:01:19,462 | train_ensemble_classifier.py: the training set has shape (17598, 101)
2019-09-20 09:01:19,474 | train_ensemble_classifier.py: entered the function that trains one fold
2019-09-20 09:01:19,475 | train_ensemble_classifier.py: using smote oversampling
2019-09-20 09:01:19,696 | train_ensemble_classifier.py: the training set has shape (17598, 101)
2019-09-20 09:01:19,704 | train_ensemble_classifier.py: the training set has shape (17598, 101)
2019-09-20 09:01:19,769 | train_ensemble_classifier.py: the training set has shape (17598, 101)
2019-09-20 09:01:19,793 | train_ensemble_classifier.py: the training set has shape (17598, 101)
2019-09-20 09:01:19,838 | train_ensemble_classifier.py: the training set has shape (17604, 101)
