2019-09-19 14:50:56,195 | train_ensemble_classifier.py: intialized training class
2019-09-19 14:50:56,196 | train_ensemble_classifier.py: the metrics are saved to /home/kevin/Dropbox (LSMO)/proj62_guess_oxidation_states/machine_learn_oxstates/metrics
2019-09-19 14:50:56,196 | train_ensemble_classifier.py: the models are saved to /home/kevin/Dropbox (LSMO)/proj62_guess_oxidation_states/machine_learn_oxstates/models
2019-09-19 14:50:56,203 | train_ensemble_classifier.py: the classdistribution is {3: 2734, 2: 11579, 1: 2642, 6: 226, 4: 325, 5: 103, 7: 1}
2019-09-19 14:50:56,203 | train_ensemble_classifier.py: will drop class 7 since it has not enough examples
2019-09-19 14:50:56,244 | train_ensemble_classifier.py: entered the function that trains one fold
2019-09-19 14:50:56,249 | train_ensemble_classifier.py: entered the function that trains one fold
2019-09-19 14:50:56,253 | train_ensemble_classifier.py: the training set has shape (999, 93)
2019-09-19 14:50:56,255 | train_ensemble_classifier.py: the training set has shape (1001, 93)
2019-09-19 14:50:56,256 | train_ensemble_classifier.py: the test set has shape (1001, 93)
2019-09-19 14:50:56,256 | train_ensemble_classifier.py: performing hyperparameter optimization
2019-09-19 14:50:56,258 | train_ensemble_classifier.py: the test set has shape (999, 93)
2019-09-19 14:50:56,258 | train_ensemble_classifier.py: performing hyperparameter optimization
2019-09-19 14:52:16,310 | train_ensemble_classifier.py: entered evaluation function
2019-09-19 14:52:16,713 | train_ensemble_classifier.py: model knn: accuracy test: 0.923923923923924, accuracy train: 1.0 | f1 micro test 0.923923923923924, f1 micro train 1.0
2019-09-19 14:52:16,792 | train_ensemble_classifier.py: model gradient_boosting: accuracy test: 0.9409409409409409, accuracy train: 1.0 | f1 micro test 0.9409409409409409, f1 micro train 1.0
2019-09-19 14:52:17,843 | train_ensemble_classifier.py: model extra_trees: accuracy test: 0.94994994994995, accuracy train: 1.0 | f1 micro test 0.94994994994995, f1 micro train 1.0
2019-09-19 14:52:18,997 | train_ensemble_classifier.py: training ensemble model
2019-09-19 14:52:18,997 | train_ensemble_classifier.py: calibrating  knn
2019-09-19 14:52:19,000 | train_ensemble_classifier.py: calibrating using sigmoid regression
2019-09-19 14:52:20,276 | train_ensemble_classifier.py: entered evaluation function
2019-09-19 14:52:20,949 | train_ensemble_classifier.py: model knn: accuracy test: 0.9460539460539461, accuracy train: 1.0 | f1 micro test 0.9460539460539461, f1 micro train 1.0
2019-09-19 14:52:21,036 | train_ensemble_classifier.py: model gradient_boosting: accuracy test: 0.951048951048951, accuracy train: 1.0 | f1 micro test 0.951048951048951, f1 micro train 1.0
2019-09-19 14:52:21,950 | train_ensemble_classifier.py: model extra_trees: accuracy test: 0.9590409590409591, accuracy train: 1.0 | f1 micro test 0.9590409590409591, f1 micro train 1.0
2019-09-19 14:52:22,923 | train_ensemble_classifier.py: training ensemble model
2019-09-19 14:52:22,923 | train_ensemble_classifier.py: calibrating  knn
2019-09-19 14:52:22,926 | train_ensemble_classifier.py: calibrating using sigmoid regression
