2019-09-18 13:17:20,801 | train_ensemble_classifier.py: intialized training class
2019-09-18 13:17:20,801 | train_ensemble_classifier.py: the metrics are saved to /home/kevin/Dropbox (LSMO)/proj62_guess_oxidation_states/machine_learn_oxstates/metrics
2019-09-18 13:17:20,802 | train_ensemble_classifier.py: the models are saved to /home/kevin/Dropbox (LSMO)/proj62_guess_oxidation_states/machine_learn_oxstates/models
2019-09-18 13:17:20,835 | train_ensemble_classifier.py: entered the function that trains one fold
2019-09-18 13:17:20,842 | train_ensemble_classifier.py: entered the function that trains one fold
2019-09-18 13:17:20,848 | train_ensemble_classifier.py: the training set has shape (1498, 102)
2019-09-18 13:17:20,851 | train_ensemble_classifier.py: the training set has shape (1502, 102)
2019-09-18 13:17:20,853 | train_ensemble_classifier.py: the test set has shape (1502, 102)
2019-09-18 13:17:20,853 | train_ensemble_classifier.py: performing hyperparameter optimization
2019-09-18 13:17:20,856 | train_ensemble_classifier.py: the test set has shape (1498, 102)
2019-09-18 13:17:20,856 | train_ensemble_classifier.py: performing hyperparameter optimization
2019-09-18 13:27:00,107 | train_ensemble_classifier.py: entered evaluation function
2019-09-18 13:27:00,758 | train_ensemble_classifier.py: model knn: accuracy test: 0.9532710280373832, accuracy train: 1.0 | f1 micro test 0.9532710280373832, f1 micro train 1.0
2019-09-18 13:27:00,956 | train_ensemble_classifier.py: model gradient_boosting: accuracy test: 0.9719626168224299, accuracy train: 1.0 | f1 micro test 0.9719626168224299, f1 micro train 1.0
2019-09-18 13:27:01,405 | train_ensemble_classifier.py: model extra_trees: accuracy test: 0.9572763684913218, accuracy train: 1.0 | f1 micro test 0.9572763684913218, f1 micro train 1.0
2019-09-18 13:27:01,844 | train_ensemble_classifier.py: training ensemble model
2019-09-18 13:27:12,530 | train_ensemble_classifier.py: entered evaluation function
2019-09-18 13:27:13,210 | train_ensemble_classifier.py: model ensemble: accuracy test: 0.7336448598130841, accuracy train: 0.7250332889480693 | f1 micro test 0.7336448598130842, f1 micro train 0.7250332889480694
2019-09-18 13:27:18,251 | train_ensemble_classifier.py: entered evaluation function
2019-09-18 13:27:18,946 | train_ensemble_classifier.py: model knn: accuracy test: 0.9434087882822902, accuracy train: 1.0 | f1 micro test 0.9434087882822902, f1 micro train 1.0
2019-09-18 13:27:19,110 | train_ensemble_classifier.py: model gradient_boosting: accuracy test: 0.936750998668442, accuracy train: 1.0 | f1 micro test 0.936750998668442, f1 micro train 1.0
2019-09-18 13:27:19,581 | train_ensemble_classifier.py: model extra_trees: accuracy test: 0.9507323568575233, accuracy train: 1.0 | f1 micro test 0.9507323568575233, f1 micro train 1.0
2019-09-18 13:27:20,111 | train_ensemble_classifier.py: training ensemble model
2019-09-18 13:27:33,577 | train_ensemble_classifier.py: entered evaluation function
2019-09-18 13:27:34,426 | train_ensemble_classifier.py: model ensemble: accuracy test: 0.5386151797603196, accuracy train: 0.5260347129506008 | f1 micro test 0.5386151797603196, f1 micro train 0.5260347129506008
2019-09-18 13:27:36,256 | train_ensemble_classifier.py: entering the tracking function
