2019-09-20 07:36:17,507 | train_ensemble_classifier.py: intialized training class
2019-09-20 07:36:17,507 | train_ensemble_classifier.py: the metrics are saved to /home/kevin/Dropbox (LSMO)/proj62_guess_oxidation_states/machine_learn_oxstates/metrics
2019-09-20 07:36:17,507 | train_ensemble_classifier.py: the models are saved to /home/kevin/Dropbox (LSMO)/proj62_guess_oxidation_states/machine_learn_oxstates/models
2019-09-20 07:36:17,514 | train_ensemble_classifier.py: the classdistribution is {2: 13379, 1: 3092, 3: 3185, 4: 377, 6: 269, 5: 117}
2019-09-20 07:36:17,521 | train_ensemble_classifier.py: using smote oversampling
2019-09-20 07:36:17,718 | train_ensemble_classifier.py: entered the function that trains one fold
2019-09-20 07:36:17,748 | train_ensemble_classifier.py: entered the function that trains one fold
2019-09-20 07:36:17,771 | train_ensemble_classifier.py: entered the function that trains one fold
2019-09-20 07:36:17,782 | train_ensemble_classifier.py: the training set has shape (17598, 101)
2019-09-20 07:36:17,788 | train_ensemble_classifier.py: the test set has shape (1956, 101)
2019-09-20 07:36:17,789 | train_ensemble_classifier.py: performing hyperparameter optimization
2019-09-20 07:36:17,805 | train_ensemble_classifier.py: entered the function that trains one fold
2019-09-20 07:36:17,823 | train_ensemble_classifier.py: the training set has shape (17598, 101)
2019-09-20 07:36:17,827 | train_ensemble_classifier.py: the test set has shape (1956, 101)
2019-09-20 07:36:17,828 | train_ensemble_classifier.py: performing hyperparameter optimization
2019-09-20 07:36:17,840 | train_ensemble_classifier.py: entered the function that trains one fold
2019-09-20 07:36:17,841 | train_ensemble_classifier.py: the training set has shape (17598, 101)
2019-09-20 07:36:17,845 | train_ensemble_classifier.py: the test set has shape (1956, 101)
2019-09-20 07:36:17,846 | train_ensemble_classifier.py: performing hyperparameter optimization
2019-09-20 07:36:17,874 | train_ensemble_classifier.py: the training set has shape (17598, 101)
2019-09-20 07:36:17,878 | train_ensemble_classifier.py: the test set has shape (1956, 101)
2019-09-20 07:36:17,878 | train_ensemble_classifier.py: performing hyperparameter optimization
2019-09-20 07:36:17,913 | train_ensemble_classifier.py: the training set has shape (17598, 101)
2019-09-20 07:36:17,917 | train_ensemble_classifier.py: the test set has shape (1956, 101)
2019-09-20 07:36:17,917 | train_ensemble_classifier.py: performing hyperparameter optimization
2019-09-20 08:09:05,702 | train_ensemble_classifier.py: entered the function that trains one fold
2019-09-20 08:09:05,802 | train_ensemble_classifier.py: the training set has shape (17598, 101)
2019-09-20 08:09:05,829 | train_ensemble_classifier.py: the test set has shape (1956, 101)
2019-09-20 08:09:05,843 | train_ensemble_classifier.py: performing hyperparameter optimization
2019-09-20 08:09:05,957 | train_ensemble_classifier.py: entered the function that trains one fold
2019-09-20 08:09:06,104 | train_ensemble_classifier.py: the training set has shape (17598, 101)
2019-09-20 08:09:06,126 | train_ensemble_classifier.py: the test set has shape (1956, 101)
2019-09-20 08:09:06,135 | train_ensemble_classifier.py: performing hyperparameter optimization
2019-09-20 08:09:06,235 | train_ensemble_classifier.py: entered the function that trains one fold
2019-09-20 08:09:06,452 | train_ensemble_classifier.py: the training set has shape (17598, 101)
2019-09-20 08:09:06,479 | train_ensemble_classifier.py: the test set has shape (1956, 101)
2019-09-20 08:09:06,486 | train_ensemble_classifier.py: performing hyperparameter optimization
2019-09-20 08:09:06,666 | train_ensemble_classifier.py: entered the function that trains one fold
2019-09-20 08:09:06,803 | train_ensemble_classifier.py: the training set has shape (17598, 101)
2019-09-20 08:09:06,809 | train_ensemble_classifier.py: the test set has shape (1956, 101)
2019-09-20 08:09:06,809 | train_ensemble_classifier.py: performing hyperparameter optimization
2019-09-20 08:09:06,936 | train_ensemble_classifier.py: entered the function that trains one fold
2019-09-20 08:09:07,034 | train_ensemble_classifier.py: the training set has shape (17604, 101)
2019-09-20 08:09:07,040 | train_ensemble_classifier.py: the test set has shape (1950, 101)
2019-09-20 08:09:07,041 | train_ensemble_classifier.py: performing hyperparameter optimization
