2019-09-19 18:23:27,611 | train_ensemble_classifier.py: intialized training class
2019-09-19 18:23:27,611 | train_ensemble_classifier.py: the metrics are saved to /home/kevin/Dropbox (LSMO)/proj62_guess_oxidation_states/machine_learn_oxstates/metrics
2019-09-19 18:23:27,611 | train_ensemble_classifier.py: the models are saved to /home/kevin/Dropbox (LSMO)/proj62_guess_oxidation_states/machine_learn_oxstates/models
2019-09-19 18:23:27,617 | train_ensemble_classifier.py: the classdistribution is {3: 2734, 2: 11579, 1: 2642, 6: 226, 4: 325, 5: 103, 7: 1}
2019-09-19 18:23:27,617 | train_ensemble_classifier.py: will drop class 7 since it has not enough examples
2019-09-19 18:23:27,665 | train_ensemble_classifier.py: entered the function that trains one fold
2019-09-19 18:23:27,672 | train_ensemble_classifier.py: entered the function that trains one fold
2019-09-19 18:23:27,675 | train_ensemble_classifier.py: the training set has shape (999, 93)
2019-09-19 18:23:27,678 | train_ensemble_classifier.py: the training set has shape (1001, 93)
2019-09-19 18:23:27,679 | train_ensemble_classifier.py: the test set has shape (1001, 93)
2019-09-19 18:23:27,680 | train_ensemble_classifier.py: performing hyperparameter optimization
2019-09-19 18:23:27,682 | train_ensemble_classifier.py: the test set has shape (999, 93)
2019-09-19 18:23:27,682 | train_ensemble_classifier.py: performing hyperparameter optimization
2019-09-19 18:24:42,503 | train_ensemble_classifier.py: entered evaluation function
2019-09-19 18:24:42,994 | train_ensemble_classifier.py: model knn: accuracy test: 0.923923923923924, accuracy train: 1.0 | f1 micro test 0.923923923923924, f1 micro train 1.0
2019-09-19 18:24:43,075 | train_ensemble_classifier.py: model gradient_boosting: accuracy test: 0.9409409409409409, accuracy train: 1.0 | f1 micro test 0.9409409409409409, f1 micro train 1.0
2019-09-19 18:24:43,976 | train_ensemble_classifier.py: model extra_trees: accuracy test: 0.94994994994995, accuracy train: 1.0 | f1 micro test 0.94994994994995, f1 micro train 1.0
2019-09-19 18:24:45,051 | train_ensemble_classifier.py: training ensemble model
2019-09-19 18:24:45,051 | train_ensemble_classifier.py: calibrating  knn
2019-09-19 18:24:45,054 | train_ensemble_classifier.py: not calibrating
2019-09-19 18:24:45,054 | train_ensemble_classifier.py: calibrating  gradient_boosting
2019-09-19 18:24:45,771 | train_ensemble_classifier.py: entered evaluation function
2019-09-19 18:24:46,224 | train_ensemble_classifier.py: model knn: accuracy test: 0.9460539460539461, accuracy train: 1.0 | f1 micro test 0.9460539460539461, f1 micro train 1.0
2019-09-19 18:24:46,291 | train_ensemble_classifier.py: model gradient_boosting: accuracy test: 0.951048951048951, accuracy train: 1.0 | f1 micro test 0.951048951048951, f1 micro train 1.0
2019-09-19 18:24:47,311 | train_ensemble_classifier.py: model extra_trees: accuracy test: 0.9590409590409591, accuracy train: 1.0 | f1 micro test 0.9590409590409591, f1 micro train 1.0
2019-09-19 18:24:48,337 | train_ensemble_classifier.py: training ensemble model
2019-09-19 18:24:48,338 | train_ensemble_classifier.py: calibrating  knn
2019-09-19 18:24:48,341 | train_ensemble_classifier.py: not calibrating
2019-09-19 18:24:48,342 | train_ensemble_classifier.py: calibrating  gradient_boosting
2019-09-19 18:24:52,122 | train_ensemble_classifier.py: not calibrating
2019-09-19 18:24:52,123 | train_ensemble_classifier.py: calibrating  extra_trees
2019-09-19 18:24:55,472 | train_ensemble_classifier.py: not calibrating
2019-09-19 18:24:55,472 | train_ensemble_classifier.py: calibrating  extra_trees
2019-09-19 18:24:57,983 | train_ensemble_classifier.py: not calibrating
2019-09-19 18:24:57,983 | train_ensemble_classifier.py: entered evaluation function
2019-09-19 18:24:58,489 | train_ensemble_classifier.py: model ensemble: accuracy test: 0.6076076076076076, accuracy train: 0.6223776223776224 | f1 micro test 0.6076076076076076, f1 micro train 0.6223776223776224
2019-09-19 18:25:02,140 | train_ensemble_classifier.py: not calibrating
2019-09-19 18:25:02,140 | train_ensemble_classifier.py: entered evaluation function
2019-09-19 18:25:02,637 | train_ensemble_classifier.py: model ensemble: accuracy test: 0.29270729270729273, accuracy train: 0.29429429429429427 | f1 micro test 0.29270729270729273, f1 micro train 0.29429429429429427
2019-09-19 18:25:03,817 | train_ensemble_classifier.py: entering the tracking function
