2019-09-22 18:01:13,643 | train_ensemble_classifier.py: intialized training class
2019-09-22 18:01:13,643 | train_ensemble_classifier.py: the metrics are saved to /home/kevin/Dropbox (LSMO)/proj62_guess_oxidation_states/machine_learn_oxstates/metrics
2019-09-22 18:01:13,643 | train_ensemble_classifier.py: the models are saved to /home/kevin/Dropbox (LSMO)/proj62_guess_oxidation_states/machine_learn_oxstates/models
2019-09-22 18:01:13,649 | train_ensemble_classifier.py: the classdistribution is {2: 13379, 1: 3092, 3: 3185, 4: 377, 5: 117, 6: 269}
2019-09-22 18:01:13,712 | train_ensemble_classifier.py: entered the function that trains one fold
2019-09-22 18:01:13,722 | train_ensemble_classifier.py: entered the function that trains one fold
2019-09-22 18:01:13,727 | train_ensemble_classifier.py: the training set has shape (2499, 85)
2019-09-22 18:01:13,737 | train_ensemble_classifier.py: the training set has shape (2501, 85)
2019-09-22 18:01:13,740 | train_ensemble_classifier.py: the test set has shape (1750, 85)
2019-09-22 18:01:13,741 | train_ensemble_classifier.py: performing hyperparameter optimization
2019-09-22 18:01:13,745 | train_ensemble_classifier.py: the test set has shape (1749, 85)
2019-09-22 18:01:13,745 | train_ensemble_classifier.py: performing hyperparameter optimization
2019-09-22 18:25:49,274 | train_ensemble_classifier.py: entered evaluation function
2019-09-22 18:25:52,693 | train_ensemble_classifier.py: model knn: accuracy test: 0.949685534591195, accuracy train: 0.9892340818209782 | f1 micro test 0.949685534591195, f1 micro train 0.9892340818209782
2019-09-22 18:25:52,984 | train_ensemble_classifier.py: model gradient_boosting: accuracy test: 0.9679817038307604, accuracy train: 0.9932328514303291 | f1 micro test 0.9679817038307604, f1 micro train 0.9932328514303291
2019-09-22 18:25:53,169 | train_ensemble_classifier.py: model extra_trees: accuracy test: 0.9725557461406518, accuracy train: 0.9938480467548446 | f1 micro test 0.9725557461406518, f1 micro train 0.9938480467548446
2019-09-22 18:25:53,185 | train_ensemble_classifier.py: training ensemble model
2019-09-22 18:25:53,186 | train_ensemble_classifier.py: calibrating  knn
2019-09-22 18:25:53,743 | train_ensemble_classifier.py: the accuracay on the validation set before calibration is 0.9533333333333334
2019-09-22 18:25:53,744 | train_ensemble_classifier.py: calibrating using sigmoid regression
2019-09-22 18:25:54,228 | train_ensemble_classifier.py: calibrating using sigmoid regression
2019-09-22 18:25:55,243 | train_ensemble_classifier.py: the accuracay on the validation set after calibration is 0.9533333333333334
2019-09-22 18:25:55,243 | train_ensemble_classifier.py: calibrating  gradient_boosting
2019-09-22 18:25:55,275 | train_ensemble_classifier.py: the accuracay on the validation set before calibration is 0.9706666666666667
2019-09-22 18:25:55,276 | train_ensemble_classifier.py: calibrating using sigmoid regression
2019-09-22 18:25:55,323 | train_ensemble_classifier.py: calibrating using sigmoid regression
2019-09-22 18:25:55,410 | train_ensemble_classifier.py: the accuracay on the validation set after calibration is 0.972
2019-09-22 18:25:55,410 | train_ensemble_classifier.py: calibrating  extra_trees
2019-09-22 18:25:55,416 | train_ensemble_classifier.py: the accuracay on the validation set before calibration is 0.9733333333333334
2019-09-22 18:25:55,416 | train_ensemble_classifier.py: calibrating using sigmoid regression
2019-09-22 18:25:55,443 | train_ensemble_classifier.py: calibrating using sigmoid regression
2019-09-22 18:25:55,470 | train_ensemble_classifier.py: the accuracay on the validation set after calibration is 0.972
2019-09-22 18:25:55,470 | train_ensemble_classifier.py: entered evaluation function
2019-09-22 18:25:59,519 | train_ensemble_classifier.py: model ensemble: accuracy test: 0.9708404802744426, accuracy train: 0.9935404490925869 | f1 micro test 0.9708404802744426, f1 micro train 0.9935404490925869
2019-09-22 18:32:15,111 | train_ensemble_classifier.py: entered evaluation function
2019-09-22 18:32:18,055 | train_ensemble_classifier.py: model knn: accuracy test: 0.9594285714285714, accuracy train: 0.988 | f1 micro test 0.9594285714285714, f1 micro train 0.988
2019-09-22 18:32:18,206 | train_ensemble_classifier.py: model gradient_boosting: accuracy test: 0.9674285714285714, accuracy train: 0.9953846153846154 | f1 micro test 0.9674285714285714, f1 micro train 0.9953846153846154
2019-09-22 18:32:18,718 | train_ensemble_classifier.py: model extra_trees: accuracy test: 0.9731428571428572, accuracy train: 0.9938461538461538 | f1 micro test 0.9731428571428572, f1 micro train 0.9938461538461538
2019-09-22 18:32:18,953 | train_ensemble_classifier.py: training ensemble model
2019-09-22 18:32:18,953 | train_ensemble_classifier.py: calibrating  knn
2019-09-22 18:32:19,403 | train_ensemble_classifier.py: the accuracay on the validation set before calibration is 0.948069241011984
2019-09-22 18:32:19,404 | train_ensemble_classifier.py: calibrating using sigmoid regression
2019-09-22 18:32:20,094 | train_ensemble_classifier.py: calibrating using sigmoid regression
2019-09-22 18:32:20,983 | train_ensemble_classifier.py: the accuracay on the validation set after calibration is 0.9467376830892144
2019-09-22 18:32:20,984 | train_ensemble_classifier.py: calibrating  gradient_boosting
2019-09-22 18:32:21,006 | train_ensemble_classifier.py: the accuracay on the validation set before calibration is 0.9800266311584553
2019-09-22 18:32:21,006 | train_ensemble_classifier.py: calibrating using sigmoid regression
2019-09-22 18:32:21,056 | train_ensemble_classifier.py: calibrating using sigmoid regression
2019-09-22 18:32:21,119 | train_ensemble_classifier.py: the accuracay on the validation set after calibration is 0.9760319573901465
2019-09-22 18:32:21,119 | train_ensemble_classifier.py: calibrating  extra_trees
2019-09-22 18:32:21,176 | train_ensemble_classifier.py: the accuracay on the validation set before calibration is 0.9733688415446072
2019-09-22 18:32:21,176 | train_ensemble_classifier.py: calibrating using sigmoid regression
2019-09-22 18:32:21,242 | train_ensemble_classifier.py: calibrating using sigmoid regression
2019-09-22 18:32:21,344 | train_ensemble_classifier.py: the accuracay on the validation set after calibration is 0.9733688415446072
2019-09-22 18:32:21,344 | train_ensemble_classifier.py: entered evaluation function
2019-09-22 18:32:25,103 | train_ensemble_classifier.py: model ensemble: accuracy test: 0.9702857142857143, accuracy train: 0.9935384615384616 | f1 micro test 0.9702857142857143, f1 micro train 0.9935384615384616
2019-09-22 18:32:25,424 | train_ensemble_classifier.py: entering the tracking function
